# JRE version: Java(TM) SE Runtime Environment (8.0_144-b01) (build 1.8.0_144-b01)
# Java VM: Java HotSpot(TM) 64-Bit Server VM (25.144-b01 mixed mode windows-amd64 compressed oops)
Heap:
 PSYoungGen      total 130560K, used 99602K [0x00000000ec580000, 0x00000000f7b80000, 0x0000000100000000)
  eden space 121856K, 74% used [0x00000000ec580000,0x00000000f1e44f78,0x00000000f3c80000)
  from space 8704K, 99% used [0x00000000f3c80000,0x00000000f44ff948,0x00000000f4500000)
  to   space 11264K, 0% used [0x00000000f7080000,0x00000000f7080000,0x00000000f7b80000)
 ParOldGen       total 36864K, used 14270K [0x00000000c5000000, 0x00000000c7400000, 0x00000000ec580000)
  object space 36864K, 38% used [0x00000000c5000000,0x00000000c5def910,0x00000000c7400000)
 Metaspace       used 32888K, capacity 33352K, committed 33792K, reserved 1079296K
  class space    used 4394K, capacity 4513K, committed 4608K, reserved 1048576K
GC Heap History (10 events):
Event: 9.942 GC heap before
{Heap before GC invocations=6 (full 0):
 PSYoungGen      total 33280K, used 33264K [0x00000000ec580000, 0x00000000f0e80000, 0x0000000100000000)
  eden space 30720K, 100% used [0x00000000ec580000,0x00000000ee380000,0x00000000ee380000)
  from space 2560K, 99% used [0x00000000ee380000,0x00000000ee5fc010,0x00000000ee600000)
  to   space 6656K, 0% used [0x00000000f0800000,0x00000000f0800000,0x00000000f0e80000)
 ParOldGen       total 40960K, used 10036K [0x00000000c5000000, 0x00000000c7800000, 0x00000000ec580000)
  object space 40960K, 24% used [0x00000000c5000000,0x00000000c59cd260,0x00000000c7800000)
 Metaspace       used 17535K, capacity 17864K, committed 18048K, reserved 1064960K
  class space    used 2265K, capacity 2369K, committed 2432K, reserved 1048576K
Event: 9.951 GC heap after
Heap after GC invocations=6 (full 0):
 PSYoungGen      total 67584K, used 5620K [0x00000000ec580000, 0x00000000f0f80000, 0x0000000100000000)
  eden space 60928K, 0% used [0x00000000ec580000,0x00000000ec580000,0x00000000f0100000)
  from space 6656K, 84% used [0x00000000f0800000,0x00000000f0d7d248,0x00000000f0e80000)
  to   space 7168K, 0% used [0x00000000f0100000,0x00000000f0100000,0x00000000f0800000)
 ParOldGen       total 40960K, used 10044K [0x00000000c5000000, 0x00000000c7800000, 0x00000000ec580000)
  object space 40960K, 24% used [0x00000000c5000000,0x00000000c59cf260,0x00000000c7800000)
 Metaspace       used 17535K, capacity 17864K, committed 18048K, reserved 1064960K
  class space    used 2265K, capacity 2369K, committed 2432K, reserved 1048576K
}
Event: 10.598 GC heap before
{Heap before GC invocations=7 (full 0):
 PSYoungGen      total 67584K, used 66548K [0x00000000ec580000, 0x00000000f0f80000, 0x0000000100000000)
  eden space 60928K, 100% used [0x00000000ec580000,0x00000000f0100000,0x00000000f0100000)
  from space 6656K, 84% used [0x00000000f0800000,0x00000000f0d7d248,0x00000000f0e80000)
  to   space 7168K, 0% used [0x00000000f0100000,0x00000000f0100000,0x00000000f0800000)
 ParOldGen       total 40960K, used 10044K [0x00000000c5000000, 0x00000000c7800000, 0x00000000ec580000)
  object space 40960K, 24% used [0x00000000c5000000,0x00000000c59cf260,0x00000000c7800000)
 Metaspace       used 20624K, capacity 21002K, committed 21296K, reserved 1067008K
  class space    used 2733K, capacity 2828K, committed 2944K, reserved 1048576K
Event: 10.617 GC heap after
Heap after GC invocations=7 (full 0):
 PSYoungGen      total 68096K, used 7152K [0x00000000ec580000, 0x00000000f4e80000, 0x0000000100000000)
  eden space 60928K, 0% used [0x00000000ec580000,0x00000000ec580000,0x00000000f0100000)
  from space 7168K, 99% used [0x00000000f0100000,0x00000000f07fc170,0x00000000f0800000)
  to   space 9216K, 0% used [0x00000000f4580000,0x00000000f4580000,0x00000000f4e80000)
 ParOldGen       total 40960K, used 12803K [0x00000000c5000000, 0x00000000c7800000, 0x00000000ec580000)
  object space 40960K, 31% used [0x00000000c5000000,0x00000000c5c80e00,0x00000000c7800000)
 Metaspace       used 20624K, capacity 21002K, committed 21296K, reserved 1067008K
  class space    used 2733K, capacity 2828K, committed 2944K, reserved 1048576K
}
Event: 10.829 GC heap before
{Heap before GC invocations=8 (full 0):
 PSYoungGen      total 68096K, used 18545K [0x00000000ec580000, 0x00000000f4e80000, 0x0000000100000000)
  eden space 60928K, 18% used [0x00000000ec580000,0x00000000ed0a0410,0x00000000f0100000)
  from space 7168K, 99% used [0x00000000f0100000,0x00000000f07fc170,0x00000000f0800000)
  to   space 9216K, 0% used [0x00000000f4580000,0x00000000f4580000,0x00000000f4e80000)
 ParOldGen       total 40960K, used 12803K [0x00000000c5000000, 0x00000000c7800000, 0x00000000ec580000)
  object space 40960K, 31% used [0x00000000c5000000,0x00000000c5c80e00,0x00000000c7800000)
 Metaspace       used 20830K, capacity 21162K, committed 21296K, reserved 1067008K
  class space    used 2762K, capacity 2860K, committed 2944K, reserved 1048576K
Event: 10.835 GC heap after
Heap after GC invocations=8 (full 0):
 PSYoungGen      total 130048K, used 4995K [0x00000000ec580000, 0x00000000f4d80000, 0x0000000100000000)
  eden space 121856K, 0% used [0x00000000ec580000,0x00000000ec580000,0x00000000f3c80000)
  from space 8192K, 60% used [0x00000000f4580000,0x00000000f4a60dd8,0x00000000f4d80000)
  to   space 8704K, 0% used [0x00000000f3c80000,0x00000000f3c80000,0x00000000f4500000)
 ParOldGen       total 40960K, used 13415K [0x00000000c5000000, 0x00000000c7800000, 0x00000000ec580000)
  object space 40960K, 32% used [0x00000000c5000000,0x00000000c5d19e10,0x00000000c7800000)
 Metaspace       used 20830K, capacity 21162K, committed 21296K, reserved 1067008K
  class space    used 2762K, capacity 2860K, committed 2944K, reserved 1048576K
}
Event: 10.835 GC heap before
{Heap before GC invocations=9 (full 1):
 PSYoungGen      total 130048K, used 4995K [0x00000000ec580000, 0x00000000f4d80000, 0x0000000100000000)
  eden space 121856K, 0% used [0x00000000ec580000,0x00000000ec580000,0x00000000f3c80000)
  from space 8192K, 60% used [0x00000000f4580000,0x00000000f4a60dd8,0x00000000f4d80000)
  to   space 8704K, 0% used [0x00000000f3c80000,0x00000000f3c80000,0x00000000f4500000)
 ParOldGen       total 40960K, used 13415K [0x00000000c5000000, 0x00000000c7800000, 0x00000000ec580000)
  object space 40960K, 32% used [0x00000000c5000000,0x00000000c5d19e10,0x00000000c7800000)
 Metaspace       used 20830K, capacity 21162K, committed 21296K, reserved 1067008K
  class space    used 2762K, capacity 2860K, committed 2944K, reserved 1048576K
Event: 10.999 GC heap after
Heap after GC invocations=9 (full 1):
 PSYoungGen      total 130048K, used 0K [0x00000000ec580000, 0x00000000f4d80000, 0x0000000100000000)
  eden space 121856K, 0% used [0x00000000ec580000,0x00000000ec580000,0x00000000f3c80000)
  from space 8192K, 0% used [0x00000000f4580000,0x00000000f4580000,0x00000000f4d80000)
  to   space 8704K, 0% used [0x00000000f3c80000,0x00000000f3c80000,0x00000000f4500000)
 ParOldGen       total 36864K, used 10874K [0x00000000c5000000, 0x00000000c7400000, 0x00000000ec580000)
  object space 36864K, 29% used [0x00000000c5000000,0x00000000c5a9e848,0x00000000c7400000)
 Metaspace       used 20830K, capacity 21162K, committed 21296K, reserved 1067008K
  class space    used 2762K, capacity 2860K, committed 2944K, reserved 1048576K
}
Event: 14.442 GC heap before
{Heap before GC invocations=10 (full 1):
 PSYoungGen      total 130048K, used 121856K [0x00000000ec580000, 0x00000000f4d80000, 0x0000000100000000)
  eden space 121856K, 100% used [0x00000000ec580000,0x00000000f3c80000,0x00000000f3c80000)
  from space 8192K, 0% used [0x00000000f4580000,0x00000000f4580000,0x00000000f4d80000)
  to   space 8704K, 0% used [0x00000000f3c80000,0x00000000f3c80000,0x00000000f4500000)
 ParOldGen       total 36864K, used 10874K [0x00000000c5000000, 0x00000000c7400000, 0x00000000ec580000)
  object space 36864K, 29% used [0x00000000c5000000,0x00000000c5a9e848,0x00000000c7400000)
 Metaspace       used 25884K, capacity 26238K, committed 26368K, reserved 1073152K
  class space    used 3462K, capacity 3578K, committed 3584K, reserved 1048576K
Event: 14.470 GC heap after
Heap after GC invocations=10 (full 1):
 PSYoungGen      total 130560K, used 8702K [0x00000000ec580000, 0x00000000f7b80000, 0x0000000100000000)
  eden space 121856K, 0% used [0x00000000ec580000,0x00000000ec580000,0x00000000f3c80000)
  from space 8704K, 99% used [0x00000000f3c80000,0x00000000f44ff948,0x00000000f4500000)
  to   space 11264K, 0% used [0x00000000f7080000,0x00000000f7080000,0x00000000f7b80000)
 ParOldGen       total 36864K, used 14270K [0x00000000c5000000, 0x00000000c7400000, 0x00000000ec580000)
  object space 36864K, 38% used [0x00000000c5000000,0x00000000c5def910,0x00000000c7400000)
 Metaspace       used 25884K, capacity 26238K, committed 26368K, reserved 1073152K
  class space    used 3462K, capacity 3578K, committed 3584K, reserved 1048576K
}

