# JRE version: Java(TM) SE Runtime Environment (8.0_144-b01) (build 1.8.0_144-b01)
# Java VM: Java HotSpot(TM) 64-Bit Server VM (25.144-b01 mixed mode windows-amd64 compressed oops)
Heap:
 PSYoungGen      total 296448K, used 91380K [0x00000000ec580000, 0x0000000100000000, 0x0000000100000000)
  eden space 270848K, 33% used [0x00000000ec580000,0x00000000f1ebd198,0x00000000fce00000)
  from space 25600K, 0% used [0x00000000fce00000,0x00000000fce00000,0x00000000fe700000)
  to   space 25600K, 0% used [0x00000000fe700000,0x00000000fe700000,0x0000000100000000)
 ParOldGen       total 97792K, used 43046K [0x00000000c5000000, 0x00000000caf80000, 0x00000000ec580000)
  object space 97792K, 44% used [0x00000000c5000000,0x00000000c7a09bb0,0x00000000caf80000)
 Metaspace       used 62905K, capacity 63900K, committed 64128K, reserved 1105920K
  class space    used 7706K, capacity 7960K, committed 8064K, reserved 1048576K
GC Heap History (10 events):
Event: 104.665 GC heap before
{Heap before GC invocations=20 (full 4):
 PSYoungGen      total 299008K, used 1944K [0x00000000ec580000, 0x0000000100000000, 0x0000000100000000)
  eden space 275968K, 0% used [0x00000000ec580000,0x00000000ec580000,0x00000000fd300000)
  from space 23040K, 8% used [0x00000000fe980000,0x00000000feb66088,0x0000000100000000)
  to   space 23040K, 0% used [0x00000000fd300000,0x00000000fd300000,0x00000000fe980000)
 ParOldGen       total 97792K, used 44347K [0x00000000c5000000, 0x00000000caf80000, 0x00000000ec580000)
  object space 97792K, 45% used [0x00000000c5000000,0x00000000c7b4efb8,0x00000000caf80000)
 Metaspace       used 59828K, capacity 60634K, committed 60952K, reserved 1101824K
  class space    used 7521K, capacity 7717K, committed 7808K, reserved 1048576K
Event: 105.004 GC heap after
Heap after GC invocations=20 (full 4):
 PSYoungGen      total 299008K, used 0K [0x00000000ec580000, 0x0000000100000000, 0x0000000100000000)
  eden space 275968K, 0% used [0x00000000ec580000,0x00000000ec580000,0x00000000fd300000)
  from space 23040K, 0% used [0x00000000fe980000,0x00000000fe980000,0x0000000100000000)
  to   space 23040K, 0% used [0x00000000fd300000,0x00000000fd300000,0x00000000fe980000)
 ParOldGen       total 97792K, used 42404K [0x00000000c5000000, 0x00000000caf80000, 0x00000000ec580000)
  object space 97792K, 43% used [0x00000000c5000000,0x00000000c7969128,0x00000000caf80000)
 Metaspace       used 59828K, capacity 60634K, committed 60952K, reserved 1101824K
  class space    used 7521K, capacity 7717K, committed 7808K, reserved 1048576K
}
Event: 111.179 GC heap before
{Heap before GC invocations=21 (full 4):
 PSYoungGen      total 299008K, used 275968K [0x00000000ec580000, 0x0000000100000000, 0x0000000100000000)
  eden space 275968K, 100% used [0x00000000ec580000,0x00000000fd300000,0x00000000fd300000)
  from space 23040K, 0% used [0x00000000fe980000,0x00000000fe980000,0x0000000100000000)
  to   space 23040K, 0% used [0x00000000fd300000,0x00000000fd300000,0x00000000fe980000)
 ParOldGen       total 97792K, used 42404K [0x00000000c5000000, 0x00000000caf80000, 0x00000000ec580000)
  object space 97792K, 43% used [0x00000000c5000000,0x00000000c7969128,0x00000000caf80000)
 Metaspace       used 61227K, capacity 62142K, committed 62464K, reserved 1103872K
  class space    used 7609K, capacity 7839K, committed 7936K, reserved 1048576K
Event: 111.193 GC heap after
Heap after GC invocations=21 (full 4):
 PSYoungGen      total 291840K, used 15734K [0x00000000ec580000, 0x0000000100000000, 0x0000000100000000)
  eden space 275968K, 0% used [0x00000000ec580000,0x00000000ec580000,0x00000000fd300000)
  from space 15872K, 99% used [0x00000000fd300000,0x00000000fe25d9a0,0x00000000fe280000)
  to   space 24064K, 0% used [0x00000000fe880000,0x00000000fe880000,0x0000000100000000)
 ParOldGen       total 97792K, used 42412K [0x00000000c5000000, 0x00000000caf80000, 0x00000000ec580000)
  object space 97792K, 43% used [0x00000000c5000000,0x00000000c796b128,0x00000000caf80000)
 Metaspace       used 61227K, capacity 62142K, committed 62464K, reserved 1103872K
  class space    used 7609K, capacity 7839K, committed 7936K, reserved 1048576K
}
Event: 297.107 GC heap before
{Heap before GC invocations=22 (full 4):
 PSYoungGen      total 291840K, used 291702K [0x00000000ec580000, 0x0000000100000000, 0x0000000100000000)
  eden space 275968K, 100% used [0x00000000ec580000,0x00000000fd300000,0x00000000fd300000)
  from space 15872K, 99% used [0x00000000fd300000,0x00000000fe25d9a0,0x00000000fe280000)
  to   space 24064K, 0% used [0x00000000fe880000,0x00000000fe880000,0x0000000100000000)
 ParOldGen       total 97792K, used 42412K [0x00000000c5000000, 0x00000000caf80000, 0x00000000ec580000)
  object space 97792K, 43% used [0x00000000c5000000,0x00000000c796b128,0x00000000caf80000)
 Metaspace       used 62658K, capacity 63670K, committed 63744K, reserved 1105920K
  class space    used 7682K, capacity 7923K, committed 7936K, reserved 1048576K
Event: 297.119 GC heap after
Heap after GC invocations=22 (full 4):
 PSYoungGen      total 294912K, used 17048K [0x00000000ec580000, 0x0000000100000000, 0x0000000100000000)
  eden space 270848K, 0% used [0x00000000ec580000,0x00000000ec580000,0x00000000fce00000)
  from space 24064K, 70% used [0x00000000fe880000,0x00000000ff9260d8,0x0000000100000000)
  to   space 25600K, 0% used [0x00000000fce00000,0x00000000fce00000,0x00000000fe700000)
 ParOldGen       total 97792K, used 42420K [0x00000000c5000000, 0x00000000caf80000, 0x00000000ec580000)
  object space 97792K, 43% used [0x00000000c5000000,0x00000000c796d128,0x00000000caf80000)
 Metaspace       used 62658K, capacity 63670K, committed 63744K, reserved 1105920K
  class space    used 7682K, capacity 7923K, committed 7936K, reserved 1048576K
}
Event: 596.794 GC heap before
{Heap before GC invocations=23 (full 4):
 PSYoungGen      total 294912K, used 156320K [0x00000000ec580000, 0x0000000100000000, 0x0000000100000000)
  eden space 270848K, 51% used [0x00000000ec580000,0x00000000f4d82098,0x00000000fce00000)
  from space 24064K, 70% used [0x00000000fe880000,0x00000000ff9260d8,0x0000000100000000)
  to   space 25600K, 0% used [0x00000000fce00000,0x00000000fce00000,0x00000000fe700000)
 ParOldGen       total 97792K, used 42420K [0x00000000c5000000, 0x00000000caf80000, 0x00000000ec580000)
  object space 97792K, 43% used [0x00000000c5000000,0x00000000c796d128,0x00000000caf80000)
 Metaspace       used 62670K, capacity 63682K, committed 63744K, reserved 1105920K
  class space    used 7683K, capacity 7926K, committed 7936K, reserved 1048576K
Event: 596.804 GC heap after
Heap after GC invocations=23 (full 4):
 PSYoungGen      total 296448K, used 14384K [0x00000000ec580000, 0x0000000100000000, 0x0000000100000000)
  eden space 270848K, 0% used [0x00000000ec580000,0x00000000ec580000,0x00000000fce00000)
  from space 25600K, 56% used [0x00000000fce00000,0x00000000fdc0c090,0x00000000fe700000)
  to   space 25600K, 0% used [0x00000000fe700000,0x00000000fe700000,0x0000000100000000)
 ParOldGen       total 97792K, used 42428K [0x00000000c5000000, 0x00000000caf80000, 0x00000000ec580000)
  object space 97792K, 43% used [0x00000000c5000000,0x00000000c796f128,0x00000000caf80000)
 Metaspace       used 62670K, capacity 63682K, committed 63744K, reserved 1105920K
  class space    used 7683K, capacity 7926K, committed 7936K, reserved 1048576K
}
Event: 596.804 GC heap before
{Heap before GC invocations=24 (full 5):
 PSYoungGen      total 296448K, used 14384K [0x00000000ec580000, 0x0000000100000000, 0x0000000100000000)
  eden space 270848K, 0% used [0x00000000ec580000,0x00000000ec580000,0x00000000fce00000)
  from space 25600K, 56% used [0x00000000fce00000,0x00000000fdc0c090,0x00000000fe700000)
  to   space 25600K, 0% used [0x00000000fe700000,0x00000000fe700000,0x0000000100000000)
 ParOldGen       total 97792K, used 42428K [0x00000000c5000000, 0x00000000caf80000, 0x00000000ec580000)
  object space 97792K, 43% used [0x00000000c5000000,0x00000000c796f128,0x00000000caf80000)
 Metaspace       used 62670K, capacity 63682K, committed 63744K, reserved 1105920K
  class space    used 7683K, capacity 7926K, committed 7936K, reserved 1048576K
Event: 597.019 GC heap after
Heap after GC invocations=24 (full 5):
 PSYoungGen      total 296448K, used 0K [0x00000000ec580000, 0x0000000100000000, 0x0000000100000000)
  eden space 270848K, 0% used [0x00000000ec580000,0x00000000ec580000,0x00000000fce00000)
  from space 25600K, 0% used [0x00000000fce00000,0x00000000fce00000,0x00000000fe700000)
  to   space 25600K, 0% used [0x00000000fe700000,0x00000000fe700000,0x0000000100000000)
 ParOldGen       total 97792K, used 43046K [0x00000000c5000000, 0x00000000caf80000, 0x00000000ec580000)
  object space 97792K, 44% used [0x00000000c5000000,0x00000000c7a09bb0,0x00000000caf80000)
 Metaspace       used 62649K, capacity 63646K, committed 63744K, reserved 1105920K
  class space    used 7680K, capacity 7919K, committed 7936K, reserved 1048576K
}

