# JRE version: Java(TM) SE Runtime Environment (8.0_144-b01) (build 1.8.0_144-b01)
# Java VM: Java HotSpot(TM) 64-Bit Server VM (25.144-b01 mixed mode windows-amd64 compressed oops)
Heap:
 PSYoungGen      total 161280K, used 79711K [0x00000000ec580000, 0x00000000f7580000, 0x0000000100000000)
  eden space 144896K, 45% used [0x00000000ec580000,0x00000000f0657038,0x00000000f5300000)
  from space 16384K, 81% used [0x00000000f6400000,0x00000000f7100c78,0x00000000f7400000)
  to   space 17408K, 0% used [0x00000000f5300000,0x00000000f5300000,0x00000000f6400000)
 ParOldGen       total 64000K, used 23230K [0x00000000c5000000, 0x00000000c8e80000, 0x00000000ec580000)
  object space 64000K, 36% used [0x00000000c5000000,0x00000000c66af9d0,0x00000000c8e80000)
 Metaspace       used 50749K, capacity 51236K, committed 51712K, reserved 1093632K
  class space    used 6670K, capacity 6791K, committed 6912K, reserved 1048576K
GC Heap History (10 events):
Event: 3.136 GC heap before
{Heap before GC invocations=10 (full 1):
 PSYoungGen      total 97792K, used 97706K [0x00000000ec580000, 0x00000000f4a80000, 0x0000000100000000)
  eden space 92672K, 100% used [0x00000000ec580000,0x00000000f2000000,0x00000000f2000000)
  from space 5120K, 98% used [0x00000000f4580000,0x00000000f4a6a840,0x00000000f4a80000)
  to   space 8704K, 0% used [0x00000000f3980000,0x00000000f3980000,0x00000000f4200000)
 ParOldGen       total 37376K, used 10627K [0x00000000c5000000, 0x00000000c7480000, 0x00000000ec580000)
  object space 37376K, 28% used [0x00000000c5000000,0x00000000c5a60f68,0x00000000c7480000)
 Metaspace       used 28823K, capacity 29162K, committed 29440K, reserved 1075200K
  class space    used 3649K, capacity 3740K, committed 3840K, reserved 1048576K
Event: 3.150 GC heap after
Heap after GC invocations=10 (full 1):
 PSYoungGen      total 127488K, used 8675K [0x00000000ec580000, 0x00000000f5180000, 0x0000000100000000)
  eden space 118784K, 0% used [0x00000000ec580000,0x00000000ec580000,0x00000000f3980000)
  from space 8704K, 99% used [0x00000000f3980000,0x00000000f41f8c48,0x00000000f4200000)
  to   space 11264K, 0% used [0x00000000f4680000,0x00000000f4680000,0x00000000f5180000)
 ParOldGen       total 37376K, used 14681K [0x00000000c5000000, 0x00000000c7480000, 0x00000000ec580000)
  object space 37376K, 39% used [0x00000000c5000000,0x00000000c5e566c0,0x00000000c7480000)
 Metaspace       used 28823K, capacity 29162K, committed 29440K, reserved 1075200K
  class space    used 3649K, capacity 3740K, committed 3840K, reserved 1048576K
}
Event: 3.779 GC heap before
{Heap before GC invocations=11 (full 1):
 PSYoungGen      total 127488K, used 88716K [0x00000000ec580000, 0x00000000f5180000, 0x0000000100000000)
  eden space 118784K, 67% used [0x00000000ec580000,0x00000000f13aa680,0x00000000f3980000)
  from space 8704K, 99% used [0x00000000f3980000,0x00000000f41f8c48,0x00000000f4200000)
  to   space 11264K, 0% used [0x00000000f4680000,0x00000000f4680000,0x00000000f5180000)
 ParOldGen       total 37376K, used 14681K [0x00000000c5000000, 0x00000000c7480000, 0x00000000ec580000)
  object space 37376K, 39% used [0x00000000c5000000,0x00000000c5e566c0,0x00000000c7480000)
 Metaspace       used 34904K, capacity 35220K, committed 35416K, reserved 1081344K
  class space    used 4482K, capacity 4579K, committed 4608K, reserved 1048576K
Event: 3.791 GC heap after
Heap after GC invocations=11 (full 1):
 PSYoungGen      total 129024K, used 11257K [0x00000000ec580000, 0x00000000f7800000, 0x0000000100000000)
  eden space 117760K, 0% used [0x00000000ec580000,0x00000000ec580000,0x00000000f3880000)
  from space 11264K, 99% used [0x00000000f4680000,0x00000000f517e620,0x00000000f5180000)
  to   space 14336K, 0% used [0x00000000f3880000,0x00000000f3880000,0x00000000f4680000)
 ParOldGen       total 37376K, used 19023K [0x00000000c5000000, 0x00000000c7480000, 0x00000000ec580000)
  object space 37376K, 50% used [0x00000000c5000000,0x00000000c6293f00,0x00000000c7480000)
 Metaspace       used 34904K, capacity 35220K, committed 35416K, reserved 1081344K
  class space    used 4482K, capacity 4579K, committed 4608K, reserved 1048576K
}
Event: 3.791 GC heap before
{Heap before GC invocations=12 (full 2):
 PSYoungGen      total 129024K, used 11257K [0x00000000ec580000, 0x00000000f7800000, 0x0000000100000000)
  eden space 117760K, 0% used [0x00000000ec580000,0x00000000ec580000,0x00000000f3880000)
  from space 11264K, 99% used [0x00000000f4680000,0x00000000f517e620,0x00000000f5180000)
  to   space 14336K, 0% used [0x00000000f3880000,0x00000000f3880000,0x00000000f4680000)
 ParOldGen       total 37376K, used 19023K [0x00000000c5000000, 0x00000000c7480000, 0x00000000ec580000)
  object space 37376K, 50% used [0x00000000c5000000,0x00000000c6293f00,0x00000000c7480000)
 Metaspace       used 34904K, capacity 35220K, committed 35416K, reserved 1081344K
  class space    used 4482K, capacity 4579K, committed 4608K, reserved 1048576K
Event: 3.857 GC heap after
Heap after GC invocations=12 (full 2):
 PSYoungGen      total 129024K, used 0K [0x00000000ec580000, 0x00000000f7800000, 0x0000000100000000)
  eden space 117760K, 0% used [0x00000000ec580000,0x00000000ec580000,0x00000000f3880000)
  from space 11264K, 0% used [0x00000000f4680000,0x00000000f4680000,0x00000000f5180000)
  to   space 14336K, 0% used [0x00000000f3880000,0x00000000f3880000,0x00000000f4680000)
 ParOldGen       total 64000K, used 23214K [0x00000000c5000000, 0x00000000c8e80000, 0x00000000ec580000)
  object space 64000K, 36% used [0x00000000c5000000,0x00000000c66ab9d0,0x00000000c8e80000)
 Metaspace       used 34904K, capacity 35220K, committed 35416K, reserved 1081344K
  class space    used 4482K, capacity 4579K, committed 4608K, reserved 1048576K
}
Event: 5.822 GC heap before
{Heap before GC invocations=13 (full 2):
 PSYoungGen      total 129024K, used 117760K [0x00000000ec580000, 0x00000000f7800000, 0x0000000100000000)
  eden space 117760K, 100% used [0x00000000ec580000,0x00000000f3880000,0x00000000f3880000)
  from space 11264K, 0% used [0x00000000f4680000,0x00000000f4680000,0x00000000f5180000)
  to   space 14336K, 0% used [0x00000000f3880000,0x00000000f3880000,0x00000000f4680000)
 ParOldGen       total 64000K, used 23214K [0x00000000c5000000, 0x00000000c8e80000, 0x00000000ec580000)
  object space 64000K, 36% used [0x00000000c5000000,0x00000000c66ab9d0,0x00000000c8e80000)
 Metaspace       used 44557K, capacity 44980K, committed 45440K, reserved 1089536K
  class space    used 5828K, capacity 5939K, committed 6016K, reserved 1048576K
Event: 5.841 GC heap after
Heap after GC invocations=13 (full 2):
 PSYoungGen      total 132096K, used 13735K [0x00000000ec580000, 0x00000000f7400000, 0x0000000100000000)
  eden space 117760K, 0% used [0x00000000ec580000,0x00000000ec580000,0x00000000f3880000)
  from space 14336K, 95% used [0x00000000f3880000,0x00000000f45e9f58,0x00000000f4680000)
  to   space 16384K, 0% used [0x00000000f6400000,0x00000000f6400000,0x00000000f7400000)
 ParOldGen       total 64000K, used 23222K [0x00000000c5000000, 0x00000000c8e80000, 0x00000000ec580000)
  object space 64000K, 36% used [0x00000000c5000000,0x00000000c66ad9d0,0x00000000c8e80000)
 Metaspace       used 44557K, capacity 44980K, committed 45440K, reserved 1089536K
  class space    used 5828K, capacity 5939K, committed 6016K, reserved 1048576K
}
Event: 6.671 GC heap before
{Heap before GC invocations=14 (full 2):
 PSYoungGen      total 132096K, used 131495K [0x00000000ec580000, 0x00000000f7400000, 0x0000000100000000)
  eden space 117760K, 100% used [0x00000000ec580000,0x00000000f3880000,0x00000000f3880000)
  from space 14336K, 95% used [0x00000000f3880000,0x00000000f45e9f58,0x00000000f4680000)
  to   space 16384K, 0% used [0x00000000f6400000,0x00000000f6400000,0x00000000f7400000)
 ParOldGen       total 64000K, used 23222K [0x00000000c5000000, 0x00000000c8e80000, 0x00000000ec580000)
  object space 64000K, 36% used [0x00000000c5000000,0x00000000c66ad9d0,0x00000000c8e80000)
 Metaspace       used 46896K, capacity 47256K, committed 47488K, reserved 1091584K
  class space    used 6145K, capacity 6265K, committed 6272K, reserved 1048576K
Event: 6.684 GC heap after
Heap after GC invocations=14 (full 2):
 PSYoungGen      total 161280K, used 13315K [0x00000000ec580000, 0x00000000f7580000, 0x0000000100000000)
  eden space 144896K, 0% used [0x00000000ec580000,0x00000000ec580000,0x00000000f5300000)
  from space 16384K, 81% used [0x00000000f6400000,0x00000000f7100c78,0x00000000f7400000)
  to   space 17408K, 0% used [0x00000000f5300000,0x00000000f5300000,0x00000000f6400000)
 ParOldGen       total 64000K, used 23230K [0x00000000c5000000, 0x00000000c8e80000, 0x00000000ec580000)
  object space 64000K, 36% used [0x00000000c5000000,0x00000000c66af9d0,0x00000000c8e80000)
 Metaspace       used 46896K, capacity 47256K, committed 47488K, reserved 1091584K
  class space    used 6145K, capacity 6265K, committed 6272K, reserved 1048576K
}

