# JRE version: Java(TM) SE Runtime Environment (8.0_144-b01) (build 1.8.0_144-b01)
# Java VM: Java HotSpot(TM) 64-Bit Server VM (25.144-b01 mixed mode windows-amd64 compressed oops)
Heap:
 PSYoungGen      total 218112K, used 114363K [0x00000000ec580000, 0x00000000fdd00000, 0x0000000100000000)
  eden space 196608K, 58% used [0x00000000ec580000,0x00000000f352ec60,0x00000000f8580000)
  from space 21504K, 0% used [0x00000000f8580000,0x00000000f8580000,0x00000000f9a80000)
  to   space 20992K, 0% used [0x00000000fc880000,0x00000000fc880000,0x00000000fdd00000)
 ParOldGen       total 61440K, used 40029K [0x00000000c5000000, 0x00000000c8c00000, 0x00000000ec580000)
  object space 61440K, 65% used [0x00000000c5000000,0x00000000c7717770,0x00000000c8c00000)
 Metaspace       used 65194K, capacity 66176K, committed 66432K, reserved 1107968K
  class space    used 8091K, capacity 8285K, committed 8320K, reserved 1048576K
GC Heap History (10 events):
Event: 12.129 GC heap before
{Heap before GC invocations=14 (full 2):
 PSYoungGen      total 134144K, used 120320K [0x00000000ec580000, 0x00000000f7f80000, 0x0000000100000000)
  eden space 120320K, 100% used [0x00000000ec580000,0x00000000f3b00000,0x00000000f3b00000)
  from space 13824K, 0% used [0x00000000f3b00000,0x00000000f3b00000,0x00000000f4880000)
  to   space 13824K, 0% used [0x00000000f7200000,0x00000000f7200000,0x00000000f7f80000)
 ParOldGen       total 61440K, used 22030K [0x00000000c5000000, 0x00000000c8c00000, 0x00000000ec580000)
  object space 61440K, 35% used [0x00000000c5000000,0x00000000c6583a58,0x00000000c8c00000)
 Metaspace       used 44261K, capacity 44682K, committed 44928K, reserved 1089536K
  class space    used 5637K, capacity 5736K, committed 5760K, reserved 1048576K
Event: 12.143 GC heap after
Heap after GC invocations=14 (full 2):
 PSYoungGen      total 169984K, used 13821K [0x00000000ec580000, 0x00000000f7f80000, 0x0000000100000000)
  eden space 156160K, 0% used [0x00000000ec580000,0x00000000ec580000,0x00000000f5e00000)
  from space 13824K, 99% used [0x00000000f7200000,0x00000000f7f7f538,0x00000000f7f80000)
  to   space 16384K, 0% used [0x00000000f5f80000,0x00000000f5f80000,0x00000000f6f80000)
 ParOldGen       total 61440K, used 22958K [0x00000000c5000000, 0x00000000c8c00000, 0x00000000ec580000)
  object space 61440K, 37% used [0x00000000c5000000,0x00000000c666ba00,0x00000000c8c00000)
 Metaspace       used 44261K, capacity 44682K, committed 44928K, reserved 1089536K
  class space    used 5637K, capacity 5736K, committed 5760K, reserved 1048576K
}
Event: 14.150 GC heap before
{Heap before GC invocations=15 (full 2):
 PSYoungGen      total 169984K, used 169981K [0x00000000ec580000, 0x00000000f7f80000, 0x0000000100000000)
  eden space 156160K, 100% used [0x00000000ec580000,0x00000000f5e00000,0x00000000f5e00000)
  from space 13824K, 99% used [0x00000000f7200000,0x00000000f7f7f538,0x00000000f7f80000)
  to   space 16384K, 0% used [0x00000000f5f80000,0x00000000f5f80000,0x00000000f6f80000)
 ParOldGen       total 61440K, used 22958K [0x00000000c5000000, 0x00000000c8c00000, 0x00000000ec580000)
  object space 61440K, 37% used [0x00000000c5000000,0x00000000c666ba00,0x00000000c8c00000)
 Metaspace       used 49881K, capacity 50612K, committed 50816K, reserved 1093632K
  class space    used 6333K, capacity 6511K, committed 6528K, reserved 1048576K
Event: 14.179 GC heap after
Heap after GC invocations=15 (full 2):
 PSYoungGen      total 174080K, used 13735K [0x00000000ec580000, 0x00000000fac00000, 0x0000000100000000)
  eden space 157696K, 0% used [0x00000000ec580000,0x00000000ec580000,0x00000000f5f80000)
  from space 16384K, 83% used [0x00000000f5f80000,0x00000000f6ce9c90,0x00000000f6f80000)
  to   space 17920K, 0% used [0x00000000f9a80000,0x00000000f9a80000,0x00000000fac00000)
 ParOldGen       total 61440K, used 31766K [0x00000000c5000000, 0x00000000c8c00000, 0x00000000ec580000)
  object space 61440K, 51% used [0x00000000c5000000,0x00000000c6f058b0,0x00000000c8c00000)
 Metaspace       used 49881K, capacity 50612K, committed 50816K, reserved 1093632K
  class space    used 6333K, capacity 6511K, committed 6528K, reserved 1048576K
}
Event: 15.664 GC heap before
{Heap before GC invocations=16 (full 2):
 PSYoungGen      total 174080K, used 171431K [0x00000000ec580000, 0x00000000fac00000, 0x0000000100000000)
  eden space 157696K, 100% used [0x00000000ec580000,0x00000000f5f80000,0x00000000f5f80000)
  from space 16384K, 83% used [0x00000000f5f80000,0x00000000f6ce9c90,0x00000000f6f80000)
  to   space 17920K, 0% used [0x00000000f9a80000,0x00000000f9a80000,0x00000000fac00000)
 ParOldGen       total 61440K, used 31766K [0x00000000c5000000, 0x00000000c8c00000, 0x00000000ec580000)
  object space 61440K, 51% used [0x00000000c5000000,0x00000000c6f058b0,0x00000000c8c00000)
 Metaspace       used 54424K, capacity 55174K, committed 55424K, reserved 1097728K
  class space    used 6862K, capacity 7020K, committed 7040K, reserved 1048576K
Event: 15.693 GC heap after
Heap after GC invocations=16 (full 2):
 PSYoungGen      total 214528K, used 17895K [0x00000000ec580000, 0x00000000fb480000, 0x0000000100000000)
  eden space 196608K, 0% used [0x00000000ec580000,0x00000000ec580000,0x00000000f8580000)
  from space 17920K, 99% used [0x00000000f9a80000,0x00000000fabf9f38,0x00000000fac00000)
  to   space 21504K, 0% used [0x00000000f8580000,0x00000000f8580000,0x00000000f9a80000)
 ParOldGen       total 61440K, used 33432K [0x00000000c5000000, 0x00000000c8c00000, 0x00000000ec580000)
  object space 61440K, 54% used [0x00000000c5000000,0x00000000c70a6178,0x00000000c8c00000)
 Metaspace       used 54424K, capacity 55174K, committed 55424K, reserved 1097728K
  class space    used 6862K, capacity 7020K, committed 7040K, reserved 1048576K
}
Event: 29.100 GC heap before
{Heap before GC invocations=17 (full 2):
 PSYoungGen      total 214528K, used 87840K [0x00000000ec580000, 0x00000000fb480000, 0x0000000100000000)
  eden space 196608K, 35% used [0x00000000ec580000,0x00000000f09ce308,0x00000000f8580000)
  from space 17920K, 99% used [0x00000000f9a80000,0x00000000fabf9f38,0x00000000fac00000)
  to   space 21504K, 0% used [0x00000000f8580000,0x00000000f8580000,0x00000000f9a80000)
 ParOldGen       total 61440K, used 33432K [0x00000000c5000000, 0x00000000c8c00000, 0x00000000ec580000)
  object space 61440K, 54% used [0x00000000c5000000,0x00000000c70a6178,0x00000000c8c00000)
 Metaspace       used 58202K, capacity 58954K, committed 59160K, reserved 1101824K
  class space    used 7317K, capacity 7482K, committed 7552K, reserved 1048576K
Event: 29.119 GC heap after
Heap after GC invocations=17 (full 2):
 PSYoungGen      total 218112K, used 4268K [0x00000000ec580000, 0x00000000fdd00000, 0x0000000100000000)
  eden space 196608K, 0% used [0x00000000ec580000,0x00000000ec580000,0x00000000f8580000)
  from space 21504K, 19% used [0x00000000f8580000,0x00000000f89ab088,0x00000000f9a80000)
  to   space 20992K, 0% used [0x00000000fc880000,0x00000000fc880000,0x00000000fdd00000)
 ParOldGen       total 61440K, used 45868K [0x00000000c5000000, 0x00000000c8c00000, 0x00000000ec580000)
  object space 61440K, 74% used [0x00000000c5000000,0x00000000c7ccb218,0x00000000c8c00000)
 Metaspace       used 58202K, capacity 58954K, committed 59160K, reserved 1101824K
  class space    used 7317K, capacity 7482K, committed 7552K, reserved 1048576K
}
Event: 29.119 GC heap before
{Heap before GC invocations=18 (full 3):
 PSYoungGen      total 218112K, used 4268K [0x00000000ec580000, 0x00000000fdd00000, 0x0000000100000000)
  eden space 196608K, 0% used [0x00000000ec580000,0x00000000ec580000,0x00000000f8580000)
  from space 21504K, 19% used [0x00000000f8580000,0x00000000f89ab088,0x00000000f9a80000)
  to   space 20992K, 0% used [0x00000000fc880000,0x00000000fc880000,0x00000000fdd00000)
 ParOldGen       total 61440K, used 45868K [0x00000000c5000000, 0x00000000c8c00000, 0x00000000ec580000)
  object space 61440K, 74% used [0x00000000c5000000,0x00000000c7ccb218,0x00000000c8c00000)
 Metaspace       used 58202K, capacity 58954K, committed 59160K, reserved 1101824K
  class space    used 7317K, capacity 7482K, committed 7552K, reserved 1048576K
Event: 29.337 GC heap after
Heap after GC invocations=18 (full 3):
 PSYoungGen      total 218112K, used 0K [0x00000000ec580000, 0x00000000fdd00000, 0x0000000100000000)
  eden space 196608K, 0% used [0x00000000ec580000,0x00000000ec580000,0x00000000f8580000)
  from space 21504K, 0% used [0x00000000f8580000,0x00000000f8580000,0x00000000f9a80000)
  to   space 20992K, 0% used [0x00000000fc880000,0x00000000fc880000,0x00000000fdd00000)
 ParOldGen       total 61440K, used 40029K [0x00000000c5000000, 0x00000000c8c00000, 0x00000000ec580000)
  object space 61440K, 65% used [0x00000000c5000000,0x00000000c7717770,0x00000000c8c00000)
 Metaspace       used 58202K, capacity 58954K, committed 59160K, reserved 1101824K
  class space    used 7317K, capacity 7482K, committed 7552K, reserved 1048576K
}

