# JRE version: Java(TM) SE Runtime Environment (8.0_144-b01) (build 1.8.0_144-b01)
# Java VM: Java HotSpot(TM) 64-Bit Server VM (25.144-b01 mixed mode windows-amd64 compressed oops)
Heap:
 PSYoungGen      total 258048K, used 13524K [0x00000000ec580000, 0x0000000100000000, 0x0000000100000000)
  eden space 236544K, 5% used [0x00000000ec580000,0x00000000ed2b51f0,0x00000000fac80000)
  from space 21504K, 0% used [0x00000000fac80000,0x00000000fac80000,0x00000000fc180000)
  to   space 23552K, 0% used [0x00000000fe900000,0x00000000fe900000,0x0000000100000000)
 ParOldGen       total 103424K, used 45782K [0x00000000c5000000, 0x00000000cb500000, 0x00000000ec580000)
  object space 103424K, 44% used [0x00000000c5000000,0x00000000c7cb5878,0x00000000cb500000)
 Metaspace       used 58551K, capacity 59658K, committed 59800K, reserved 1101824K
  class space    used 7393K, capacity 7620K, committed 7680K, reserved 1048576K
GC Heap History (10 events):
Event: 9.973 GC heap before
{Heap before GC invocations=14 (full 2):
 PSYoungGen      total 171008K, used 157184K [0x00000000ec580000, 0x00000000fa780000, 0x0000000100000000)
  eden space 157184K, 100% used [0x00000000ec580000,0x00000000f5f00000,0x00000000f5f00000)
  from space 13824K, 0% used [0x00000000f5f00000,0x00000000f5f00000,0x00000000f6c80000)
  to   space 13312K, 0% used [0x00000000f9a80000,0x00000000f9a80000,0x00000000fa780000)
 ParOldGen       total 66048K, used 24970K [0x00000000c5000000, 0x00000000c9080000, 0x00000000ec580000)
  object space 66048K, 37% used [0x00000000c5000000,0x00000000c6862978,0x00000000c9080000)
 Metaspace       used 45403K, capacity 45914K, committed 46208K, reserved 1089536K
  class space    used 5791K, capacity 5942K, committed 6016K, reserved 1048576K
Event: 10.000 GC heap after
Heap after GC invocations=14 (full 2):
 PSYoungGen      total 207872K, used 13283K [0x00000000ec580000, 0x00000000fa780000, 0x0000000100000000)
  eden space 194560K, 0% used [0x00000000ec580000,0x00000000ec580000,0x00000000f8380000)
  from space 13312K, 99% used [0x00000000f9a80000,0x00000000fa778e30,0x00000000fa780000)
  to   space 16896K, 0% used [0x00000000f8680000,0x00000000f8680000,0x00000000f9700000)
 ParOldGen       total 66048K, used 29116K [0x00000000c5000000, 0x00000000c9080000, 0x00000000ec580000)
  object space 66048K, 44% used [0x00000000c5000000,0x00000000c6c6f288,0x00000000c9080000)
 Metaspace       used 45403K, capacity 45914K, committed 46208K, reserved 1089536K
  class space    used 5791K, capacity 5942K, committed 6016K, reserved 1048576K
}
Event: 11.762 GC heap before
{Heap before GC invocations=15 (full 2):
 PSYoungGen      total 207872K, used 207843K [0x00000000ec580000, 0x00000000fa780000, 0x0000000100000000)
  eden space 194560K, 100% used [0x00000000ec580000,0x00000000f8380000,0x00000000f8380000)
  from space 13312K, 99% used [0x00000000f9a80000,0x00000000fa778e30,0x00000000fa780000)
  to   space 16896K, 0% used [0x00000000f8680000,0x00000000f8680000,0x00000000f9700000)
 ParOldGen       total 66048K, used 29116K [0x00000000c5000000, 0x00000000c9080000, 0x00000000ec580000)
  object space 66048K, 44% used [0x00000000c5000000,0x00000000c6c6f288,0x00000000c9080000)
 Metaspace       used 51607K, capacity 52364K, committed 52608K, reserved 1095680K
  class space    used 6545K, capacity 6745K, committed 6784K, reserved 1048576K
Event: 11.789 GC heap after
Heap after GC invocations=15 (full 2):
 PSYoungGen      total 214528K, used 14943K [0x00000000ec580000, 0x00000000fd400000, 0x0000000100000000)
  eden space 197632K, 0% used [0x00000000ec580000,0x00000000ec580000,0x00000000f8680000)
  from space 16896K, 88% used [0x00000000f8680000,0x00000000f9517e70,0x00000000f9700000)
  to   space 18944K, 0% used [0x00000000fc180000,0x00000000fc180000,0x00000000fd400000)
 ParOldGen       total 66048K, used 39835K [0x00000000c5000000, 0x00000000c9080000, 0x00000000ec580000)
  object space 66048K, 60% used [0x00000000c5000000,0x00000000c76e6d10,0x00000000c9080000)
 Metaspace       used 51607K, capacity 52364K, committed 52608K, reserved 1095680K
  class space    used 6545K, capacity 6745K, committed 6784K, reserved 1048576K
}
Event: 14.556 GC heap before
{Heap before GC invocations=16 (full 2):
 PSYoungGen      total 214528K, used 212575K [0x00000000ec580000, 0x00000000fd400000, 0x0000000100000000)
  eden space 197632K, 100% used [0x00000000ec580000,0x00000000f8680000,0x00000000f8680000)
  from space 16896K, 88% used [0x00000000f8680000,0x00000000f9517e70,0x00000000f9700000)
  to   space 18944K, 0% used [0x00000000fc180000,0x00000000fc180000,0x00000000fd400000)
 ParOldGen       total 66048K, used 39835K [0x00000000c5000000, 0x00000000c9080000, 0x00000000ec580000)
  object space 66048K, 60% used [0x00000000c5000000,0x00000000c76e6d10,0x00000000c9080000)
 Metaspace       used 56311K, capacity 57126K, committed 57216K, reserved 1099776K
  class space    used 7091K, capacity 7294K, committed 7296K, reserved 1048576K
Event: 14.570 GC heap after
Heap after GC invocations=16 (full 2):
 PSYoungGen      total 255488K, used 18043K [0x00000000ec580000, 0x00000000fd780000, 0x0000000100000000)
  eden space 236544K, 0% used [0x00000000ec580000,0x00000000ec580000,0x00000000fac80000)
  from space 18944K, 95% used [0x00000000fc180000,0x00000000fd31ecb0,0x00000000fd400000)
  to   space 21504K, 0% used [0x00000000fac80000,0x00000000fac80000,0x00000000fc180000)
 ParOldGen       total 66048K, used 39843K [0x00000000c5000000, 0x00000000c9080000, 0x00000000ec580000)
  object space 66048K, 60% used [0x00000000c5000000,0x00000000c76e8d10,0x00000000c9080000)
 Metaspace       used 56311K, capacity 57126K, committed 57216K, reserved 1099776K
  class space    used 7091K, capacity 7294K, committed 7296K, reserved 1048576K
}
Event: 61.803 GC heap before
{Heap before GC invocations=17 (full 2):
 PSYoungGen      total 255488K, used 87843K [0x00000000ec580000, 0x00000000fd780000, 0x0000000100000000)
  eden space 236544K, 29% used [0x00000000ec580000,0x00000000f09aa230,0x00000000fac80000)
  from space 18944K, 95% used [0x00000000fc180000,0x00000000fd31ecb0,0x00000000fd400000)
  to   space 21504K, 0% used [0x00000000fac80000,0x00000000fac80000,0x00000000fc180000)
 ParOldGen       total 66048K, used 39843K [0x00000000c5000000, 0x00000000c9080000, 0x00000000ec580000)
  object space 66048K, 60% used [0x00000000c5000000,0x00000000c76e8d10,0x00000000c9080000)
 Metaspace       used 58273K, capacity 59056K, committed 59160K, reserved 1101824K
  class space    used 7334K, capacity 7525K, committed 7552K, reserved 1048576K
Event: 61.817 GC heap after
Heap after GC invocations=17 (full 2):
 PSYoungGen      total 258048K, used 18573K [0x00000000ec580000, 0x0000000100000000, 0x0000000100000000)
  eden space 236544K, 0% used [0x00000000ec580000,0x00000000ec580000,0x00000000fac80000)
  from space 21504K, 86% used [0x00000000fac80000,0x00000000fbea35d0,0x00000000fc180000)
  to   space 23552K, 0% used [0x00000000fe900000,0x00000000fe900000,0x0000000100000000)
 ParOldGen       total 66048K, used 39851K [0x00000000c5000000, 0x00000000c9080000, 0x00000000ec580000)
  object space 66048K, 60% used [0x00000000c5000000,0x00000000c76ead10,0x00000000c9080000)
 Metaspace       used 58273K, capacity 59056K, committed 59160K, reserved 1101824K
  class space    used 7334K, capacity 7525K, committed 7552K, reserved 1048576K
}
Event: 61.817 GC heap before
{Heap before GC invocations=18 (full 3):
 PSYoungGen      total 258048K, used 18573K [0x00000000ec580000, 0x0000000100000000, 0x0000000100000000)
  eden space 236544K, 0% used [0x00000000ec580000,0x00000000ec580000,0x00000000fac80000)
  from space 21504K, 86% used [0x00000000fac80000,0x00000000fbea35d0,0x00000000fc180000)
  to   space 23552K, 0% used [0x00000000fe900000,0x00000000fe900000,0x0000000100000000)
 ParOldGen       total 66048K, used 39851K [0x00000000c5000000, 0x00000000c9080000, 0x00000000ec580000)
  object space 66048K, 60% used [0x00000000c5000000,0x00000000c76ead10,0x00000000c9080000)
 Metaspace       used 58273K, capacity 59056K, committed 59160K, reserved 1101824K
  class space    used 7334K, capacity 7525K, committed 7552K, reserved 1048576K
Event: 62.008 GC heap after
Heap after GC invocations=18 (full 3):
 PSYoungGen      total 258048K, used 0K [0x00000000ec580000, 0x0000000100000000, 0x0000000100000000)
  eden space 236544K, 0% used [0x00000000ec580000,0x00000000ec580000,0x00000000fac80000)
  from space 21504K, 0% used [0x00000000fac80000,0x00000000fac80000,0x00000000fc180000)
  to   space 23552K, 0% used [0x00000000fe900000,0x00000000fe900000,0x0000000100000000)
 ParOldGen       total 103424K, used 45782K [0x00000000c5000000, 0x00000000cb500000, 0x00000000ec580000)
  object space 103424K, 44% used [0x00000000c5000000,0x00000000c7cb5878,0x00000000cb500000)
 Metaspace       used 58255K, capacity 59026K, committed 59160K, reserved 1101824K
  class space    used 7332K, capacity 7520K, committed 7552K, reserved 1048576K
}

