# JRE version: Java(TM) SE Runtime Environment (8.0_144-b01) (build 1.8.0_144-b01)
# Java VM: Java HotSpot(TM) 64-Bit Server VM (25.144-b01 mixed mode windows-amd64 compressed oops)
Heap:
 PSYoungGen      total 158208K, used 82473K [0x00000000ec580000, 0x00000000f7180000, 0x0000000100000000)
  eden space 145408K, 51% used [0x00000000ec580000,0x00000000f0e74678,0x00000000f5380000)
  from space 12800K, 60% used [0x00000000f6500000,0x00000000f6c95f60,0x00000000f7180000)
  to   space 15360K, 0% used [0x00000000f5380000,0x00000000f5380000,0x00000000f6280000)
 ParOldGen       total 64512K, used 30955K [0x00000000c5000000, 0x00000000c8f00000, 0x00000000ec580000)
  object space 64512K, 47% used [0x00000000c5000000,0x00000000c6e3ae00,0x00000000c8f00000)
 Metaspace       used 51134K, capacity 51740K, committed 52096K, reserved 1095680K
  class space    used 6562K, capacity 6703K, committed 6784K, reserved 1048576K
GC Heap History (10 events):
Event: 2.795 GC heap before
{Heap before GC invocations=10 (full 1):
 PSYoungGen      total 99840K, used 99528K [0x00000000ec580000, 0x00000000f4a80000, 0x0000000100000000)
  eden space 93184K, 99% used [0x00000000ec580000,0x00000000f207d080,0x00000000f2080000)
  from space 6656K, 95% used [0x00000000f4400000,0x00000000f4a35300,0x00000000f4a80000)
  to   space 8192K, 0% used [0x00000000f3a80000,0x00000000f3a80000,0x00000000f4280000)
 ParOldGen       total 35840K, used 9220K [0x00000000c5000000, 0x00000000c7300000, 0x00000000ec580000)
  object space 35840K, 25% used [0x00000000c5000000,0x00000000c5901080,0x00000000c7300000)
 Metaspace       used 29600K, capacity 30022K, committed 30208K, reserved 1075200K
  class space    used 3715K, capacity 3820K, committed 3840K, reserved 1048576K
Event: 2.805 GC heap after
Heap after GC invocations=10 (full 1):
 PSYoungGen      total 128000K, used 8166K [0x00000000ec580000, 0x00000000f5180000, 0x0000000100000000)
  eden space 119808K, 0% used [0x00000000ec580000,0x00000000ec580000,0x00000000f3a80000)
  from space 8192K, 99% used [0x00000000f3a80000,0x00000000f4279878,0x00000000f4280000)
  to   space 11264K, 0% used [0x00000000f4680000,0x00000000f4680000,0x00000000f5180000)
 ParOldGen       total 35840K, used 13914K [0x00000000c5000000, 0x00000000c7300000, 0x00000000ec580000)
  object space 35840K, 38% used [0x00000000c5000000,0x00000000c5d96b80,0x00000000c7300000)
 Metaspace       used 29600K, capacity 30022K, committed 30208K, reserved 1075200K
  class space    used 3715K, capacity 3820K, committed 3840K, reserved 1048576K
}
Event: 3.551 GC heap before
{Heap before GC invocations=11 (full 1):
 PSYoungGen      total 128000K, used 126221K [0x00000000ec580000, 0x00000000f5180000, 0x0000000100000000)
  eden space 119808K, 98% used [0x00000000ec580000,0x00000000f38c9c58,0x00000000f3a80000)
  from space 8192K, 99% used [0x00000000f3a80000,0x00000000f4279878,0x00000000f4280000)
  to   space 11264K, 0% used [0x00000000f4680000,0x00000000f4680000,0x00000000f5180000)
 ParOldGen       total 35840K, used 13914K [0x00000000c5000000, 0x00000000c7300000, 0x00000000ec580000)
  object space 35840K, 38% used [0x00000000c5000000,0x00000000c5d96b80,0x00000000c7300000)
 Metaspace       used 34829K, capacity 35210K, committed 35456K, reserved 1079296K
  class space    used 4522K, capacity 4626K, committed 4736K, reserved 1048576K
Event: 3.563 GC heap after
Heap after GC invocations=11 (full 1):
 PSYoungGen      total 129024K, used 11259K [0x00000000ec580000, 0x00000000f7780000, 0x0000000100000000)
  eden space 117760K, 0% used [0x00000000ec580000,0x00000000ec580000,0x00000000f3880000)
  from space 11264K, 99% used [0x00000000f4680000,0x00000000f517eeb8,0x00000000f5180000)
  to   space 14336K, 0% used [0x00000000f3880000,0x00000000f3880000,0x00000000f4680000)
 ParOldGen       total 35840K, used 18290K [0x00000000c5000000, 0x00000000c7300000, 0x00000000ec580000)
  object space 35840K, 51% used [0x00000000c5000000,0x00000000c61dc910,0x00000000c7300000)
 Metaspace       used 34829K, capacity 35210K, committed 35456K, reserved 1079296K
  class space    used 4522K, capacity 4626K, committed 4736K, reserved 1048576K
}
Event: 3.563 GC heap before
{Heap before GC invocations=12 (full 2):
 PSYoungGen      total 129024K, used 11259K [0x00000000ec580000, 0x00000000f7780000, 0x0000000100000000)
  eden space 117760K, 0% used [0x00000000ec580000,0x00000000ec580000,0x00000000f3880000)
  from space 11264K, 99% used [0x00000000f4680000,0x00000000f517eeb8,0x00000000f5180000)
  to   space 14336K, 0% used [0x00000000f3880000,0x00000000f3880000,0x00000000f4680000)
 ParOldGen       total 35840K, used 18290K [0x00000000c5000000, 0x00000000c7300000, 0x00000000ec580000)
  object space 35840K, 51% used [0x00000000c5000000,0x00000000c61dc910,0x00000000c7300000)
 Metaspace       used 34829K, capacity 35210K, committed 35456K, reserved 1079296K
  class space    used 4522K, capacity 4626K, committed 4736K, reserved 1048576K
Event: 3.618 GC heap after
Heap after GC invocations=12 (full 2):
 PSYoungGen      total 129024K, used 0K [0x00000000ec580000, 0x00000000f7780000, 0x0000000100000000)
  eden space 117760K, 0% used [0x00000000ec580000,0x00000000ec580000,0x00000000f3880000)
  from space 11264K, 0% used [0x00000000f4680000,0x00000000f4680000,0x00000000f5180000)
  to   space 14336K, 0% used [0x00000000f3880000,0x00000000f3880000,0x00000000f4680000)
 ParOldGen       total 64512K, used 24006K [0x00000000c5000000, 0x00000000c8f00000, 0x00000000ec580000)
  object space 64512K, 37% used [0x00000000c5000000,0x00000000c6771858,0x00000000c8f00000)
 Metaspace       used 34829K, capacity 35210K, committed 35456K, reserved 1079296K
  class space    used 4522K, capacity 4626K, committed 4736K, reserved 1048576K
}
Event: 6.494 GC heap before
{Heap before GC invocations=13 (full 2):
 PSYoungGen      total 129024K, used 117760K [0x00000000ec580000, 0x00000000f7780000, 0x0000000100000000)
  eden space 117760K, 100% used [0x00000000ec580000,0x00000000f3880000,0x00000000f3880000)
  from space 11264K, 0% used [0x00000000f4680000,0x00000000f4680000,0x00000000f5180000)
  to   space 14336K, 0% used [0x00000000f3880000,0x00000000f3880000,0x00000000f4680000)
 ParOldGen       total 64512K, used 24006K [0x00000000c5000000, 0x00000000c8f00000, 0x00000000ec580000)
  object space 64512K, 37% used [0x00000000c5000000,0x00000000c6771858,0x00000000c8f00000)
 Metaspace       used 46251K, capacity 46684K, committed 47104K, reserved 1089536K
  class space    used 5991K, capacity 6085K, committed 6144K, reserved 1048576K
Event: 6.508 GC heap after
Heap after GC invocations=13 (full 2):
 PSYoungGen      total 132096K, used 14323K [0x00000000ec580000, 0x00000000f7500000, 0x0000000100000000)
  eden space 117760K, 0% used [0x00000000ec580000,0x00000000ec580000,0x00000000f3880000)
  from space 14336K, 99% used [0x00000000f3880000,0x00000000f467cf48,0x00000000f4680000)
  to   space 16384K, 0% used [0x00000000f6500000,0x00000000f6500000,0x00000000f7500000)
 ParOldGen       total 64512K, used 24411K [0x00000000c5000000, 0x00000000c8f00000, 0x00000000ec580000)
  object space 64512K, 37% used [0x00000000c5000000,0x00000000c67d6c30,0x00000000c8f00000)
 Metaspace       used 46251K, capacity 46684K, committed 47104K, reserved 1089536K
  class space    used 5991K, capacity 6085K, committed 6144K, reserved 1048576K
}
Event: 7.490 GC heap before
{Heap before GC invocations=14 (full 2):
 PSYoungGen      total 132096K, used 132083K [0x00000000ec580000, 0x00000000f7500000, 0x0000000100000000)
  eden space 117760K, 100% used [0x00000000ec580000,0x00000000f3880000,0x00000000f3880000)
  from space 14336K, 99% used [0x00000000f3880000,0x00000000f467cf48,0x00000000f4680000)
  to   space 16384K, 0% used [0x00000000f6500000,0x00000000f6500000,0x00000000f7500000)
 ParOldGen       total 64512K, used 24411K [0x00000000c5000000, 0x00000000c8f00000, 0x00000000ec580000)
  object space 64512K, 37% used [0x00000000c5000000,0x00000000c67d6c30,0x00000000c8f00000)
 Metaspace       used 48957K, capacity 49516K, committed 49792K, reserved 1093632K
  class space    used 6345K, capacity 6493K, committed 6528K, reserved 1048576K
Event: 7.502 GC heap after
Heap after GC invocations=14 (full 2):
 PSYoungGen      total 158208K, used 7767K [0x00000000ec580000, 0x00000000f7180000, 0x0000000100000000)
  eden space 145408K, 0% used [0x00000000ec580000,0x00000000ec580000,0x00000000f5380000)
  from space 12800K, 60% used [0x00000000f6500000,0x00000000f6c95f60,0x00000000f7180000)
  to   space 15360K, 0% used [0x00000000f5380000,0x00000000f5380000,0x00000000f6280000)
 ParOldGen       total 64512K, used 30955K [0x00000000c5000000, 0x00000000c8f00000, 0x00000000ec580000)
  object space 64512K, 47% used [0x00000000c5000000,0x00000000c6e3ae00,0x00000000c8f00000)
 Metaspace       used 48957K, capacity 49516K, committed 49792K, reserved 1093632K
  class space    used 6345K, capacity 6493K, committed 6528K, reserved 1048576K
}

