# JRE version: Java(TM) SE Runtime Environment (8.0_144-b01) (build 1.8.0_144-b01)
# Java VM: Java HotSpot(TM) 64-Bit Server VM (25.144-b01 mixed mode windows-amd64 compressed oops)
Heap:
 PSYoungGen      total 165888K, used 32703K [0x00000000ec580000, 0x00000000fa300000, 0x0000000100000000)
  eden space 154624K, 18% used [0x00000000ec580000,0x00000000ee113448,0x00000000f5c80000)
  from space 11264K, 39% used [0x00000000f6d00000,0x00000000f715ca88,0x00000000f7800000)
  to   space 16896K, 0% used [0x00000000f5c80000,0x00000000f5c80000,0x00000000f6d00000)
 ParOldGen       total 33792K, used 33608K [0x00000000c5000000, 0x00000000c7100000, 0x00000000ec580000)
  object space 33792K, 99% used [0x00000000c5000000,0x00000000c70d2188,0x00000000c7100000)
 Metaspace       used 46325K, capacity 46906K, committed 47360K, reserved 1091584K
  class space    used 5909K, capacity 6038K, committed 6144K, reserved 1048576K
GC Heap History (10 events):
Event: 3.635 GC heap before
{Heap before GC invocations=11 (full 1):
 PSYoungGen      total 130048K, used 127567K [0x00000000ec580000, 0x00000000f7800000, 0x0000000100000000)
  eden space 119296K, 100% used [0x00000000ec580000,0x00000000f3a00000,0x00000000f3a00000)
  from space 10752K, 76% used [0x00000000f3a00000,0x00000000f4213d88,0x00000000f4480000)
  to   space 11264K, 0% used [0x00000000f6d00000,0x00000000f6d00000,0x00000000f7800000)
 ParOldGen       total 33792K, used 8815K [0x00000000c5000000, 0x00000000c7100000, 0x00000000ec580000)
  object space 33792K, 26% used [0x00000000c5000000,0x00000000c589bdb8,0x00000000c7100000)
 Metaspace       used 30289K, capacity 30744K, committed 30848K, reserved 1077248K
  class space    used 3812K, capacity 3963K, committed 3968K, reserved 1048576K
Event: 3.648 GC heap after
Heap after GC invocations=11 (full 1):
 PSYoungGen      total 168960K, used 11261K [0x00000000ec580000, 0x00000000f7a80000, 0x0000000100000000)
  eden space 157696K, 0% used [0x00000000ec580000,0x00000000ec580000,0x00000000f5f80000)
  from space 11264K, 99% used [0x00000000f6d00000,0x00000000f77ff748,0x00000000f7800000)
  to   space 13824K, 0% used [0x00000000f5f80000,0x00000000f5f80000,0x00000000f6d00000)
 ParOldGen       total 33792K, used 11548K [0x00000000c5000000, 0x00000000c7100000, 0x00000000ec580000)
  object space 33792K, 34% used [0x00000000c5000000,0x00000000c5b471a0,0x00000000c7100000)
 Metaspace       used 30289K, capacity 30744K, committed 30848K, reserved 1077248K
  class space    used 3812K, capacity 3963K, committed 3968K, reserved 1048576K
}
Event: 4.535 GC heap before
{Heap before GC invocations=12 (full 1):
 PSYoungGen      total 168960K, used 160536K [0x00000000ec580000, 0x00000000f7a80000, 0x0000000100000000)
  eden space 157696K, 94% used [0x00000000ec580000,0x00000000f5746b50,0x00000000f5f80000)
  from space 11264K, 99% used [0x00000000f6d00000,0x00000000f77ff748,0x00000000f7800000)
  to   space 13824K, 0% used [0x00000000f5f80000,0x00000000f5f80000,0x00000000f6d00000)
 ParOldGen       total 33792K, used 11548K [0x00000000c5000000, 0x00000000c7100000, 0x00000000ec580000)
  object space 33792K, 34% used [0x00000000c5000000,0x00000000c5b471a0,0x00000000c7100000)
 Metaspace       used 34832K, capacity 35260K, committed 35456K, reserved 1079296K
  class space    used 4458K, capacity 4609K, committed 4736K, reserved 1048576K
Event: 4.548 GC heap after
Heap after GC invocations=12 (full 1):
 PSYoungGen      total 171520K, used 7120K [0x00000000ec580000, 0x00000000f7a80000, 0x0000000100000000)
  eden space 157696K, 0% used [0x00000000ec580000,0x00000000ec580000,0x00000000f5f80000)
  from space 13824K, 51% used [0x00000000f5f80000,0x00000000f6674138,0x00000000f6d00000)
  to   space 11264K, 0% used [0x00000000f6d00000,0x00000000f6d00000,0x00000000f7800000)
 ParOldGen       total 33792K, used 22273K [0x00000000c5000000, 0x00000000c7100000, 0x00000000ec580000)
  object space 33792K, 65% used [0x00000000c5000000,0x00000000c65c04a8,0x00000000c7100000)
 Metaspace       used 34832K, capacity 35260K, committed 35456K, reserved 1079296K
  class space    used 4458K, capacity 4609K, committed 4736K, reserved 1048576K
}
Event: 4.548 GC heap before
{Heap before GC invocations=13 (full 2):
 PSYoungGen      total 171520K, used 7120K [0x00000000ec580000, 0x00000000f7a80000, 0x0000000100000000)
  eden space 157696K, 0% used [0x00000000ec580000,0x00000000ec580000,0x00000000f5f80000)
  from space 13824K, 51% used [0x00000000f5f80000,0x00000000f6674138,0x00000000f6d00000)
  to   space 11264K, 0% used [0x00000000f6d00000,0x00000000f6d00000,0x00000000f7800000)
 ParOldGen       total 33792K, used 22273K [0x00000000c5000000, 0x00000000c7100000, 0x00000000ec580000)
  object space 33792K, 65% used [0x00000000c5000000,0x00000000c65c04a8,0x00000000c7100000)
 Metaspace       used 34832K, capacity 35260K, committed 35456K, reserved 1079296K
  class space    used 4458K, capacity 4609K, committed 4736K, reserved 1048576K
Event: 4.669 GC heap after
Heap after GC invocations=13 (full 2):
 PSYoungGen      total 171520K, used 0K [0x00000000ec580000, 0x00000000f7a80000, 0x0000000100000000)
  eden space 157696K, 0% used [0x00000000ec580000,0x00000000ec580000,0x00000000f5f80000)
  from space 13824K, 0% used [0x00000000f5f80000,0x00000000f5f80000,0x00000000f6d00000)
  to   space 11264K, 0% used [0x00000000f6d00000,0x00000000f6d00000,0x00000000f7800000)
 ParOldGen       total 33792K, used 24960K [0x00000000c5000000, 0x00000000c7100000, 0x00000000ec580000)
  object space 33792K, 73% used [0x00000000c5000000,0x00000000c6860210,0x00000000c7100000)
 Metaspace       used 34832K, capacity 35260K, committed 35456K, reserved 1079296K
  class space    used 4458K, capacity 4609K, committed 4736K, reserved 1048576K
}
Event: 10.326 GC heap before
{Heap before GC invocations=14 (full 2):
 PSYoungGen      total 171520K, used 157696K [0x00000000ec580000, 0x00000000f7a80000, 0x0000000100000000)
  eden space 157696K, 100% used [0x00000000ec580000,0x00000000f5f80000,0x00000000f5f80000)
  from space 13824K, 0% used [0x00000000f5f80000,0x00000000f5f80000,0x00000000f6d00000)
  to   space 11264K, 0% used [0x00000000f6d00000,0x00000000f6d00000,0x00000000f7800000)
 ParOldGen       total 33792K, used 24960K [0x00000000c5000000, 0x00000000c7100000, 0x00000000ec580000)
  object space 33792K, 73% used [0x00000000c5000000,0x00000000c6860210,0x00000000c7100000)
 Metaspace       used 45511K, capacity 46030K, committed 46464K, reserved 1089536K
  class space    used 5801K, capacity 5940K, committed 6016K, reserved 1048576K
Event: 10.342 GC heap after
Heap after GC invocations=14 (full 2):
 PSYoungGen      total 165888K, used 11253K [0x00000000ec580000, 0x00000000fa300000, 0x0000000100000000)
  eden space 154624K, 0% used [0x00000000ec580000,0x00000000ec580000,0x00000000f5c80000)
  from space 11264K, 99% used [0x00000000f6d00000,0x00000000f77fd468,0x00000000f7800000)
  to   space 16896K, 0% used [0x00000000f5c80000,0x00000000f5c80000,0x00000000f6d00000)
 ParOldGen       total 33792K, used 31365K [0x00000000c5000000, 0x00000000c7100000, 0x00000000ec580000)
  object space 33792K, 92% used [0x00000000c5000000,0x00000000c6ea1670,0x00000000c7100000)
 Metaspace       used 45511K, capacity 46030K, committed 46464K, reserved 1089536K
  class space    used 5801K, capacity 5940K, committed 6016K, reserved 1048576K
}
Event: 10.342 GC heap before
{Heap before GC invocations=15 (full 3):
 PSYoungGen      total 165888K, used 11253K [0x00000000ec580000, 0x00000000fa300000, 0x0000000100000000)
  eden space 154624K, 0% used [0x00000000ec580000,0x00000000ec580000,0x00000000f5c80000)
  from space 11264K, 99% used [0x00000000f6d00000,0x00000000f77fd468,0x00000000f7800000)
  to   space 16896K, 0% used [0x00000000f5c80000,0x00000000f5c80000,0x00000000f6d00000)
 ParOldGen       total 33792K, used 31365K [0x00000000c5000000, 0x00000000c7100000, 0x00000000ec580000)
  object space 33792K, 92% used [0x00000000c5000000,0x00000000c6ea1670,0x00000000c7100000)
 Metaspace       used 45511K, capacity 46030K, committed 46464K, reserved 1089536K
  class space    used 5801K, capacity 5940K, committed 6016K, reserved 1048576K
Event: 10.593 GC heap after
Heap after GC invocations=15 (full 3):
 PSYoungGen      total 165888K, used 4466K [0x00000000ec580000, 0x00000000fa300000, 0x0000000100000000)
  eden space 154624K, 0% used [0x00000000ec580000,0x00000000ec580000,0x00000000f5c80000)
  from space 11264K, 39% used [0x00000000f6d00000,0x00000000f715ca88,0x00000000f7800000)
  to   space 16896K, 0% used [0x00000000f5c80000,0x00000000f5c80000,0x00000000f6d00000)
 ParOldGen       total 33792K, used 33608K [0x00000000c5000000, 0x00000000c7100000, 0x00000000ec580000)
  object space 33792K, 99% used [0x00000000c5000000,0x00000000c70d2188,0x00000000c7100000)
 Metaspace       used 45511K, capacity 46030K, committed 46464K, reserved 1089536K
  class space    used 5801K, capacity 5940K, committed 6016K, reserved 1048576K
}

