# JRE version: Java(TM) SE Runtime Environment (8.0_144-b01) (build 1.8.0_144-b01)
# Java VM: Java HotSpot(TM) 64-Bit Server VM (25.144-b01 mixed mode windows-amd64 compressed oops)
Heap:
 PSYoungGen      total 279552K, used 19490K [0x00000000ec580000, 0x00000000fee80000, 0x0000000100000000)
  eden space 256000K, 7% used [0x00000000ec580000,0x00000000ed888908,0x00000000fbf80000)
  from space 23552K, 0% used [0x00000000fd780000,0x00000000fd780000,0x00000000fee80000)
  to   space 24064K, 0% used [0x00000000fbf80000,0x00000000fbf80000,0x00000000fd700000)
 ParOldGen       total 66560K, used 34154K [0x00000000c5000000, 0x00000000c9100000, 0x00000000ec580000)
  object space 66560K, 51% used [0x00000000c5000000,0x00000000c715a8d0,0x00000000c9100000)
 Metaspace       used 58953K, capacity 59898K, committed 60288K, reserved 1101824K
  class space    used 7253K, capacity 7426K, committed 7552K, reserved 1048576K
GC Heap History (10 events):
Event: 58.731 GC heap before
{Heap before GC invocations=18 (full 3):
 PSYoungGen      total 249344K, used 14240K [0x00000000ec580000, 0x00000000fd380000, 0x0000000100000000)
  eden space 228352K, 0% used [0x00000000ec580000,0x00000000ec580000,0x00000000fa480000)
  from space 20992K, 67% used [0x00000000fa480000,0x00000000fb268010,0x00000000fb900000)
  to   space 22016K, 0% used [0x00000000fbe00000,0x00000000fbe00000,0x00000000fd380000)
 ParOldGen       total 66560K, used 39799K [0x00000000c5000000, 0x00000000c9100000, 0x00000000ec580000)
  object space 66560K, 59% used [0x00000000c5000000,0x00000000c76ddc60,0x00000000c9100000)
 Metaspace       used 56432K, capacity 57228K, committed 57472K, reserved 1099776K
  class space    used 7102K, capacity 7264K, committed 7296K, reserved 1048576K
Event: 58.888 GC heap after
Heap after GC invocations=18 (full 3):
 PSYoungGen      total 249344K, used 0K [0x00000000ec580000, 0x00000000fd380000, 0x0000000100000000)
  eden space 228352K, 0% used [0x00000000ec580000,0x00000000ec580000,0x00000000fa480000)
  from space 20992K, 0% used [0x00000000fa480000,0x00000000fa480000,0x00000000fb900000)
  to   space 22016K, 0% used [0x00000000fbe00000,0x00000000fbe00000,0x00000000fd380000)
 ParOldGen       total 66560K, used 32414K [0x00000000c5000000, 0x00000000c9100000, 0x00000000ec580000)
  object space 66560K, 48% used [0x00000000c5000000,0x00000000c6fa7b50,0x00000000c9100000)
 Metaspace       used 56414K, capacity 57198K, committed 57472K, reserved 1099776K
  class space    used 7099K, capacity 7259K, committed 7296K, reserved 1048576K
}
Event: 62.247 GC heap before
{Heap before GC invocations=19 (full 3):
 PSYoungGen      total 249344K, used 228352K [0x00000000ec580000, 0x00000000fd380000, 0x0000000100000000)
  eden space 228352K, 100% used [0x00000000ec580000,0x00000000fa480000,0x00000000fa480000)
  from space 20992K, 0% used [0x00000000fa480000,0x00000000fa480000,0x00000000fb900000)
  to   space 22016K, 0% used [0x00000000fbe00000,0x00000000fbe00000,0x00000000fd380000)
 ParOldGen       total 66560K, used 32414K [0x00000000c5000000, 0x00000000c9100000, 0x00000000ec580000)
  object space 66560K, 48% used [0x00000000c5000000,0x00000000c6fa7b50,0x00000000c9100000)
 Metaspace       used 57396K, capacity 58296K, committed 58624K, reserved 1099776K
  class space    used 7181K, capacity 7350K, committed 7424K, reserved 1048576K
Event: 62.258 GC heap after
Heap after GC invocations=19 (full 3):
 PSYoungGen      total 250368K, used 12950K [0x00000000ec580000, 0x00000000fd380000, 0x0000000100000000)
  eden space 228352K, 0% used [0x00000000ec580000,0x00000000ec580000,0x00000000fa480000)
  from space 22016K, 58% used [0x00000000fbe00000,0x00000000fcaa59c0,0x00000000fd380000)
  to   space 20992K, 0% used [0x00000000fa480000,0x00000000fa480000,0x00000000fb900000)
 ParOldGen       total 66560K, used 32422K [0x00000000c5000000, 0x00000000c9100000, 0x00000000ec580000)
  object space 66560K, 48% used [0x00000000c5000000,0x00000000c6fa9b50,0x00000000c9100000)
 Metaspace       used 57396K, capacity 58296K, committed 58624K, reserved 1099776K
  class space    used 7181K, capacity 7350K, committed 7424K, reserved 1048576K
}
Event: 71.264 GC heap before
{Heap before GC invocations=20 (full 3):
 PSYoungGen      total 250368K, used 241302K [0x00000000ec580000, 0x00000000fd380000, 0x0000000100000000)
  eden space 228352K, 100% used [0x00000000ec580000,0x00000000fa480000,0x00000000fa480000)
  from space 22016K, 58% used [0x00000000fbe00000,0x00000000fcaa59c0,0x00000000fd380000)
  to   space 20992K, 0% used [0x00000000fa480000,0x00000000fa480000,0x00000000fb900000)
 ParOldGen       total 66560K, used 32422K [0x00000000c5000000, 0x00000000c9100000, 0x00000000ec580000)
  object space 66560K, 48% used [0x00000000c5000000,0x00000000c6fa9b50,0x00000000c9100000)
 Metaspace       used 58926K, capacity 59852K, committed 60032K, reserved 1101824K
  class space    used 7255K, capacity 7428K, committed 7552K, reserved 1048576K
Event: 71.284 GC heap after
Heap after GC invocations=20 (full 3):
 PSYoungGen      total 249344K, used 20139K [0x00000000ec580000, 0x00000000fef80000, 0x0000000100000000)
  eden space 228352K, 0% used [0x00000000ec580000,0x00000000ec580000,0x00000000fa480000)
  from space 20992K, 95% used [0x00000000fa480000,0x00000000fb82ad60,0x00000000fb900000)
  to   space 24576K, 0% used [0x00000000fd780000,0x00000000fd780000,0x00000000fef80000)
 ParOldGen       total 66560K, used 32430K [0x00000000c5000000, 0x00000000c9100000, 0x00000000ec580000)
  object space 66560K, 48% used [0x00000000c5000000,0x00000000c6fabb50,0x00000000c9100000)
 Metaspace       used 58926K, capacity 59852K, committed 60032K, reserved 1101824K
  class space    used 7255K, capacity 7428K, committed 7552K, reserved 1048576K
}
Event: 128.351 GC heap before
{Heap before GC invocations=21 (full 3):
 PSYoungGen      total 249344K, used 67136K [0x00000000ec580000, 0x00000000fef80000, 0x0000000100000000)
  eden space 228352K, 20% used [0x00000000ec580000,0x00000000ef3653d8,0x00000000fa480000)
  from space 20992K, 95% used [0x00000000fa480000,0x00000000fb82ad60,0x00000000fb900000)
  to   space 24576K, 0% used [0x00000000fd780000,0x00000000fd780000,0x00000000fef80000)
 ParOldGen       total 66560K, used 32430K [0x00000000c5000000, 0x00000000c9100000, 0x00000000ec580000)
  object space 66560K, 48% used [0x00000000c5000000,0x00000000c6fabb50,0x00000000c9100000)
 Metaspace       used 58954K, capacity 59858K, committed 60032K, reserved 1101824K
  class space    used 7256K, capacity 7430K, committed 7552K, reserved 1048576K
Event: 128.357 GC heap after
Heap after GC invocations=21 (full 3):
 PSYoungGen      total 279552K, used 6608K [0x00000000ec580000, 0x00000000fee80000, 0x0000000100000000)
  eden space 256000K, 0% used [0x00000000ec580000,0x00000000ec580000,0x00000000fbf80000)
  from space 23552K, 28% used [0x00000000fd780000,0x00000000fddf4090,0x00000000fee80000)
  to   space 24064K, 0% used [0x00000000fbf80000,0x00000000fbf80000,0x00000000fd700000)
 ParOldGen       total 66560K, used 32438K [0x00000000c5000000, 0x00000000c9100000, 0x00000000ec580000)
  object space 66560K, 48% used [0x00000000c5000000,0x00000000c6fadb50,0x00000000c9100000)
 Metaspace       used 58954K, capacity 59858K, committed 60032K, reserved 1101824K
  class space    used 7256K, capacity 7430K, committed 7552K, reserved 1048576K
}
Event: 128.357 GC heap before
{Heap before GC invocations=22 (full 4):
 PSYoungGen      total 279552K, used 6608K [0x00000000ec580000, 0x00000000fee80000, 0x0000000100000000)
  eden space 256000K, 0% used [0x00000000ec580000,0x00000000ec580000,0x00000000fbf80000)
  from space 23552K, 28% used [0x00000000fd780000,0x00000000fddf4090,0x00000000fee80000)
  to   space 24064K, 0% used [0x00000000fbf80000,0x00000000fbf80000,0x00000000fd700000)
 ParOldGen       total 66560K, used 32438K [0x00000000c5000000, 0x00000000c9100000, 0x00000000ec580000)
  object space 66560K, 48% used [0x00000000c5000000,0x00000000c6fadb50,0x00000000c9100000)
 Metaspace       used 58954K, capacity 59858K, committed 60032K, reserved 1101824K
  class space    used 7256K, capacity 7430K, committed 7552K, reserved 1048576K
Event: 128.540 GC heap after
Heap after GC invocations=22 (full 4):
 PSYoungGen      total 279552K, used 0K [0x00000000ec580000, 0x00000000fee80000, 0x0000000100000000)
  eden space 256000K, 0% used [0x00000000ec580000,0x00000000ec580000,0x00000000fbf80000)
  from space 23552K, 0% used [0x00000000fd780000,0x00000000fd780000,0x00000000fee80000)
  to   space 24064K, 0% used [0x00000000fbf80000,0x00000000fbf80000,0x00000000fd700000)
 ParOldGen       total 66560K, used 34154K [0x00000000c5000000, 0x00000000c9100000, 0x00000000ec580000)
  object space 66560K, 51% used [0x00000000c5000000,0x00000000c715a8d0,0x00000000c9100000)
 Metaspace       used 58932K, capacity 59822K, committed 60032K, reserved 1101824K
  class space    used 7252K, capacity 7423K, committed 7552K, reserved 1048576K
}

