# JRE version: Java(TM) SE Runtime Environment (8.0_144-b01) (build 1.8.0_144-b01)
# Java VM: Java HotSpot(TM) 64-Bit Server VM (25.144-b01 mixed mode windows-amd64 compressed oops)
Heap:
 PSYoungGen      total 67584K, used 6741K [0x00000000ec580000, 0x00000000f2f80000, 0x0000000100000000)
  eden space 60928K, 3% used [0x00000000ec580000,0x00000000ec767b20,0x00000000f0100000)
  from space 6656K, 71% used [0x00000000f0800000,0x00000000f0cad9b8,0x00000000f0e80000)
  to   space 7168K, 0% used [0x00000000f0100000,0x00000000f0100000,0x00000000f0800000)
 ParOldGen       total 33792K, used 7885K [0x00000000c5000000, 0x00000000c7100000, 0x00000000ec580000)
  object space 33792K, 23% used [0x00000000c5000000,0x00000000c57b34a0,0x00000000c7100000)
 Metaspace       used 24199K, capacity 24546K, committed 24960K, reserved 1071104K
  class space    used 3039K, capacity 3128K, committed 3200K, reserved 1048576K
GC Heap History (10 events):
Event: 0.664 GC heap after
Heap after GC invocations=4 (full 0):
 PSYoungGen      total 33280K, used 2528K [0x00000000ec580000, 0x00000000ee880000, 0x0000000100000000)
  eden space 30720K, 0% used [0x00000000ec580000,0x00000000ec580000,0x00000000ee380000)
  from space 2560K, 98% used [0x00000000ee600000,0x00000000ee878020,0x00000000ee880000)
  to   space 2560K, 0% used [0x00000000ee380000,0x00000000ee380000,0x00000000ee600000)
 ParOldGen       total 40960K, used 4772K [0x00000000c5000000, 0x00000000c7800000, 0x00000000ec580000)
  object space 40960K, 11% used [0x00000000c5000000,0x00000000c54a9140,0x00000000c7800000)
 Metaspace       used 12693K, capacity 12780K, committed 12928K, reserved 1060864K
  class space    used 1581K, capacity 1620K, committed 1664K, reserved 1048576K
}
Event: 0.925 GC heap before
{Heap before GC invocations=5 (full 0):
 PSYoungGen      total 33280K, used 33248K [0x00000000ec580000, 0x00000000ee880000, 0x0000000100000000)
  eden space 30720K, 100% used [0x00000000ec580000,0x00000000ee380000,0x00000000ee380000)
  from space 2560K, 98% used [0x00000000ee600000,0x00000000ee878020,0x00000000ee880000)
  to   space 2560K, 0% used [0x00000000ee380000,0x00000000ee380000,0x00000000ee600000)
 ParOldGen       total 40960K, used 4772K [0x00000000c5000000, 0x00000000c7800000, 0x00000000ec580000)
  object space 40960K, 11% used [0x00000000c5000000,0x00000000c54a9140,0x00000000c7800000)
 Metaspace       used 16712K, capacity 16930K, committed 17280K, reserved 1064960K
  class space    used 2067K, capacity 2125K, committed 2176K, reserved 1048576K
Event: 0.933 GC heap after
Heap after GC invocations=5 (full 0):
 PSYoungGen      total 33280K, used 2547K [0x00000000ec580000, 0x00000000f0e80000, 0x0000000100000000)
  eden space 30720K, 0% used [0x00000000ec580000,0x00000000ec580000,0x00000000ee380000)
  from space 2560K, 99% used [0x00000000ee380000,0x00000000ee5fce08,0x00000000ee600000)
  to   space 6656K, 0% used [0x00000000f0800000,0x00000000f0800000,0x00000000f0e80000)
 ParOldGen       total 40960K, used 8508K [0x00000000c5000000, 0x00000000c7800000, 0x00000000ec580000)
  object space 40960K, 20% used [0x00000000c5000000,0x00000000c584f090,0x00000000c7800000)
 Metaspace       used 16712K, capacity 16930K, committed 17280K, reserved 1064960K
  class space    used 2067K, capacity 2125K, committed 2176K, reserved 1048576K
}
Event: 1.187 GC heap before
{Heap before GC invocations=6 (full 0):
 PSYoungGen      total 33280K, used 33267K [0x00000000ec580000, 0x00000000f0e80000, 0x0000000100000000)
  eden space 30720K, 100% used [0x00000000ec580000,0x00000000ee380000,0x00000000ee380000)
  from space 2560K, 99% used [0x00000000ee380000,0x00000000ee5fce08,0x00000000ee600000)
  to   space 6656K, 0% used [0x00000000f0800000,0x00000000f0800000,0x00000000f0e80000)
 ParOldGen       total 40960K, used 8508K [0x00000000c5000000, 0x00000000c7800000, 0x00000000ec580000)
  object space 40960K, 20% used [0x00000000c5000000,0x00000000c584f090,0x00000000c7800000)
 Metaspace       used 19377K, capacity 19586K, committed 19968K, reserved 1067008K
  class space    used 2389K, capacity 2472K, committed 2560K, reserved 1048576K
Event: 1.194 GC heap after
Heap after GC invocations=6 (full 0):
 PSYoungGen      total 67584K, used 5950K [0x00000000ec580000, 0x00000000f0f80000, 0x0000000100000000)
  eden space 60928K, 0% used [0x00000000ec580000,0x00000000ec580000,0x00000000f0100000)
  from space 6656K, 89% used [0x00000000f0800000,0x00000000f0dcf818,0x00000000f0e80000)
  to   space 7168K, 0% used [0x00000000f0100000,0x00000000f0100000,0x00000000f0800000)
 ParOldGen       total 40960K, used 8516K [0x00000000c5000000, 0x00000000c7800000, 0x00000000ec580000)
  object space 40960K, 20% used [0x00000000c5000000,0x00000000c5851090,0x00000000c7800000)
 Metaspace       used 19377K, capacity 19586K, committed 19968K, reserved 1067008K
  class space    used 2389K, capacity 2472K, committed 2560K, reserved 1048576K
}
Event: 1.387 GC heap before
{Heap before GC invocations=7 (full 0):
 PSYoungGen      total 67584K, used 24277K [0x00000000ec580000, 0x00000000f0f80000, 0x0000000100000000)
  eden space 60928K, 30% used [0x00000000ec580000,0x00000000ed765ef0,0x00000000f0100000)
  from space 6656K, 89% used [0x00000000f0800000,0x00000000f0dcf818,0x00000000f0e80000)
  to   space 7168K, 0% used [0x00000000f0100000,0x00000000f0100000,0x00000000f0800000)
 ParOldGen       total 40960K, used 8516K [0x00000000c5000000, 0x00000000c7800000, 0x00000000ec580000)
  object space 40960K, 20% used [0x00000000c5000000,0x00000000c5851090,0x00000000c7800000)
 Metaspace       used 20804K, capacity 21032K, committed 21248K, reserved 1067008K
  class space    used 2603K, capacity 2697K, committed 2816K, reserved 1048576K
Event: 1.393 GC heap after
Heap after GC invocations=7 (full 0):
 PSYoungGen      total 68096K, used 5376K [0x00000000ec580000, 0x00000000f0f80000, 0x0000000100000000)
  eden space 60928K, 0% used [0x00000000ec580000,0x00000000ec580000,0x00000000f0100000)
  from space 7168K, 75% used [0x00000000f0100000,0x00000000f0640058,0x00000000f0800000)
  to   space 6656K, 0% used [0x00000000f0800000,0x00000000f0800000,0x00000000f0e80000)
 ParOldGen       total 40960K, used 9669K [0x00000000c5000000, 0x00000000c7800000, 0x00000000ec580000)
  object space 40960K, 23% used [0x00000000c5000000,0x00000000c5971408,0x00000000c7800000)
 Metaspace       used 20804K, capacity 21032K, committed 21248K, reserved 1067008K
  class space    used 2603K, capacity 2697K, committed 2816K, reserved 1048576K
}
Event: 1.393 GC heap before
{Heap before GC invocations=8 (full 1):
 PSYoungGen      total 68096K, used 5376K [0x00000000ec580000, 0x00000000f0f80000, 0x0000000100000000)
  eden space 60928K, 0% used [0x00000000ec580000,0x00000000ec580000,0x00000000f0100000)
  from space 7168K, 75% used [0x00000000f0100000,0x00000000f0640058,0x00000000f0800000)
  to   space 6656K, 0% used [0x00000000f0800000,0x00000000f0800000,0x00000000f0e80000)
 ParOldGen       total 40960K, used 9669K [0x00000000c5000000, 0x00000000c7800000, 0x00000000ec580000)
  object space 40960K, 23% used [0x00000000c5000000,0x00000000c5971408,0x00000000c7800000)
 Metaspace       used 20804K, capacity 21032K, committed 21248K, reserved 1067008K
  class space    used 2603K, capacity 2697K, committed 2816K, reserved 1048576K
Event: 1.422 GC heap after
Heap after GC invocations=8 (full 1):
 PSYoungGen      total 68096K, used 0K [0x00000000ec580000, 0x00000000f0f80000, 0x0000000100000000)
  eden space 60928K, 0% used [0x00000000ec580000,0x00000000ec580000,0x00000000f0100000)
  from space 7168K, 0% used [0x00000000f0100000,0x00000000f0100000,0x00000000f0800000)
  to   space 6656K, 0% used [0x00000000f0800000,0x00000000f0800000,0x00000000f0e80000)
 ParOldGen       total 33792K, used 7877K [0x00000000c5000000, 0x00000000c7100000, 0x00000000ec580000)
  object space 33792K, 23% used [0x00000000c5000000,0x00000000c57b14a0,0x00000000c7100000)
 Metaspace       used 20804K, capacity 21032K, committed 21248K, reserved 1067008K
  class space    used 2603K, capacity 2697K, committed 2816K, reserved 1048576K
}
Event: 1.939 GC heap before
{Heap before GC invocations=9 (full 1):
 PSYoungGen      total 68096K, used 60928K [0x00000000ec580000, 0x00000000f0f80000, 0x0000000100000000)
  eden space 60928K, 100% used [0x00000000ec580000,0x00000000f0100000,0x00000000f0100000)
  from space 7168K, 0% used [0x00000000f0100000,0x00000000f0100000,0x00000000f0800000)
  to   space 6656K, 0% used [0x00000000f0800000,0x00000000f0800000,0x00000000f0e80000)
 ParOldGen       total 33792K, used 7877K [0x00000000c5000000, 0x00000000c7100000, 0x00000000ec580000)
  object space 33792K, 23% used [0x00000000c5000000,0x00000000c57b14a0,0x00000000c7100000)
 Metaspace       used 23909K, capacity 24176K, committed 24448K, reserved 1071104K
  class space    used 3004K, capacity 3093K, committed 3200K, reserved 1048576K

