# JRE version: Java(TM) SE Runtime Environment (8.0_144-b01) (build 1.8.0_144-b01)
# Java VM: Java HotSpot(TM) 64-Bit Server VM (25.144-b01 mixed mode windows-amd64 compressed oops)
Heap:
 PSYoungGen      total 33280K, used 22431K [0x00000000ec580000, 0x00000000ee880000, 0x0000000100000000)
  eden space 30720K, 64% used [0x00000000ec580000,0x00000000ed8eb398,0x00000000ee380000)
  from space 2560K, 99% used [0x00000000ee380000,0x00000000ee5fc9b0,0x00000000ee600000)
  to   space 2560K, 0% used [0x00000000ee600000,0x00000000ee600000,0x00000000ee880000)
 ParOldGen       total 34816K, used 9805K [0x00000000c5000000, 0x00000000c7200000, 0x00000000ec580000)
  object space 34816K, 28% used [0x00000000c5000000,0x00000000c5993460,0x00000000c7200000)
 Metaspace       used 23167K, capacity 23454K, committed 23808K, reserved 1071104K
  class space    used 2876K, capacity 2972K, committed 3072K, reserved 1048576K
GC Heap History (10 events):
Event: 1.160 GC heap before
{Heap before GC invocations=6 (full 0):
 PSYoungGen      total 33280K, used 33253K [0x00000000ec580000, 0x00000000ee880000, 0x0000000100000000)
  eden space 30720K, 100% used [0x00000000ec580000,0x00000000ee380000,0x00000000ee380000)
  from space 2560K, 98% used [0x00000000ee380000,0x00000000ee5f9428,0x00000000ee600000)
  to   space 2560K, 0% used [0x00000000ee600000,0x00000000ee600000,0x00000000ee880000)
 ParOldGen       total 40960K, used 9810K [0x00000000c5000000, 0x00000000c7800000, 0x00000000ec580000)
  object space 40960K, 23% used [0x00000000c5000000,0x00000000c59949e8,0x00000000c7800000)
 Metaspace       used 20036K, capacity 20316K, committed 20480K, reserved 1067008K
  class space    used 2435K, capacity 2513K, committed 2560K, reserved 1048576K
Event: 1.166 GC heap after
Heap after GC invocations=6 (full 0):
 PSYoungGen      total 33280K, used 2544K [0x00000000ec580000, 0x00000000ee880000, 0x0000000100000000)
  eden space 30720K, 0% used [0x00000000ec580000,0x00000000ec580000,0x00000000ee380000)
  from space 2560K, 99% used [0x00000000ee600000,0x00000000ee87c050,0x00000000ee880000)
  to   space 2560K, 0% used [0x00000000ee380000,0x00000000ee380000,0x00000000ee600000)
 ParOldGen       total 40960K, used 12944K [0x00000000c5000000, 0x00000000c7800000, 0x00000000ec580000)
  object space 40960K, 31% used [0x00000000c5000000,0x00000000c5ca43d0,0x00000000c7800000)
 Metaspace       used 20036K, capacity 20316K, committed 20480K, reserved 1067008K
  class space    used 2435K, capacity 2513K, committed 2560K, reserved 1048576K
}
Event: 1.315 GC heap before
{Heap before GC invocations=7 (full 0):
 PSYoungGen      total 33280K, used 33264K [0x00000000ec580000, 0x00000000ee880000, 0x0000000100000000)
  eden space 30720K, 100% used [0x00000000ec580000,0x00000000ee380000,0x00000000ee380000)
  from space 2560K, 99% used [0x00000000ee600000,0x00000000ee87c050,0x00000000ee880000)
  to   space 2560K, 0% used [0x00000000ee380000,0x00000000ee380000,0x00000000ee600000)
 ParOldGen       total 40960K, used 12944K [0x00000000c5000000, 0x00000000c7800000, 0x00000000ec580000)
  object space 40960K, 31% used [0x00000000c5000000,0x00000000c5ca43d0,0x00000000c7800000)
 Metaspace       used 20604K, capacity 20942K, committed 21120K, reserved 1067008K
  class space    used 2508K, capacity 2612K, committed 2688K, reserved 1048576K
Event: 1.321 GC heap after
Heap after GC invocations=7 (full 0):
 PSYoungGen      total 33280K, used 2531K [0x00000000ec580000, 0x00000000ee880000, 0x0000000100000000)
  eden space 30720K, 0% used [0x00000000ec580000,0x00000000ec580000,0x00000000ee380000)
  from space 2560K, 98% used [0x00000000ee380000,0x00000000ee5f8dd8,0x00000000ee600000)
  to   space 2560K, 0% used [0x00000000ee600000,0x00000000ee600000,0x00000000ee880000)
 ParOldGen       total 40960K, used 15913K [0x00000000c5000000, 0x00000000c7800000, 0x00000000ec580000)
  object space 40960K, 38% used [0x00000000c5000000,0x00000000c5f8a7a8,0x00000000c7800000)
 Metaspace       used 20604K, capacity 20942K, committed 21120K, reserved 1067008K
  class space    used 2508K, capacity 2612K, committed 2688K, reserved 1048576K
}
Event: 1.351 GC heap before
{Heap before GC invocations=8 (full 0):
 PSYoungGen      total 33280K, used 7736K [0x00000000ec580000, 0x00000000ee880000, 0x0000000100000000)
  eden space 30720K, 16% used [0x00000000ec580000,0x00000000eca95428,0x00000000ee380000)
  from space 2560K, 98% used [0x00000000ee380000,0x00000000ee5f8dd8,0x00000000ee600000)
  to   space 2560K, 0% used [0x00000000ee600000,0x00000000ee600000,0x00000000ee880000)
 ParOldGen       total 40960K, used 15913K [0x00000000c5000000, 0x00000000c7800000, 0x00000000ec580000)
  object space 40960K, 38% used [0x00000000c5000000,0x00000000c5f8a7a8,0x00000000c7800000)
 Metaspace       used 20852K, capacity 21172K, committed 21296K, reserved 1069056K
  class space    used 2532K, capacity 2645K, committed 2688K, reserved 1048576K
Event: 1.355 GC heap after
Heap after GC invocations=8 (full 0):
 PSYoungGen      total 33280K, used 2544K [0x00000000ec580000, 0x00000000ee880000, 0x0000000100000000)
  eden space 30720K, 0% used [0x00000000ec580000,0x00000000ec580000,0x00000000ee380000)
  from space 2560K, 99% used [0x00000000ee600000,0x00000000ee87c010,0x00000000ee880000)
  to   space 2560K, 0% used [0x00000000ee380000,0x00000000ee380000,0x00000000ee600000)
 ParOldGen       total 40960K, used 16662K [0x00000000c5000000, 0x00000000c7800000, 0x00000000ec580000)
  object space 40960K, 40% used [0x00000000c5000000,0x00000000c6045b28,0x00000000c7800000)
 Metaspace       used 20852K, capacity 21172K, committed 21296K, reserved 1069056K
  class space    used 2532K, capacity 2645K, committed 2688K, reserved 1048576K
}
Event: 1.355 GC heap before
{Heap before GC invocations=9 (full 1):
 PSYoungGen      total 33280K, used 2544K [0x00000000ec580000, 0x00000000ee880000, 0x0000000100000000)
  eden space 30720K, 0% used [0x00000000ec580000,0x00000000ec580000,0x00000000ee380000)
  from space 2560K, 99% used [0x00000000ee600000,0x00000000ee87c010,0x00000000ee880000)
  to   space 2560K, 0% used [0x00000000ee380000,0x00000000ee380000,0x00000000ee600000)
 ParOldGen       total 40960K, used 16662K [0x00000000c5000000, 0x00000000c7800000, 0x00000000ec580000)
  object space 40960K, 40% used [0x00000000c5000000,0x00000000c6045b28,0x00000000c7800000)
 Metaspace       used 20852K, capacity 21172K, committed 21296K, reserved 1069056K
  class space    used 2532K, capacity 2645K, committed 2688K, reserved 1048576K
Event: 1.389 GC heap after
Heap after GC invocations=9 (full 1):
 PSYoungGen      total 33280K, used 0K [0x00000000ec580000, 0x00000000ee880000, 0x0000000100000000)
  eden space 30720K, 0% used [0x00000000ec580000,0x00000000ec580000,0x00000000ee380000)
  from space 2560K, 0% used [0x00000000ee600000,0x00000000ee600000,0x00000000ee880000)
  to   space 2560K, 0% used [0x00000000ee380000,0x00000000ee380000,0x00000000ee600000)
 ParOldGen       total 34816K, used 8826K [0x00000000c5000000, 0x00000000c7200000, 0x00000000ec580000)
  object space 34816K, 25% used [0x00000000c5000000,0x00000000c589e800,0x00000000c7200000)
 Metaspace       used 20852K, capacity 21172K, committed 21296K, reserved 1069056K
  class space    used 2532K, capacity 2645K, committed 2688K, reserved 1048576K
}
Event: 1.646 GC heap before
{Heap before GC invocations=10 (full 1):
 PSYoungGen      total 33280K, used 30720K [0x00000000ec580000, 0x00000000ee880000, 0x0000000100000000)
  eden space 30720K, 100% used [0x00000000ec580000,0x00000000ee380000,0x00000000ee380000)
  from space 2560K, 0% used [0x00000000ee600000,0x00000000ee600000,0x00000000ee880000)
  to   space 2560K, 0% used [0x00000000ee380000,0x00000000ee380000,0x00000000ee600000)
 ParOldGen       total 34816K, used 8826K [0x00000000c5000000, 0x00000000c7200000, 0x00000000ec580000)
  object space 34816K, 25% used [0x00000000c5000000,0x00000000c589e800,0x00000000c7200000)
 Metaspace       used 22234K, capacity 22552K, committed 22832K, reserved 1069056K
  class space    used 2736K, capacity 2843K, committed 2944K, reserved 1048576K
Event: 1.648 GC heap after
Heap after GC invocations=10 (full 1):
 PSYoungGen      total 33280K, used 2546K [0x00000000ec580000, 0x00000000ee880000, 0x0000000100000000)
  eden space 30720K, 0% used [0x00000000ec580000,0x00000000ec580000,0x00000000ee380000)
  from space 2560K, 99% used [0x00000000ee380000,0x00000000ee5fc9b0,0x00000000ee600000)
  to   space 2560K, 0% used [0x00000000ee600000,0x00000000ee600000,0x00000000ee880000)
 ParOldGen       total 34816K, used 9805K [0x00000000c5000000, 0x00000000c7200000, 0x00000000ec580000)
  object space 34816K, 28% used [0x00000000c5000000,0x00000000c5993460,0x00000000c7200000)
 Metaspace       used 22234K, capacity 22552K, committed 22832K, reserved 1069056K
  class space    used 2736K, capacity 2843K, committed 2944K, reserved 1048576K
}

