# JRE version: Java(TM) SE Runtime Environment (8.0_144-b01) (build 1.8.0_144-b01)
# Java VM: Java HotSpot(TM) 64-Bit Server VM (25.144-b01 mixed mode windows-amd64 compressed oops)
Heap:
 PSYoungGen      total 33280K, used 5101K [0x00000000ec580000, 0x00000000ee880000, 0x0000000100000000)
  eden space 30720K, 9% used [0x00000000ec580000,0x00000000ec84b7d8,0x00000000ee380000)
  from space 2560K, 87% used [0x00000000ee380000,0x00000000ee5b0000,0x00000000ee600000)
  to   space 2560K, 0% used [0x00000000ee600000,0x00000000ee600000,0x00000000ee880000)
 ParOldGen       total 33280K, used 15699K [0x00000000c5000000, 0x00000000c7080000, 0x00000000ec580000)
  object space 33280K, 47% used [0x00000000c5000000,0x00000000c5f54e48,0x00000000c7080000)
 Metaspace       used 25645K, capacity 25984K, committed 26112K, reserved 1073152K
  class space    used 3185K, capacity 3271K, committed 3328K, reserved 1048576K
GC Heap History (10 events):
Event: 1.386 GC heap before
{Heap before GC invocations=8 (full 0):
 PSYoungGen      total 33280K, used 3032K [0x00000000ec580000, 0x00000000ee880000, 0x0000000100000000)
  eden space 30720K, 1% used [0x00000000ec580000,0x00000000ec5f60d8,0x00000000ee380000)
  from space 2560K, 100% used [0x00000000ee380000,0x00000000ee600000,0x00000000ee600000)
  to   space 2560K, 0% used [0x00000000ee600000,0x00000000ee600000,0x00000000ee880000)
 ParOldGen       total 40960K, used 15964K [0x00000000c5000000, 0x00000000c7800000, 0x00000000ec580000)
  object space 40960K, 38% used [0x00000000c5000000,0x00000000c5f97170,0x00000000c7800000)
 Metaspace       used 20873K, capacity 21166K, committed 21296K, reserved 1069056K
  class space    used 2541K, capacity 2644K, committed 2688K, reserved 1048576K
Event: 1.389 GC heap after
Heap after GC invocations=8 (full 0):
 PSYoungGen      total 33280K, used 2240K [0x00000000ec580000, 0x00000000ee880000, 0x0000000100000000)
  eden space 30720K, 0% used [0x00000000ec580000,0x00000000ec580000,0x00000000ee380000)
  from space 2560K, 87% used [0x00000000ee600000,0x00000000ee830020,0x00000000ee880000)
  to   space 2560K, 0% used [0x00000000ee380000,0x00000000ee380000,0x00000000ee600000)
 ParOldGen       total 40960K, used 16460K [0x00000000c5000000, 0x00000000c7800000, 0x00000000ec580000)
  object space 40960K, 40% used [0x00000000c5000000,0x00000000c60130e0,0x00000000c7800000)
 Metaspace       used 20873K, capacity 21166K, committed 21296K, reserved 1069056K
  class space    used 2541K, capacity 2644K, committed 2688K, reserved 1048576K
}
Event: 1.389 GC heap before
{Heap before GC invocations=9 (full 1):
 PSYoungGen      total 33280K, used 2240K [0x00000000ec580000, 0x00000000ee880000, 0x0000000100000000)
  eden space 30720K, 0% used [0x00000000ec580000,0x00000000ec580000,0x00000000ee380000)
  from space 2560K, 87% used [0x00000000ee600000,0x00000000ee830020,0x00000000ee880000)
  to   space 2560K, 0% used [0x00000000ee380000,0x00000000ee380000,0x00000000ee600000)
 ParOldGen       total 40960K, used 16460K [0x00000000c5000000, 0x00000000c7800000, 0x00000000ec580000)
  object space 40960K, 40% used [0x00000000c5000000,0x00000000c60130e0,0x00000000c7800000)
 Metaspace       used 20873K, capacity 21166K, committed 21296K, reserved 1069056K
  class space    used 2541K, capacity 2644K, committed 2688K, reserved 1048576K
Event: 1.428 GC heap after
Heap after GC invocations=9 (full 1):
 PSYoungGen      total 33280K, used 0K [0x00000000ec580000, 0x00000000ee880000, 0x0000000100000000)
  eden space 30720K, 0% used [0x00000000ec580000,0x00000000ec580000,0x00000000ee380000)
  from space 2560K, 0% used [0x00000000ee600000,0x00000000ee600000,0x00000000ee880000)
  to   space 2560K, 0% used [0x00000000ee380000,0x00000000ee380000,0x00000000ee600000)
 ParOldGen       total 33280K, used 10918K [0x00000000c5000000, 0x00000000c7080000, 0x00000000ec580000)
  object space 33280K, 32% used [0x00000000c5000000,0x00000000c5aa9b30,0x00000000c7080000)
 Metaspace       used 20873K, capacity 21166K, committed 21296K, reserved 1069056K
  class space    used 2541K, capacity 2644K, committed 2688K, reserved 1048576K
}
Event: 1.705 GC heap before
{Heap before GC invocations=10 (full 1):
 PSYoungGen      total 33280K, used 30720K [0x00000000ec580000, 0x00000000ee880000, 0x0000000100000000)
  eden space 30720K, 100% used [0x00000000ec580000,0x00000000ee380000,0x00000000ee380000)
  from space 2560K, 0% used [0x00000000ee600000,0x00000000ee600000,0x00000000ee880000)
  to   space 2560K, 0% used [0x00000000ee380000,0x00000000ee380000,0x00000000ee600000)
 ParOldGen       total 33280K, used 10918K [0x00000000c5000000, 0x00000000c7080000, 0x00000000ec580000)
  object space 33280K, 32% used [0x00000000c5000000,0x00000000c5aa9b30,0x00000000c7080000)
 Metaspace       used 22326K, capacity 22642K, committed 22832K, reserved 1069056K
  class space    used 2750K, capacity 2874K, committed 2944K, reserved 1048576K
Event: 1.710 GC heap after
Heap after GC invocations=10 (full 1):
 PSYoungGen      total 33280K, used 2552K [0x00000000ec580000, 0x00000000ee880000, 0x0000000100000000)
  eden space 30720K, 0% used [0x00000000ec580000,0x00000000ec580000,0x00000000ee380000)
  from space 2560K, 99% used [0x00000000ee380000,0x00000000ee5fe168,0x00000000ee600000)
  to   space 2560K, 0% used [0x00000000ee600000,0x00000000ee600000,0x00000000ee880000)
 ParOldGen       total 33280K, used 11862K [0x00000000c5000000, 0x00000000c7080000, 0x00000000ec580000)
  object space 33280K, 35% used [0x00000000c5000000,0x00000000c5b95b60,0x00000000c7080000)
 Metaspace       used 22326K, capacity 22642K, committed 22832K, reserved 1069056K
  class space    used 2750K, capacity 2874K, committed 2944K, reserved 1048576K
}
Event: 2.129 GC heap before
{Heap before GC invocations=11 (full 1):
 PSYoungGen      total 33280K, used 33272K [0x00000000ec580000, 0x00000000ee880000, 0x0000000100000000)
  eden space 30720K, 100% used [0x00000000ec580000,0x00000000ee380000,0x00000000ee380000)
  from space 2560K, 99% used [0x00000000ee380000,0x00000000ee5fe168,0x00000000ee600000)
  to   space 2560K, 0% used [0x00000000ee600000,0x00000000ee600000,0x00000000ee880000)
 ParOldGen       total 33280K, used 11862K [0x00000000c5000000, 0x00000000c7080000, 0x00000000ec580000)
  object space 33280K, 35% used [0x00000000c5000000,0x00000000c5b95b60,0x00000000c7080000)
 Metaspace       used 24328K, capacity 24656K, committed 24960K, reserved 1071104K
  class space    used 3015K, capacity 3135K, committed 3200K, reserved 1048576K
Event: 2.132 GC heap after
Heap after GC invocations=11 (full 1):
 PSYoungGen      total 33280K, used 2528K [0x00000000ec580000, 0x00000000ee880000, 0x0000000100000000)
  eden space 30720K, 0% used [0x00000000ec580000,0x00000000ec580000,0x00000000ee380000)
  from space 2560K, 98% used [0x00000000ee600000,0x00000000ee878020,0x00000000ee880000)
  to   space 2560K, 0% used [0x00000000ee380000,0x00000000ee380000,0x00000000ee600000)
 ParOldGen       total 33280K, used 13428K [0x00000000c5000000, 0x00000000c7080000, 0x00000000ec580000)
  object space 33280K, 40% used [0x00000000c5000000,0x00000000c5d1d0e0,0x00000000c7080000)
 Metaspace       used 24328K, capacity 24656K, committed 24960K, reserved 1071104K
  class space    used 3015K, capacity 3135K, committed 3200K, reserved 1048576K
}
Event: 2.413 GC heap before
{Heap before GC invocations=12 (full 1):
 PSYoungGen      total 33280K, used 33248K [0x00000000ec580000, 0x00000000ee880000, 0x0000000100000000)
  eden space 30720K, 100% used [0x00000000ec580000,0x00000000ee380000,0x00000000ee380000)
  from space 2560K, 98% used [0x00000000ee600000,0x00000000ee878020,0x00000000ee880000)
  to   space 2560K, 0% used [0x00000000ee380000,0x00000000ee380000,0x00000000ee600000)
 ParOldGen       total 33280K, used 13428K [0x00000000c5000000, 0x00000000c7080000, 0x00000000ec580000)
  object space 33280K, 40% used [0x00000000c5000000,0x00000000c5d1d0e0,0x00000000c7080000)
 Metaspace       used 25313K, capacity 25664K, committed 25856K, reserved 1071104K
  class space    used 3160K, capacity 3271K, committed 3328K, reserved 1048576K
Event: 2.418 GC heap after
Heap after GC invocations=12 (full 1):
 PSYoungGen      total 33280K, used 2240K [0x00000000ec580000, 0x00000000ee880000, 0x0000000100000000)
  eden space 30720K, 0% used [0x00000000ec580000,0x00000000ec580000,0x00000000ee380000)
  from space 2560K, 87% used [0x00000000ee380000,0x00000000ee5b0000,0x00000000ee600000)
  to   space 2560K, 0% used [0x00000000ee600000,0x00000000ee600000,0x00000000ee880000)
 ParOldGen       total 33280K, used 15699K [0x00000000c5000000, 0x00000000c7080000, 0x00000000ec580000)
  object space 33280K, 47% used [0x00000000c5000000,0x00000000c5f54e48,0x00000000c7080000)
 Metaspace       used 25313K, capacity 25664K, committed 25856K, reserved 1071104K
  class space    used 3160K, capacity 3271K, committed 3328K, reserved 1048576K
}

