# JRE version: Java(TM) SE Runtime Environment (8.0_144-b01) (build 1.8.0_144-b01)
# Java VM: Java HotSpot(TM) 64-Bit Server VM (25.144-b01 mixed mode windows-amd64 compressed oops)
Heap:
 PSYoungGen      total 68096K, used 37413K [0x00000000ec580000, 0x00000000f1080000, 0x0000000100000000)
  eden space 60928K, 51% used [0x00000000ec580000,0x00000000ee44e5f8,0x00000000f0100000)
  from space 7168K, 81% used [0x00000000f0880000,0x00000000f0e3b108,0x00000000f0f80000)
  to   space 7680K, 31% used [0x00000000f0100000,0x00000000f0360dd8,0x00000000f0880000)
 ParOldGen       total 40960K, used 10539K [0x00000000c5000000, 0x00000000c7800000, 0x00000000ec580000)
  object space 40960K, 25% used [0x00000000c5000000,0x00000000c5a4ce10,0x00000000c7800000)
 Metaspace       used 20904K, capacity 21166K, committed 21296K, reserved 1069056K
  class space    used 2545K, capacity 2644K, committed 2688K, reserved 1048576K
GC Heap History (10 events):
Event: 0.571 GC heap before
{Heap before GC invocations=2 (full 0):
 PSYoungGen      total 17920K, used 17891K [0x00000000ec580000, 0x00000000ed980000, 0x0000000100000000)
  eden space 15360K, 100% used [0x00000000ec580000,0x00000000ed480000,0x00000000ed480000)
  from space 2560K, 98% used [0x00000000ed480000,0x00000000ed6f8d40,0x00000000ed700000)
  to   space 2560K, 0% used [0x00000000ed700000,0x00000000ed700000,0x00000000ed980000)
 ParOldGen       total 40960K, used 483K [0x00000000c5000000, 0x00000000c7800000, 0x00000000ec580000)
  object space 40960K, 1% used [0x00000000c5000000,0x00000000c5078e80,0x00000000c7800000)
 Metaspace       used 8382K, capacity 8490K, committed 8576K, reserved 1056768K
  class space    used 1066K, capacity 1107K, committed 1152K, reserved 1048576K
Event: 0.573 GC heap after
Heap after GC invocations=2 (full 0):
 PSYoungGen      total 17920K, used 2541K [0x00000000ec580000, 0x00000000ed980000, 0x0000000100000000)
  eden space 15360K, 0% used [0x00000000ec580000,0x00000000ec580000,0x00000000ed480000)
  from space 2560K, 99% used [0x00000000ed700000,0x00000000ed97b520,0x00000000ed980000)
  to   space 2560K, 0% used [0x00000000ed480000,0x00000000ed480000,0x00000000ed700000)
 ParOldGen       total 40960K, used 1356K [0x00000000c5000000, 0x00000000c7800000, 0x00000000ec580000)
  object space 40960K, 3% used [0x00000000c5000000,0x00000000c51532d8,0x00000000c7800000)
 Metaspace       used 8382K, capacity 8490K, committed 8576K, reserved 1056768K
  class space    used 1066K, capacity 1107K, committed 1152K, reserved 1048576K
}
Event: 0.646 GC heap before
{Heap before GC invocations=3 (full 0):
 PSYoungGen      total 17920K, used 17901K [0x00000000ec580000, 0x00000000ed980000, 0x0000000100000000)
  eden space 15360K, 100% used [0x00000000ec580000,0x00000000ed480000,0x00000000ed480000)
  from space 2560K, 99% used [0x00000000ed700000,0x00000000ed97b520,0x00000000ed980000)
  to   space 2560K, 0% used [0x00000000ed480000,0x00000000ed480000,0x00000000ed700000)
 ParOldGen       total 40960K, used 1412K [0x00000000c5000000, 0x00000000c7800000, 0x00000000ec580000)
  object space 40960K, 3% used [0x00000000c5000000,0x00000000c5161030,0x00000000c7800000)
 Metaspace       used 10683K, capacity 10794K, committed 10880K, reserved 1058816K
  class space    used 1322K, capacity 1363K, committed 1408K, reserved 1048576K
Event: 0.649 GC heap after
Heap after GC invocations=3 (full 0):
 PSYoungGen      total 17920K, used 2536K [0x00000000ec580000, 0x00000000ee880000, 0x0000000100000000)
  eden space 15360K, 0% used [0x00000000ec580000,0x00000000ec580000,0x00000000ed480000)
  from space 2560K, 99% used [0x00000000ed480000,0x00000000ed6fa1d0,0x00000000ed700000)
  to   space 2560K, 0% used [0x00000000ee600000,0x00000000ee600000,0x00000000ee880000)
 ParOldGen       total 40960K, used 3265K [0x00000000c5000000, 0x00000000c7800000, 0x00000000ec580000)
  object space 40960K, 7% used [0x00000000c5000000,0x00000000c5330468,0x00000000c7800000)
 Metaspace       used 10683K, capacity 10794K, committed 10880K, reserved 1058816K
  class space    used 1322K, capacity 1363K, committed 1408K, reserved 1048576K
}
Event: 0.717 GC heap before
{Heap before GC invocations=4 (full 0):
 PSYoungGen      total 17920K, used 17896K [0x00000000ec580000, 0x00000000ee880000, 0x0000000100000000)
  eden space 15360K, 100% used [0x00000000ec580000,0x00000000ed480000,0x00000000ed480000)
  from space 2560K, 99% used [0x00000000ed480000,0x00000000ed6fa1d0,0x00000000ed700000)
  to   space 2560K, 0% used [0x00000000ee600000,0x00000000ee600000,0x00000000ee880000)
 ParOldGen       total 40960K, used 3265K [0x00000000c5000000, 0x00000000c7800000, 0x00000000ec580000)
  object space 40960K, 7% used [0x00000000c5000000,0x00000000c5330468,0x00000000c7800000)
 Metaspace       used 12601K, capacity 12778K, committed 12928K, reserved 1060864K
  class space    used 1569K, capacity 1619K, committed 1664K, reserved 1048576K
Event: 0.722 GC heap after
Heap after GC invocations=4 (full 0):
 PSYoungGen      total 33280K, used 2529K [0x00000000ec580000, 0x00000000ee880000, 0x0000000100000000)
  eden space 30720K, 0% used [0x00000000ec580000,0x00000000ec580000,0x00000000ee380000)
  from space 2560K, 98% used [0x00000000ee600000,0x00000000ee8784d0,0x00000000ee880000)
  to   space 2560K, 0% used [0x00000000ee380000,0x00000000ee380000,0x00000000ee600000)
 ParOldGen       total 40960K, used 5150K [0x00000000c5000000, 0x00000000c7800000, 0x00000000ec580000)
  object space 40960K, 12% used [0x00000000c5000000,0x00000000c5507a08,0x00000000c7800000)
 Metaspace       used 12601K, capacity 12778K, committed 12928K, reserved 1060864K
  class space    used 1569K, capacity 1619K, committed 1664K, reserved 1048576K
}
Event: 1.027 GC heap before
{Heap before GC invocations=5 (full 0):
 PSYoungGen      total 33280K, used 33249K [0x00000000ec580000, 0x00000000ee880000, 0x0000000100000000)
  eden space 30720K, 100% used [0x00000000ec580000,0x00000000ee380000,0x00000000ee380000)
  from space 2560K, 98% used [0x00000000ee600000,0x00000000ee8784d0,0x00000000ee880000)
  to   space 2560K, 0% used [0x00000000ee380000,0x00000000ee380000,0x00000000ee600000)
 ParOldGen       total 40960K, used 5150K [0x00000000c5000000, 0x00000000c7800000, 0x00000000ec580000)
  object space 40960K, 12% used [0x00000000c5000000,0x00000000c5507a08,0x00000000c7800000)
 Metaspace       used 17510K, capacity 17640K, committed 17792K, reserved 1064960K
  class space    used 2131K, capacity 2152K, committed 2176K, reserved 1048576K
Event: 1.041 GC heap after
Heap after GC invocations=5 (full 0):
 PSYoungGen      total 33280K, used 2533K [0x00000000ec580000, 0x00000000f0f80000, 0x0000000100000000)
  eden space 30720K, 0% used [0x00000000ec580000,0x00000000ec580000,0x00000000ee380000)
  from space 2560K, 98% used [0x00000000ee380000,0x00000000ee5f9658,0x00000000ee600000)
  to   space 7168K, 0% used [0x00000000f0880000,0x00000000f0880000,0x00000000f0f80000)
 ParOldGen       total 40960K, used 9603K [0x00000000c5000000, 0x00000000c7800000, 0x00000000ec580000)
  object space 40960K, 23% used [0x00000000c5000000,0x00000000c5960cc0,0x00000000c7800000)
 Metaspace       used 17510K, capacity 17640K, committed 17792K, reserved 1064960K
  class space    used 2131K, capacity 2152K, committed 2176K, reserved 1048576K
}
Event: 1.438 GC heap before
{Heap before GC invocations=6 (full 0):
 PSYoungGen      total 33280K, used 33253K [0x00000000ec580000, 0x00000000f0f80000, 0x0000000100000000)
  eden space 30720K, 100% used [0x00000000ec580000,0x00000000ee380000,0x00000000ee380000)
  from space 2560K, 98% used [0x00000000ee380000,0x00000000ee5f9658,0x00000000ee600000)
  to   space 7168K, 0% used [0x00000000f0880000,0x00000000f0880000,0x00000000f0f80000)
 ParOldGen       total 40960K, used 9603K [0x00000000c5000000, 0x00000000c7800000, 0x00000000ec580000)
  object space 40960K, 23% used [0x00000000c5000000,0x00000000c5960cc0,0x00000000c7800000)
 Metaspace       used 20009K, capacity 20314K, committed 20480K, reserved 1067008K
  class space    used 2429K, capacity 2502K, committed 2560K, reserved 1048576K
Event: 1.448 GC heap after
Heap after GC invocations=6 (full 0):
 PSYoungGen      total 68096K, used 5868K [0x00000000ec580000, 0x00000000f1080000, 0x0000000100000000)
  eden space 60928K, 0% used [0x00000000ec580000,0x00000000ec580000,0x00000000f0100000)
  from space 7168K, 81% used [0x00000000f0880000,0x00000000f0e3b108,0x00000000f0f80000)
  to   space 7680K, 0% used [0x00000000f0100000,0x00000000f0100000,0x00000000f0880000)
 ParOldGen       total 40960K, used 9611K [0x00000000c5000000, 0x00000000c7800000, 0x00000000ec580000)
  object space 40960K, 23% used [0x00000000c5000000,0x00000000c5962cc0,0x00000000c7800000)
 Metaspace       used 20009K, capacity 20314K, committed 20480K, reserved 1067008K
  class space    used 2429K, capacity 2502K, committed 2560K, reserved 1048576K
}

