# JRE version: Java(TM) SE Runtime Environment (8.0_144-b01) (build 1.8.0_144-b01)
# Java VM: Java HotSpot(TM) 64-Bit Server VM (25.144-b01 mixed mode windows-amd64 compressed oops)
Heap:
 PSYoungGen      total 68096K, used 40423K [0x00000000ec580000, 0x00000000f1080000, 0x0000000100000000)
  eden space 60928K, 56% used [0x00000000ec580000,0x00000000ee6e96f8,0x00000000f0100000)
  from space 7168K, 86% used [0x00000000f0880000,0x00000000f0e905f0,0x00000000f0f80000)
  to   space 7680K, 0% used [0x00000000f0100000,0x00000000f0100000,0x00000000f0880000)
 ParOldGen       total 40960K, used 9388K [0x00000000c5000000, 0x00000000c7800000, 0x00000000ec580000)
  object space 40960K, 22% used [0x00000000c5000000,0x00000000c592b388,0x00000000c7800000)
 Metaspace       used 20656K, capacity 20974K, committed 21120K, reserved 1067008K
  class space    used 2510K, capacity 2580K, committed 2688K, reserved 1048576K
GC Heap History (10 events):
Event: 0.494 GC heap before
{Heap before GC invocations=2 (full 0):
 PSYoungGen      total 17920K, used 17896K [0x00000000ec580000, 0x00000000ed980000, 0x0000000100000000)
  eden space 15360K, 100% used [0x00000000ec580000,0x00000000ed480000,0x00000000ed480000)
  from space 2560K, 99% used [0x00000000ed480000,0x00000000ed6fa2c0,0x00000000ed700000)
  to   space 2560K, 0% used [0x00000000ed700000,0x00000000ed700000,0x00000000ed980000)
 ParOldGen       total 40960K, used 510K [0x00000000c5000000, 0x00000000c7800000, 0x00000000ec580000)
  object space 40960K, 1% used [0x00000000c5000000,0x00000000c507f828,0x00000000c7800000)
 Metaspace       used 8392K, capacity 8490K, committed 8576K, reserved 1056768K
  class space    used 1065K, capacity 1107K, committed 1152K, reserved 1048576K
Event: 0.496 GC heap after
Heap after GC invocations=2 (full 0):
 PSYoungGen      total 17920K, used 2540K [0x00000000ec580000, 0x00000000ee880000, 0x0000000100000000)
  eden space 15360K, 0% used [0x00000000ec580000,0x00000000ec580000,0x00000000ed480000)
  from space 2560K, 99% used [0x00000000ed700000,0x00000000ed97b070,0x00000000ed980000)
  to   space 2560K, 0% used [0x00000000ed480000,0x00000000ed480000,0x00000000ed700000)
 ParOldGen       total 40960K, used 1330K [0x00000000c5000000, 0x00000000c7800000, 0x00000000ec580000)
  object space 40960K, 3% used [0x00000000c5000000,0x00000000c514c900,0x00000000c7800000)
 Metaspace       used 8392K, capacity 8490K, committed 8576K, reserved 1056768K
  class space    used 1065K, capacity 1107K, committed 1152K, reserved 1048576K
}
Event: 0.553 GC heap before
{Heap before GC invocations=3 (full 0):
 PSYoungGen      total 17920K, used 17886K [0x00000000ec580000, 0x00000000ee880000, 0x0000000100000000)
  eden space 15360K, 99% used [0x00000000ec580000,0x00000000ed47cb30,0x00000000ed480000)
  from space 2560K, 99% used [0x00000000ed700000,0x00000000ed97b070,0x00000000ed980000)
  to   space 2560K, 0% used [0x00000000ed480000,0x00000000ed480000,0x00000000ed700000)
 ParOldGen       total 40960K, used 1330K [0x00000000c5000000, 0x00000000c7800000, 0x00000000ec580000)
  object space 40960K, 3% used [0x00000000c5000000,0x00000000c514c900,0x00000000c7800000)
 Metaspace       used 10608K, capacity 10730K, committed 10880K, reserved 1058816K
  class space    used 1317K, capacity 1363K, committed 1408K, reserved 1048576K
Event: 0.557 GC heap after
Heap after GC invocations=3 (full 0):
 PSYoungGen      total 17920K, used 2547K [0x00000000ec580000, 0x00000000ee880000, 0x0000000100000000)
  eden space 15360K, 0% used [0x00000000ec580000,0x00000000ec580000,0x00000000ed480000)
  from space 2560K, 99% used [0x00000000ed480000,0x00000000ed6fcd38,0x00000000ed700000)
  to   space 2560K, 0% used [0x00000000ee600000,0x00000000ee600000,0x00000000ee880000)
 ParOldGen       total 40960K, used 3201K [0x00000000c5000000, 0x00000000c7800000, 0x00000000ec580000)
  object space 40960K, 7% used [0x00000000c5000000,0x00000000c5320698,0x00000000c7800000)
 Metaspace       used 10608K, capacity 10730K, committed 10880K, reserved 1058816K
  class space    used 1317K, capacity 1363K, committed 1408K, reserved 1048576K
}
Event: 0.610 GC heap before
{Heap before GC invocations=4 (full 0):
 PSYoungGen      total 17920K, used 17907K [0x00000000ec580000, 0x00000000ee880000, 0x0000000100000000)
  eden space 15360K, 100% used [0x00000000ec580000,0x00000000ed480000,0x00000000ed480000)
  from space 2560K, 99% used [0x00000000ed480000,0x00000000ed6fcd38,0x00000000ed700000)
  to   space 2560K, 0% used [0x00000000ee600000,0x00000000ee600000,0x00000000ee880000)
 ParOldGen       total 40960K, used 3201K [0x00000000c5000000, 0x00000000c7800000, 0x00000000ec580000)
  object space 40960K, 7% used [0x00000000c5000000,0x00000000c5320698,0x00000000c7800000)
 Metaspace       used 12615K, capacity 12714K, committed 12928K, reserved 1060864K
  class space    used 1569K, capacity 1619K, committed 1664K, reserved 1048576K
Event: 0.614 GC heap after
Heap after GC invocations=4 (full 0):
 PSYoungGen      total 33280K, used 2532K [0x00000000ec580000, 0x00000000ee880000, 0x0000000100000000)
  eden space 30720K, 0% used [0x00000000ec580000,0x00000000ec580000,0x00000000ee380000)
  from space 2560K, 98% used [0x00000000ee600000,0x00000000ee879268,0x00000000ee880000)
  to   space 2560K, 0% used [0x00000000ee380000,0x00000000ee380000,0x00000000ee600000)
 ParOldGen       total 40960K, used 5216K [0x00000000c5000000, 0x00000000c7800000, 0x00000000ec580000)
  object space 40960K, 12% used [0x00000000c5000000,0x00000000c55182d0,0x00000000c7800000)
 Metaspace       used 12615K, capacity 12714K, committed 12928K, reserved 1060864K
  class space    used 1569K, capacity 1619K, committed 1664K, reserved 1048576K
}
Event: 1.154 GC heap before
{Heap before GC invocations=5 (full 0):
 PSYoungGen      total 33280K, used 33252K [0x00000000ec580000, 0x00000000ee880000, 0x0000000100000000)
  eden space 30720K, 100% used [0x00000000ec580000,0x00000000ee380000,0x00000000ee380000)
  from space 2560K, 98% used [0x00000000ee600000,0x00000000ee879268,0x00000000ee880000)
  to   space 2560K, 0% used [0x00000000ee380000,0x00000000ee380000,0x00000000ee600000)
 ParOldGen       total 40960K, used 5216K [0x00000000c5000000, 0x00000000c7800000, 0x00000000ec580000)
  object space 40960K, 12% used [0x00000000c5000000,0x00000000c55182d0,0x00000000c7800000)
 Metaspace       used 17148K, capacity 17288K, committed 17536K, reserved 1064960K
  class space    used 2087K, capacity 2120K, committed 2176K, reserved 1048576K
Event: 1.161 GC heap after
Heap after GC invocations=5 (full 0):
 PSYoungGen      total 33280K, used 2529K [0x00000000ec580000, 0x00000000f0f80000, 0x0000000100000000)
  eden space 30720K, 0% used [0x00000000ec580000,0x00000000ec580000,0x00000000ee380000)
  from space 2560K, 98% used [0x00000000ee380000,0x00000000ee5f8510,0x00000000ee600000)
  to   space 7168K, 0% used [0x00000000f0880000,0x00000000f0880000,0x00000000f0f80000)
 ParOldGen       total 40960K, used 9380K [0x00000000c5000000, 0x00000000c7800000, 0x00000000ec580000)
  object space 40960K, 22% used [0x00000000c5000000,0x00000000c5929388,0x00000000c7800000)
 Metaspace       used 17148K, capacity 17288K, committed 17536K, reserved 1064960K
  class space    used 2087K, capacity 2120K, committed 2176K, reserved 1048576K
}
Event: 1.416 GC heap before
{Heap before GC invocations=6 (full 0):
 PSYoungGen      total 33280K, used 33249K [0x00000000ec580000, 0x00000000f0f80000, 0x0000000100000000)
  eden space 30720K, 100% used [0x00000000ec580000,0x00000000ee380000,0x00000000ee380000)
  from space 2560K, 98% used [0x00000000ee380000,0x00000000ee5f8510,0x00000000ee600000)
  to   space 7168K, 0% used [0x00000000f0880000,0x00000000f0880000,0x00000000f0f80000)
 ParOldGen       total 40960K, used 9380K [0x00000000c5000000, 0x00000000c7800000, 0x00000000ec580000)
  object space 40960K, 22% used [0x00000000c5000000,0x00000000c5929388,0x00000000c7800000)
 Metaspace       used 19510K, capacity 19776K, committed 19968K, reserved 1067008K
  class space    used 2366K, capacity 2455K, committed 2560K, reserved 1048576K
Event: 1.424 GC heap after
Heap after GC invocations=6 (full 0):
 PSYoungGen      total 68096K, used 6209K [0x00000000ec580000, 0x00000000f1080000, 0x0000000100000000)
  eden space 60928K, 0% used [0x00000000ec580000,0x00000000ec580000,0x00000000f0100000)
  from space 7168K, 86% used [0x00000000f0880000,0x00000000f0e905f0,0x00000000f0f80000)
  to   space 7680K, 0% used [0x00000000f0100000,0x00000000f0100000,0x00000000f0880000)
 ParOldGen       total 40960K, used 9388K [0x00000000c5000000, 0x00000000c7800000, 0x00000000ec580000)
  object space 40960K, 22% used [0x00000000c5000000,0x00000000c592b388,0x00000000c7800000)
 Metaspace       used 19510K, capacity 19776K, committed 19968K, reserved 1067008K
  class space    used 2366K, capacity 2455K, committed 2560K, reserved 1048576K
}

