# JRE version: Java(TM) SE Runtime Environment (8.0_144-b01) (build 1.8.0_144-b01)
# Java VM: Java HotSpot(TM) 64-Bit Server VM (25.144-b01 mixed mode windows-amd64 compressed oops)
Heap:
 PSYoungGen      total 186880K, used 158256K [0x00000000ec580000, 0x00000000f9200000, 0x0000000100000000)
  eden space 172544K, 83% used [0x00000000ec580000,0x00000000f5213368,0x00000000f6e00000)
  from space 14336K, 99% used [0x00000000f7e00000,0x00000000f8bf8df8,0x00000000f8c00000)
  to   space 16384K, 0% used [0x00000000f6e00000,0x00000000f6e00000,0x00000000f7e00000)
 ParOldGen       total 55808K, used 20916K [0x00000000c5000000, 0x00000000c8680000, 0x00000000ec580000)
  object space 55808K, 37% used [0x00000000c5000000,0x00000000c646d220,0x00000000c8680000)
 Metaspace       used 49573K, capacity 50172K, committed 50560K, reserved 1093632K
  class space    used 6338K, capacity 6479K, committed 6528K, reserved 1048576K
GC Heap History (10 events):
Event: 12.754 GC heap before
{Heap before GC invocations=10 (full 1):
 PSYoungGen      total 101376K, used 101115K [0x00000000ec580000, 0x00000000f4a80000, 0x0000000100000000)
  eden space 94720K, 99% used [0x00000000ec580000,0x00000000f21f7a00,0x00000000f2200000)
  from space 6656K, 96% used [0x00000000f4400000,0x00000000f4a47260,0x00000000f4a80000)
  to   space 8192K, 0% used [0x00000000f3a80000,0x00000000f3a80000,0x00000000f4280000)
 ParOldGen       total 35840K, used 9616K [0x00000000c5000000, 0x00000000c7300000, 0x00000000ec580000)
  object space 35840K, 26% used [0x00000000c5000000,0x00000000c59642f8,0x00000000c7300000)
 Metaspace       used 29725K, capacity 30090K, committed 30208K, reserved 1075200K
  class space    used 3718K, capacity 3820K, committed 3840K, reserved 1048576K
Event: 12.771 GC heap after
Heap after GC invocations=10 (full 1):
 PSYoungGen      total 128000K, used 8189K [0x00000000ec580000, 0x00000000f5400000, 0x0000000100000000)
  eden space 119808K, 0% used [0x00000000ec580000,0x00000000ec580000,0x00000000f3a80000)
  from space 8192K, 99% used [0x00000000f3a80000,0x00000000f427f490,0x00000000f4280000)
  to   space 11264K, 0% used [0x00000000f4900000,0x00000000f4900000,0x00000000f5400000)
 ParOldGen       total 35840K, used 14306K [0x00000000c5000000, 0x00000000c7300000, 0x00000000ec580000)
  object space 35840K, 39% used [0x00000000c5000000,0x00000000c5df88d0,0x00000000c7300000)
 Metaspace       used 29725K, capacity 30090K, committed 30208K, reserved 1075200K
  class space    used 3718K, capacity 3820K, committed 3840K, reserved 1048576K
}
Event: 26.755 GC heap before
{Heap before GC invocations=11 (full 1):
 PSYoungGen      total 128000K, used 127997K [0x00000000ec580000, 0x00000000f5400000, 0x0000000100000000)
  eden space 119808K, 100% used [0x00000000ec580000,0x00000000f3a80000,0x00000000f3a80000)
  from space 8192K, 99% used [0x00000000f3a80000,0x00000000f427f490,0x00000000f4280000)
  to   space 11264K, 0% used [0x00000000f4900000,0x00000000f4900000,0x00000000f5400000)
 ParOldGen       total 35840K, used 14306K [0x00000000c5000000, 0x00000000c7300000, 0x00000000ec580000)
  object space 35840K, 39% used [0x00000000c5000000,0x00000000c5df88d0,0x00000000c7300000)
 Metaspace       used 34247K, capacity 34638K, committed 35072K, reserved 1079296K
  class space    used 4393K, capacity 4498K, committed 4608K, reserved 1048576K
Event: 26.783 GC heap after
Heap after GC invocations=11 (full 1):
 PSYoungGen      total 132096K, used 11259K [0x00000000ec580000, 0x00000000f7480000, 0x0000000100000000)
  eden space 120832K, 0% used [0x00000000ec580000,0x00000000ec580000,0x00000000f3b80000)
  from space 11264K, 99% used [0x00000000f4900000,0x00000000f53fed18,0x00000000f5400000)
  to   space 13824K, 0% used [0x00000000f3b80000,0x00000000f3b80000,0x00000000f4900000)
 ParOldGen       total 35840K, used 18104K [0x00000000c5000000, 0x00000000c7300000, 0x00000000ec580000)
  object space 35840K, 50% used [0x00000000c5000000,0x00000000c61ae008,0x00000000c7300000)
 Metaspace       used 34247K, capacity 34638K, committed 35072K, reserved 1079296K
  class space    used 4393K, capacity 4498K, committed 4608K, reserved 1048576K
}
Event: 26.948 GC heap before
{Heap before GC invocations=12 (full 1):
 PSYoungGen      total 132096K, used 19240K [0x00000000ec580000, 0x00000000f7480000, 0x0000000100000000)
  eden space 120832K, 6% used [0x00000000ec580000,0x00000000ecd4b388,0x00000000f3b80000)
  from space 11264K, 99% used [0x00000000f4900000,0x00000000f53fed18,0x00000000f5400000)
  to   space 13824K, 0% used [0x00000000f3b80000,0x00000000f3b80000,0x00000000f4900000)
 ParOldGen       total 35840K, used 18104K [0x00000000c5000000, 0x00000000c7300000, 0x00000000ec580000)
  object space 35840K, 50% used [0x00000000c5000000,0x00000000c61ae008,0x00000000c7300000)
 Metaspace       used 34825K, capacity 35214K, committed 35456K, reserved 1079296K
  class space    used 4513K, capacity 4626K, committed 4736K, reserved 1048576K
Event: 26.976 GC heap after
Heap after GC invocations=12 (full 1):
 PSYoungGen      total 134656K, used 768K [0x00000000ec580000, 0x00000000f8c00000, 0x0000000100000000)
  eden space 120832K, 0% used [0x00000000ec580000,0x00000000ec580000,0x00000000f3b80000)
  from space 13824K, 5% used [0x00000000f3b80000,0x00000000f3c40000,0x00000000f4900000)
  to   space 14336K, 0% used [0x00000000f7e00000,0x00000000f7e00000,0x00000000f8c00000)
 ParOldGen       total 35840K, used 27236K [0x00000000c5000000, 0x00000000c7300000, 0x00000000ec580000)
  object space 35840K, 75% used [0x00000000c5000000,0x00000000c6a99198,0x00000000c7300000)
 Metaspace       used 34825K, capacity 35214K, committed 35456K, reserved 1079296K
  class space    used 4513K, capacity 4626K, committed 4736K, reserved 1048576K
}
Event: 26.976 GC heap before
{Heap before GC invocations=13 (full 2):
 PSYoungGen      total 134656K, used 768K [0x00000000ec580000, 0x00000000f8c00000, 0x0000000100000000)
  eden space 120832K, 0% used [0x00000000ec580000,0x00000000ec580000,0x00000000f3b80000)
  from space 13824K, 5% used [0x00000000f3b80000,0x00000000f3c40000,0x00000000f4900000)
  to   space 14336K, 0% used [0x00000000f7e00000,0x00000000f7e00000,0x00000000f8c00000)
 ParOldGen       total 35840K, used 27236K [0x00000000c5000000, 0x00000000c7300000, 0x00000000ec580000)
  object space 35840K, 75% used [0x00000000c5000000,0x00000000c6a99198,0x00000000c7300000)
 Metaspace       used 34825K, capacity 35214K, committed 35456K, reserved 1079296K
  class space    used 4513K, capacity 4626K, committed 4736K, reserved 1048576K
Event: 27.080 GC heap after
Heap after GC invocations=13 (full 2):
 PSYoungGen      total 134656K, used 0K [0x00000000ec580000, 0x00000000f8c00000, 0x0000000100000000)
  eden space 120832K, 0% used [0x00000000ec580000,0x00000000ec580000,0x00000000f3b80000)
  from space 13824K, 0% used [0x00000000f3b80000,0x00000000f3b80000,0x00000000f4900000)
  to   space 14336K, 0% used [0x00000000f7e00000,0x00000000f7e00000,0x00000000f8c00000)
 ParOldGen       total 55808K, used 20824K [0x00000000c5000000, 0x00000000c8680000, 0x00000000ec580000)
  object space 55808K, 37% used [0x00000000c5000000,0x00000000c64561e8,0x00000000c8680000)
 Metaspace       used 34825K, capacity 35214K, committed 35456K, reserved 1079296K
  class space    used 4513K, capacity 4626K, committed 4736K, reserved 1048576K
}
Event: 49.311 GC heap before
{Heap before GC invocations=14 (full 2):
 PSYoungGen      total 134656K, used 120832K [0x00000000ec580000, 0x00000000f8c00000, 0x0000000100000000)
  eden space 120832K, 100% used [0x00000000ec580000,0x00000000f3b80000,0x00000000f3b80000)
  from space 13824K, 0% used [0x00000000f3b80000,0x00000000f3b80000,0x00000000f4900000)
  to   space 14336K, 0% used [0x00000000f7e00000,0x00000000f7e00000,0x00000000f8c00000)
 ParOldGen       total 55808K, used 20824K [0x00000000c5000000, 0x00000000c8680000, 0x00000000ec580000)
  object space 55808K, 37% used [0x00000000c5000000,0x00000000c64561e8,0x00000000c8680000)
 Metaspace       used 44385K, capacity 44846K, committed 45312K, reserved 1089536K
  class space    used 5676K, capacity 5794K, committed 5888K, reserved 1048576K
Event: 49.339 GC heap after
Heap after GC invocations=14 (full 2):
 PSYoungGen      total 186880K, used 14307K [0x00000000ec580000, 0x00000000f9200000, 0x0000000100000000)
  eden space 172544K, 0% used [0x00000000ec580000,0x00000000ec580000,0x00000000f6e00000)
  from space 14336K, 99% used [0x00000000f7e00000,0x00000000f8bf8df8,0x00000000f8c00000)
  to   space 16384K, 0% used [0x00000000f6e00000,0x00000000f6e00000,0x00000000f7e00000)
 ParOldGen       total 55808K, used 20916K [0x00000000c5000000, 0x00000000c8680000, 0x00000000ec580000)
  object space 55808K, 37% used [0x00000000c5000000,0x00000000c646d220,0x00000000c8680000)
 Metaspace       used 44385K, capacity 44846K, committed 45312K, reserved 1089536K
  class space    used 5676K, capacity 5794K, committed 5888K, reserved 1048576K
}

