# JRE version: Java(TM) SE Runtime Environment (8.0_144-b01) (build 1.8.0_144-b01)
# Java VM: Java HotSpot(TM) 64-Bit Server VM (25.144-b01 mixed mode windows-amd64 compressed oops)
Heap:
 PSYoungGen      total 128512K, used 102295K [0x00000000ec580000, 0x00000000f5600000, 0x0000000100000000)
  eden space 120320K, 78% used [0x00000000ec580000,0x00000000f216c500,0x00000000f3b00000)
  from space 8192K, 99% used [0x00000000f3b00000,0x00000000f42f98c0,0x00000000f4300000)
  to   space 11264K, 0% used [0x00000000f4b00000,0x00000000f4b00000,0x00000000f5600000)
 ParOldGen       total 35840K, used 14237K [0x00000000c5000000, 0x00000000c7300000, 0x00000000ec580000)
  object space 35840K, 39% used [0x00000000c5000000,0x00000000c5de77a0,0x00000000c7300000)
 Metaspace       used 31558K, capacity 31968K, committed 32384K, reserved 1077248K
  class space    used 3989K, capacity 4109K, committed 4224K, reserved 1048576K
GC Heap History (10 events):
Event: 1.275 GC heap before
{Heap before GC invocations=6 (full 0):
 PSYoungGen      total 33280K, used 33248K [0x00000000ec580000, 0x00000000f0f80000, 0x0000000100000000)
  eden space 30720K, 100% used [0x00000000ec580000,0x00000000ee380000,0x00000000ee380000)
  from space 2560K, 98% used [0x00000000ee380000,0x00000000ee5f8020,0x00000000ee600000)
  to   space 7168K, 0% used [0x00000000f0880000,0x00000000f0880000,0x00000000f0f80000)
 ParOldGen       total 40960K, used 9486K [0x00000000c5000000, 0x00000000c7800000, 0x00000000ec580000)
  object space 40960K, 23% used [0x00000000c5000000,0x00000000c5943b38,0x00000000c7800000)
 Metaspace       used 20008K, capacity 20312K, committed 20480K, reserved 1067008K
  class space    used 2439K, capacity 2513K, committed 2560K, reserved 1048576K
Event: 1.284 GC heap after
Heap after GC invocations=6 (full 0):
 PSYoungGen      total 68096K, used 5871K [0x00000000ec580000, 0x00000000f1080000, 0x0000000100000000)
  eden space 60928K, 0% used [0x00000000ec580000,0x00000000ec580000,0x00000000f0100000)
  from space 7168K, 81% used [0x00000000f0880000,0x00000000f0e3bdc0,0x00000000f0f80000)
  to   space 7680K, 0% used [0x00000000f0100000,0x00000000f0100000,0x00000000f0880000)
 ParOldGen       total 40960K, used 9494K [0x00000000c5000000, 0x00000000c7800000, 0x00000000ec580000)
  object space 40960K, 23% used [0x00000000c5000000,0x00000000c5945b38,0x00000000c7800000)
 Metaspace       used 20008K, capacity 20312K, committed 20480K, reserved 1067008K
  class space    used 2439K, capacity 2513K, committed 2560K, reserved 1048576K
}
Event: 1.514 GC heap before
{Heap before GC invocations=7 (full 0):
 PSYoungGen      total 68096K, used 37879K [0x00000000ec580000, 0x00000000f1080000, 0x0000000100000000)
  eden space 60928K, 52% used [0x00000000ec580000,0x00000000ee4c21c8,0x00000000f0100000)
  from space 7168K, 81% used [0x00000000f0880000,0x00000000f0e3bdc0,0x00000000f0f80000)
  to   space 7680K, 0% used [0x00000000f0100000,0x00000000f0100000,0x00000000f0880000)
 ParOldGen       total 40960K, used 9494K [0x00000000c5000000, 0x00000000c7800000, 0x00000000ec580000)
  object space 40960K, 23% used [0x00000000c5000000,0x00000000c5945b38,0x00000000c7800000)
 Metaspace       used 20865K, capacity 21168K, committed 21296K, reserved 1069056K
  class space    used 2544K, capacity 2645K, committed 2688K, reserved 1048576K
Event: 1.523 GC heap after
Heap after GC invocations=7 (full 0):
 PSYoungGen      total 68608K, used 6154K [0x00000000ec580000, 0x00000000f4c80000, 0x0000000100000000)
  eden space 60928K, 0% used [0x00000000ec580000,0x00000000ec580000,0x00000000f0100000)
  from space 7680K, 80% used [0x00000000f0100000,0x00000000f0702b70,0x00000000f0880000)
  to   space 8192K, 0% used [0x00000000f4480000,0x00000000f4480000,0x00000000f4c80000)
 ParOldGen       total 40960K, used 10553K [0x00000000c5000000, 0x00000000c7800000, 0x00000000ec580000)
  object space 40960K, 25% used [0x00000000c5000000,0x00000000c5a4e6d8,0x00000000c7800000)
 Metaspace       used 20865K, capacity 21168K, committed 21296K, reserved 1069056K
  class space    used 2544K, capacity 2645K, committed 2688K, reserved 1048576K
}
Event: 1.523 GC heap before
{Heap before GC invocations=8 (full 1):
 PSYoungGen      total 68608K, used 6154K [0x00000000ec580000, 0x00000000f4c80000, 0x0000000100000000)
  eden space 60928K, 0% used [0x00000000ec580000,0x00000000ec580000,0x00000000f0100000)
  from space 7680K, 80% used [0x00000000f0100000,0x00000000f0702b70,0x00000000f0880000)
  to   space 8192K, 0% used [0x00000000f4480000,0x00000000f4480000,0x00000000f4c80000)
 ParOldGen       total 40960K, used 10553K [0x00000000c5000000, 0x00000000c7800000, 0x00000000ec580000)
  object space 40960K, 25% used [0x00000000c5000000,0x00000000c5a4e6d8,0x00000000c7800000)
 Metaspace       used 20865K, capacity 21168K, committed 21296K, reserved 1069056K
  class space    used 2544K, capacity 2645K, committed 2688K, reserved 1048576K
Event: 1.562 GC heap after
Heap after GC invocations=8 (full 1):
 PSYoungGen      total 68608K, used 0K [0x00000000ec580000, 0x00000000f4c80000, 0x0000000100000000)
  eden space 60928K, 0% used [0x00000000ec580000,0x00000000ec580000,0x00000000f0100000)
  from space 7680K, 0% used [0x00000000f0100000,0x00000000f0100000,0x00000000f0880000)
  to   space 8192K, 0% used [0x00000000f4480000,0x00000000f4480000,0x00000000f4c80000)
 ParOldGen       total 35840K, used 9495K [0x00000000c5000000, 0x00000000c7300000, 0x00000000ec580000)
  object space 35840K, 26% used [0x00000000c5000000,0x00000000c5945fb0,0x00000000c7300000)
 Metaspace       used 20865K, capacity 21168K, committed 21296K, reserved 1069056K
  class space    used 2544K, capacity 2645K, committed 2688K, reserved 1048576K
}
Event: 2.331 GC heap before
{Heap before GC invocations=9 (full 1):
 PSYoungGen      total 68608K, used 60928K [0x00000000ec580000, 0x00000000f4c80000, 0x0000000100000000)
  eden space 60928K, 100% used [0x00000000ec580000,0x00000000f0100000,0x00000000f0100000)
  from space 7680K, 0% used [0x00000000f0100000,0x00000000f0100000,0x00000000f0880000)
  to   space 8192K, 0% used [0x00000000f4480000,0x00000000f4480000,0x00000000f4c80000)
 ParOldGen       total 35840K, used 9495K [0x00000000c5000000, 0x00000000c7300000, 0x00000000ec580000)
  object space 35840K, 26% used [0x00000000c5000000,0x00000000c5945fb0,0x00000000c7300000)
 Metaspace       used 24217K, capacity 24588K, committed 24960K, reserved 1071104K
  class space    used 3014K, capacity 3135K, committed 3200K, reserved 1048576K
Event: 2.343 GC heap after
Heap after GC invocations=9 (full 1):
 PSYoungGen      total 101888K, used 6289K [0x00000000ec580000, 0x00000000f4b00000, 0x0000000100000000)
  eden space 95232K, 0% used [0x00000000ec580000,0x00000000ec580000,0x00000000f2280000)
  from space 6656K, 94% used [0x00000000f4480000,0x00000000f4aa44c8,0x00000000f4b00000)
  to   space 8192K, 0% used [0x00000000f3b00000,0x00000000f3b00000,0x00000000f4300000)
 ParOldGen       total 35840K, used 9503K [0x00000000c5000000, 0x00000000c7300000, 0x00000000ec580000)
  object space 35840K, 26% used [0x00000000c5000000,0x00000000c5947fb0,0x00000000c7300000)
 Metaspace       used 24217K, capacity 24588K, committed 24960K, reserved 1071104K
  class space    used 3014K, capacity 3135K, committed 3200K, reserved 1048576K
}
Event: 3.348 GC heap before
{Heap before GC invocations=10 (full 1):
 PSYoungGen      total 101888K, used 101497K [0x00000000ec580000, 0x00000000f4b00000, 0x0000000100000000)
  eden space 95232K, 99% used [0x00000000ec580000,0x00000000f227a318,0x00000000f2280000)
  from space 6656K, 94% used [0x00000000f4480000,0x00000000f4aa44c8,0x00000000f4b00000)
  to   space 8192K, 0% used [0x00000000f3b00000,0x00000000f3b00000,0x00000000f4300000)
 ParOldGen       total 35840K, used 9503K [0x00000000c5000000, 0x00000000c7300000, 0x00000000ec580000)
  object space 35840K, 26% used [0x00000000c5000000,0x00000000c5947fb0,0x00000000c7300000)
 Metaspace       used 29626K, capacity 29946K, committed 30208K, reserved 1075200K
  class space    used 3719K, capacity 3820K, committed 3840K, reserved 1048576K
Event: 3.365 GC heap after
Heap after GC invocations=10 (full 1):
 PSYoungGen      total 128512K, used 8166K [0x00000000ec580000, 0x00000000f5600000, 0x0000000100000000)
  eden space 120320K, 0% used [0x00000000ec580000,0x00000000ec580000,0x00000000f3b00000)
  from space 8192K, 99% used [0x00000000f3b00000,0x00000000f42f98c0,0x00000000f4300000)
  to   space 11264K, 0% used [0x00000000f4b00000,0x00000000f4b00000,0x00000000f5600000)
 ParOldGen       total 35840K, used 14237K [0x00000000c5000000, 0x00000000c7300000, 0x00000000ec580000)
  object space 35840K, 39% used [0x00000000c5000000,0x00000000c5de77a0,0x00000000c7300000)
 Metaspace       used 29626K, capacity 29946K, committed 30208K, reserved 1075200K
  class space    used 3719K, capacity 3820K, committed 3840K, reserved 1048576K
}

