# JRE version: Java(TM) SE Runtime Environment (8.0_144-b01) (build 1.8.0_144-b01)
# Java VM: Java HotSpot(TM) 64-Bit Server VM (25.144-b01 mixed mode windows-amd64 compressed oops)
Heap:
 PSYoungGen      total 175616K, used 120780K [0x00000000ec580000, 0x00000000f8b00000, 0x0000000100000000)
  eden space 161280K, 66% used [0x00000000ec580000,0x00000000f2d77c00,0x00000000f6300000)
  from space 14336K, 99% used [0x00000000f6300000,0x00000000f70fb5f0,0x00000000f7100000)
  to   space 11264K, 0% used [0x00000000f7100000,0x00000000f7100000,0x00000000f7c00000)
 ParOldGen       total 56320K, used 28801K [0x00000000c5000000, 0x00000000c8700000, 0x00000000ec580000)
  object space 56320K, 51% used [0x00000000c5000000,0x00000000c6c207d0,0x00000000c8700000)
 Metaspace       used 49539K, capacity 50172K, committed 50560K, reserved 1093632K
  class space    used 6335K, capacity 6479K, committed 6528K, reserved 1048576K
GC Heap History (10 events):
Event: 6.120 GC heap before
{Heap before GC invocations=9 (full 1):
 PSYoungGen      total 68608K, used 60928K [0x00000000ec580000, 0x00000000f4c80000, 0x0000000100000000)
  eden space 60928K, 100% used [0x00000000ec580000,0x00000000f0100000,0x00000000f0100000)
  from space 7680K, 0% used [0x00000000f0100000,0x00000000f0100000,0x00000000f0880000)
  to   space 8192K, 0% used [0x00000000f4480000,0x00000000f4480000,0x00000000f4c80000)
 ParOldGen       total 35328K, used 9623K [0x00000000c5000000, 0x00000000c7280000, 0x00000000ec580000)
  object space 35328K, 27% used [0x00000000c5000000,0x00000000c5965f78,0x00000000c7280000)
 Metaspace       used 24213K, capacity 24502K, committed 24704K, reserved 1071104K
  class space    used 3006K, capacity 3102K, committed 3200K, reserved 1048576K
Event: 6.563 GC heap after
Heap after GC invocations=9 (full 1):
 PSYoungGen      total 118272K, used 6306K [0x00000000ec580000, 0x00000000f4b00000, 0x0000000100000000)
  eden space 111616K, 0% used [0x00000000ec580000,0x00000000ec580000,0x00000000f3280000)
  from space 6656K, 94% used [0x00000000f4480000,0x00000000f4aa88b8,0x00000000f4b00000)
  to   space 8192K, 0% used [0x00000000f3b00000,0x00000000f3b00000,0x00000000f4300000)
 ParOldGen       total 35328K, used 9631K [0x00000000c5000000, 0x00000000c7280000, 0x00000000ec580000)
  object space 35328K, 27% used [0x00000000c5000000,0x00000000c5967f78,0x00000000c7280000)
 Metaspace       used 24213K, capacity 24502K, committed 24704K, reserved 1071104K
  class space    used 3006K, capacity 3102K, committed 3200K, reserved 1048576K
}
Event: 10.764 GC heap before
{Heap before GC invocations=10 (full 1):
 PSYoungGen      total 118272K, used 117922K [0x00000000ec580000, 0x00000000f4b00000, 0x0000000100000000)
  eden space 111616K, 100% used [0x00000000ec580000,0x00000000f3280000,0x00000000f3280000)
  from space 6656K, 94% used [0x00000000f4480000,0x00000000f4aa88b8,0x00000000f4b00000)
  to   space 8192K, 0% used [0x00000000f3b00000,0x00000000f3b00000,0x00000000f4300000)
 ParOldGen       total 35328K, used 9631K [0x00000000c5000000, 0x00000000c7280000, 0x00000000ec580000)
  object space 35328K, 27% used [0x00000000c5000000,0x00000000c5967f78,0x00000000c7280000)
 Metaspace       used 29738K, capacity 30122K, committed 30336K, reserved 1075200K
  class space    used 3723K, capacity 3852K, committed 3968K, reserved 1048576K
Event: 10.784 GC heap after
Heap after GC invocations=10 (full 1):
 PSYoungGen      total 128512K, used 8179K [0x00000000ec580000, 0x00000000f7c00000, 0x0000000100000000)
  eden space 120320K, 0% used [0x00000000ec580000,0x00000000ec580000,0x00000000f3b00000)
  from space 8192K, 99% used [0x00000000f3b00000,0x00000000f42fcf00,0x00000000f4300000)
  to   space 11264K, 0% used [0x00000000f7100000,0x00000000f7100000,0x00000000f7c00000)
 ParOldGen       total 35328K, used 14275K [0x00000000c5000000, 0x00000000c7280000, 0x00000000ec580000)
  object space 35328K, 40% used [0x00000000c5000000,0x00000000c5df0fd8,0x00000000c7280000)
 Metaspace       used 29738K, capacity 30122K, committed 30336K, reserved 1075200K
  class space    used 3723K, capacity 3852K, committed 3968K, reserved 1048576K
}
Event: 24.923 GC heap before
{Heap before GC invocations=11 (full 1):
 PSYoungGen      total 128512K, used 115416K [0x00000000ec580000, 0x00000000f7c00000, 0x0000000100000000)
  eden space 120320K, 89% used [0x00000000ec580000,0x00000000f2e39180,0x00000000f3b00000)
  from space 8192K, 99% used [0x00000000f3b00000,0x00000000f42fcf00,0x00000000f4300000)
  to   space 11264K, 0% used [0x00000000f7100000,0x00000000f7100000,0x00000000f7c00000)
 ParOldGen       total 35328K, used 14275K [0x00000000c5000000, 0x00000000c7280000, 0x00000000ec580000)
  object space 35328K, 40% used [0x00000000c5000000,0x00000000c5df0fd8,0x00000000c7280000)
 Metaspace       used 34806K, capacity 35214K, committed 35456K, reserved 1079296K
  class space    used 4512K, capacity 4626K, committed 4736K, reserved 1048576K
Event: 24.953 GC heap after
Heap after GC invocations=11 (full 1):
 PSYoungGen      total 172544K, used 11250K [0x00000000ec580000, 0x00000000f8b00000, 0x0000000100000000)
  eden space 161280K, 0% used [0x00000000ec580000,0x00000000ec580000,0x00000000f6300000)
  from space 11264K, 99% used [0x00000000f7100000,0x00000000f7bfca48,0x00000000f7c00000)
  to   space 14336K, 0% used [0x00000000f6300000,0x00000000f6300000,0x00000000f7100000)
 ParOldGen       total 35328K, used 18743K [0x00000000c5000000, 0x00000000c7280000, 0x00000000ec580000)
  object space 35328K, 53% used [0x00000000c5000000,0x00000000c624dc08,0x00000000c7280000)
 Metaspace       used 34806K, capacity 35214K, committed 35456K, reserved 1079296K
  class space    used 4512K, capacity 4626K, committed 4736K, reserved 1048576K
}
Event: 24.953 GC heap before
{Heap before GC invocations=12 (full 2):
 PSYoungGen      total 172544K, used 11250K [0x00000000ec580000, 0x00000000f8b00000, 0x0000000100000000)
  eden space 161280K, 0% used [0x00000000ec580000,0x00000000ec580000,0x00000000f6300000)
  from space 11264K, 99% used [0x00000000f7100000,0x00000000f7bfca48,0x00000000f7c00000)
  to   space 14336K, 0% used [0x00000000f6300000,0x00000000f6300000,0x00000000f7100000)
 ParOldGen       total 35328K, used 18743K [0x00000000c5000000, 0x00000000c7280000, 0x00000000ec580000)
  object space 35328K, 53% used [0x00000000c5000000,0x00000000c624dc08,0x00000000c7280000)
 Metaspace       used 34806K, capacity 35214K, committed 35456K, reserved 1079296K
  class space    used 4512K, capacity 4626K, committed 4736K, reserved 1048576K
Event: 25.064 GC heap after
Heap after GC invocations=12 (full 2):
 PSYoungGen      total 172544K, used 0K [0x00000000ec580000, 0x00000000f8b00000, 0x0000000100000000)
  eden space 161280K, 0% used [0x00000000ec580000,0x00000000ec580000,0x00000000f6300000)
  from space 11264K, 0% used [0x00000000f7100000,0x00000000f7100000,0x00000000f7c00000)
  to   space 14336K, 0% used [0x00000000f6300000,0x00000000f6300000,0x00000000f7100000)
 ParOldGen       total 56320K, used 24321K [0x00000000c5000000, 0x00000000c8700000, 0x00000000ec580000)
  object space 56320K, 43% used [0x00000000c5000000,0x00000000c67c0410,0x00000000c8700000)
 Metaspace       used 34806K, capacity 35214K, committed 35456K, reserved 1079296K
  class space    used 4512K, capacity 4626K, committed 4736K, reserved 1048576K
}
Event: 52.427 GC heap before
{Heap before GC invocations=13 (full 2):
 PSYoungGen      total 172544K, used 161280K [0x00000000ec580000, 0x00000000f8b00000, 0x0000000100000000)
  eden space 161280K, 100% used [0x00000000ec580000,0x00000000f6300000,0x00000000f6300000)
  from space 11264K, 0% used [0x00000000f7100000,0x00000000f7100000,0x00000000f7c00000)
  to   space 14336K, 0% used [0x00000000f6300000,0x00000000f6300000,0x00000000f7100000)
 ParOldGen       total 56320K, used 24321K [0x00000000c5000000, 0x00000000c8700000, 0x00000000ec580000)
  object space 56320K, 43% used [0x00000000c5000000,0x00000000c67c0410,0x00000000c8700000)
 Metaspace       used 47018K, capacity 47506K, committed 47872K, reserved 1091584K
  class space    used 6005K, capacity 6104K, committed 6144K, reserved 1048576K
Event: 52.523 GC heap after
Heap after GC invocations=13 (full 2):
 PSYoungGen      total 175616K, used 14317K [0x00000000ec580000, 0x00000000f8b00000, 0x0000000100000000)
  eden space 161280K, 0% used [0x00000000ec580000,0x00000000ec580000,0x00000000f6300000)
  from space 14336K, 99% used [0x00000000f6300000,0x00000000f70fb5f0,0x00000000f7100000)
  to   space 11264K, 0% used [0x00000000f7100000,0x00000000f7100000,0x00000000f7c00000)
 ParOldGen       total 56320K, used 28801K [0x00000000c5000000, 0x00000000c8700000, 0x00000000ec580000)
  object space 56320K, 51% used [0x00000000c5000000,0x00000000c6c207d0,0x00000000c8700000)
 Metaspace       used 47018K, capacity 47506K, committed 47872K, reserved 1091584K
  class space    used 6005K, capacity 6104K, committed 6144K, reserved 1048576K
}

