# JRE version: Java(TM) SE Runtime Environment (8.0_144-b01) (build 1.8.0_144-b01)
# Java VM: Java HotSpot(TM) 64-Bit Server VM (25.144-b01 mixed mode windows-amd64 compressed oops)
Heap:
 PSYoungGen      total 70144K, used 30565K [0x00000000ec580000, 0x00000000f5280000, 0x0000000100000000)
  eden space 58368K, 32% used [0x00000000ec580000,0x00000000ed7e0d20,0x00000000efe80000)
  from space 11776K, 99% used [0x00000000f4700000,0x00000000f5278920,0x00000000f5280000)
  to   space 13312K, 0% used [0x00000000f3880000,0x00000000f3880000,0x00000000f4580000)
 ParOldGen       total 40960K, used 13971K [0x00000000c5000000, 0x00000000c7800000, 0x00000000ec580000)
  object space 40960K, 34% used [0x00000000c5000000,0x00000000c5da4d00,0x00000000c7800000)
 Metaspace       used 19792K, capacity 20312K, committed 20480K, reserved 1067008K
  class space    used 2397K, capacity 2526K, committed 2560K, reserved 1048576K
GC Heap History (10 events):
Event: 4.864 GC heap before
{Heap before GC invocations=4 (full 0):
 PSYoungGen      total 17920K, used 17888K [0x00000000ec580000, 0x00000000ee880000, 0x0000000100000000)
  eden space 15360K, 100% used [0x00000000ec580000,0x00000000ed480000,0x00000000ed480000)
  from space 2560K, 98% used [0x00000000ed480000,0x00000000ed6f8020,0x00000000ed700000)
  to   space 2560K, 0% used [0x00000000ee600000,0x00000000ee600000,0x00000000ee880000)
 ParOldGen       total 40960K, used 2447K [0x00000000c5000000, 0x00000000c7800000, 0x00000000ec580000)
  object space 40960K, 5% used [0x00000000c5000000,0x00000000c5263e18,0x00000000c7800000)
 Metaspace       used 11152K, capacity 11326K, committed 11520K, reserved 1058816K
  class space    used 1375K, capacity 1475K, committed 1536K, reserved 1048576K
Event: 4.868 GC heap after
Heap after GC invocations=4 (full 0):
 PSYoungGen      total 33280K, used 2544K [0x00000000ec580000, 0x00000000ee880000, 0x0000000100000000)
  eden space 30720K, 0% used [0x00000000ec580000,0x00000000ec580000,0x00000000ee380000)
  from space 2560K, 99% used [0x00000000ee600000,0x00000000ee87c030,0x00000000ee880000)
  to   space 2560K, 0% used [0x00000000ee380000,0x00000000ee380000,0x00000000ee600000)
 ParOldGen       total 40960K, used 4356K [0x00000000c5000000, 0x00000000c7800000, 0x00000000ec580000)
  object space 40960K, 10% used [0x00000000c5000000,0x00000000c54410d8,0x00000000c7800000)
 Metaspace       used 11152K, capacity 11326K, committed 11520K, reserved 1058816K
  class space    used 1375K, capacity 1475K, committed 1536K, reserved 1048576K
}
Event: 6.247 GC heap before
{Heap before GC invocations=5 (full 0):
 PSYoungGen      total 33280K, used 33264K [0x00000000ec580000, 0x00000000ee880000, 0x0000000100000000)
  eden space 30720K, 100% used [0x00000000ec580000,0x00000000ee380000,0x00000000ee380000)
  from space 2560K, 99% used [0x00000000ee600000,0x00000000ee87c030,0x00000000ee880000)
  to   space 2560K, 0% used [0x00000000ee380000,0x00000000ee380000,0x00000000ee600000)
 ParOldGen       total 40960K, used 4356K [0x00000000c5000000, 0x00000000c7800000, 0x00000000ec580000)
  object space 40960K, 10% used [0x00000000c5000000,0x00000000c54410d8,0x00000000c7800000)
 Metaspace       used 14546K, capacity 14780K, committed 14976K, reserved 1062912K
  class space    used 1800K, capacity 1906K, committed 1920K, reserved 1048576K
Event: 6.261 GC heap after
Heap after GC invocations=5 (full 0):
 PSYoungGen      total 33280K, used 2544K [0x00000000ec580000, 0x00000000f0f80000, 0x0000000100000000)
  eden space 30720K, 0% used [0x00000000ec580000,0x00000000ec580000,0x00000000ee380000)
  from space 2560K, 99% used [0x00000000ee380000,0x00000000ee5fc010,0x00000000ee600000)
  to   space 7168K, 0% used [0x00000000f0880000,0x00000000f0880000,0x00000000f0f80000)
 ParOldGen       total 40960K, used 9428K [0x00000000c5000000, 0x00000000c7800000, 0x00000000ec580000)
  object space 40960K, 23% used [0x00000000c5000000,0x00000000c5935038,0x00000000c7800000)
 Metaspace       used 14546K, capacity 14780K, committed 14976K, reserved 1062912K
  class space    used 1800K, capacity 1906K, committed 1920K, reserved 1048576K
}
Event: 7.387 GC heap before
{Heap before GC invocations=6 (full 0):
 PSYoungGen      total 33280K, used 33264K [0x00000000ec580000, 0x00000000f0f80000, 0x0000000100000000)
  eden space 30720K, 100% used [0x00000000ec580000,0x00000000ee380000,0x00000000ee380000)
  from space 2560K, 99% used [0x00000000ee380000,0x00000000ee5fc010,0x00000000ee600000)
  to   space 7168K, 0% used [0x00000000f0880000,0x00000000f0880000,0x00000000f0f80000)
 ParOldGen       total 40960K, used 9428K [0x00000000c5000000, 0x00000000c7800000, 0x00000000ec580000)
  object space 40960K, 23% used [0x00000000c5000000,0x00000000c5935038,0x00000000c7800000)
 Metaspace       used 15147K, capacity 15406K, committed 15616K, reserved 1062912K
  class space    used 1833K, capacity 1941K, committed 2048K, reserved 1048576K
Event: 7.395 GC heap after
Heap after GC invocations=6 (full 0):
 PSYoungGen      total 67584K, used 6757K [0x00000000ec580000, 0x00000000f1180000, 0x0000000100000000)
  eden space 60416K, 0% used [0x00000000ec580000,0x00000000ec580000,0x00000000f0080000)
  from space 7168K, 94% used [0x00000000f0880000,0x00000000f0f194d8,0x00000000f0f80000)
  to   space 8192K, 0% used [0x00000000f0080000,0x00000000f0080000,0x00000000f0880000)
 ParOldGen       total 40960K, used 9436K [0x00000000c5000000, 0x00000000c7800000, 0x00000000ec580000)
  object space 40960K, 23% used [0x00000000c5000000,0x00000000c5937038,0x00000000c7800000)
 Metaspace       used 15147K, capacity 15406K, committed 15616K, reserved 1062912K
  class space    used 1833K, capacity 1941K, committed 2048K, reserved 1048576K
}
Event: 11.726 GC heap before
{Heap before GC invocations=7 (full 0):
 PSYoungGen      total 67584K, used 67173K [0x00000000ec580000, 0x00000000f1180000, 0x0000000100000000)
  eden space 60416K, 100% used [0x00000000ec580000,0x00000000f0080000,0x00000000f0080000)
  from space 7168K, 94% used [0x00000000f0880000,0x00000000f0f194d8,0x00000000f0f80000)
  to   space 8192K, 0% used [0x00000000f0080000,0x00000000f0080000,0x00000000f0880000)
 ParOldGen       total 40960K, used 9436K [0x00000000c5000000, 0x00000000c7800000, 0x00000000ec580000)
  object space 40960K, 23% used [0x00000000c5000000,0x00000000c5937038,0x00000000c7800000)
 Metaspace       used 15523K, capacity 15750K, committed 16128K, reserved 1062912K
  class space    used 1850K, capacity 1945K, committed 2048K, reserved 1048576K
Event: 11.758 GC heap after
Heap after GC invocations=7 (full 0):
 PSYoungGen      total 68608K, used 8192K [0x00000000ec580000, 0x00000000f5280000, 0x0000000100000000)
  eden space 60416K, 0% used [0x00000000ec580000,0x00000000ec580000,0x00000000f0080000)
  from space 8192K, 100% used [0x00000000f0080000,0x00000000f0880000,0x00000000f0880000)
  to   space 11776K, 0% used [0x00000000f4700000,0x00000000f4700000,0x00000000f5280000)
 ParOldGen       total 40960K, used 13515K [0x00000000c5000000, 0x00000000c7800000, 0x00000000ec580000)
  object space 40960K, 32% used [0x00000000c5000000,0x00000000c5d32d00,0x00000000c7800000)
 Metaspace       used 15523K, capacity 15750K, committed 16128K, reserved 1062912K
  class space    used 1850K, capacity 1945K, committed 2048K, reserved 1048576K
}
Event: 26.142 GC heap before
{Heap before GC invocations=8 (full 0):
 PSYoungGen      total 68608K, used 68608K [0x00000000ec580000, 0x00000000f5280000, 0x0000000100000000)
  eden space 60416K, 100% used [0x00000000ec580000,0x00000000f0080000,0x00000000f0080000)
  from space 8192K, 100% used [0x00000000f0080000,0x00000000f0880000,0x00000000f0880000)
  to   space 11776K, 0% used [0x00000000f4700000,0x00000000f4700000,0x00000000f5280000)
 ParOldGen       total 40960K, used 13515K [0x00000000c5000000, 0x00000000c7800000, 0x00000000ec580000)
  object space 40960K, 32% used [0x00000000c5000000,0x00000000c5d32d00,0x00000000c7800000)
 Metaspace       used 17084K, capacity 17492K, committed 17792K, reserved 1064960K
  class space    used 2007K, capacity 2094K, committed 2176K, reserved 1048576K
Event: 26.166 GC heap after
Heap after GC invocations=8 (full 0):
 PSYoungGen      total 70144K, used 11746K [0x00000000ec580000, 0x00000000f5280000, 0x0000000100000000)
  eden space 58368K, 0% used [0x00000000ec580000,0x00000000ec580000,0x00000000efe80000)
  from space 11776K, 99% used [0x00000000f4700000,0x00000000f5278920,0x00000000f5280000)
  to   space 13312K, 0% used [0x00000000f3880000,0x00000000f3880000,0x00000000f4580000)
 ParOldGen       total 40960K, used 13971K [0x00000000c5000000, 0x00000000c7800000, 0x00000000ec580000)
  object space 40960K, 34% used [0x00000000c5000000,0x00000000c5da4d00,0x00000000c7800000)
 Metaspace       used 17084K, capacity 17492K, committed 17792K, reserved 1064960K
  class space    used 2007K, capacity 2094K, committed 2176K, reserved 1048576K
}

