# JRE version: Java(TM) SE Runtime Environment (8.0_144-b01) (build 1.8.0_144-b01)
# Java VM: Java HotSpot(TM) 64-Bit Server VM (25.144-b01 mixed mode windows-amd64 compressed oops)
Heap:
 PSYoungGen      total 148480K, used 26285K [0x00000000ec580000, 0x00000000f7a80000, 0x0000000100000000)
  eden space 135168K, 9% used [0x00000000ec580000,0x00000000ed231978,0x00000000f4980000)
  from space 13312K, 99% used [0x00000000f4980000,0x00000000f5679b10,0x00000000f5680000)
  to   space 10240K, 0% used [0x00000000f5680000,0x00000000f5680000,0x00000000f6080000)
 ParOldGen       total 55296K, used 23220K [0x00000000c5000000, 0x00000000c8600000, 0x00000000ec580000)
  object space 55296K, 41% used [0x00000000c5000000,0x00000000c66ad070,0x00000000c8600000)
 Metaspace       used 44388K, capacity 44718K, committed 45056K, reserved 1089536K
  class space    used 5793K, capacity 5874K, committed 5888K, reserved 1048576K
GC Heap History (10 events):
Event: 4.431 GC heap before
{Heap before GC invocations=9 (full 1):
 PSYoungGen      total 68096K, used 60928K [0x00000000ec580000, 0x00000000f4b80000, 0x0000000100000000)
  eden space 60928K, 100% used [0x00000000ec580000,0x00000000f0100000,0x00000000f0100000)
  from space 7168K, 0% used [0x00000000f0100000,0x00000000f0100000,0x00000000f0800000)
  to   space 7680K, 0% used [0x00000000f4400000,0x00000000f4400000,0x00000000f4b80000)
 ParOldGen       total 33792K, used 9837K [0x00000000c5000000, 0x00000000c7100000, 0x00000000ec580000)
  object space 33792K, 29% used [0x00000000c5000000,0x00000000c599b7a0,0x00000000c7100000)
 Metaspace       used 24078K, capacity 24376K, committed 24704K, reserved 1071104K
  class space    used 3028K, capacity 3129K, committed 3200K, reserved 1048576K
Event: 4.436 GC heap after
Heap after GC invocations=9 (full 1):
 PSYoungGen      total 106496K, used 4874K [0x00000000ec580000, 0x00000000f4900000, 0x0000000100000000)
  eden space 101376K, 0% used [0x00000000ec580000,0x00000000ec580000,0x00000000f2880000)
  from space 5120K, 95% used [0x00000000f4400000,0x00000000f48c29a8,0x00000000f4900000)
  to   space 7680K, 0% used [0x00000000f3a00000,0x00000000f3a00000,0x00000000f4180000)
 ParOldGen       total 33792K, used 9845K [0x00000000c5000000, 0x00000000c7100000, 0x00000000ec580000)
  object space 33792K, 29% used [0x00000000c5000000,0x00000000c599d7a0,0x00000000c7100000)
 Metaspace       used 24078K, capacity 24376K, committed 24704K, reserved 1071104K
  class space    used 3028K, capacity 3129K, committed 3200K, reserved 1048576K
}
Event: 21.724 GC heap before
{Heap before GC invocations=10 (full 1):
 PSYoungGen      total 106496K, used 106250K [0x00000000ec580000, 0x00000000f4900000, 0x0000000100000000)
  eden space 101376K, 100% used [0x00000000ec580000,0x00000000f2880000,0x00000000f2880000)
  from space 5120K, 95% used [0x00000000f4400000,0x00000000f48c29a8,0x00000000f4900000)
  to   space 7680K, 0% used [0x00000000f3a00000,0x00000000f3a00000,0x00000000f4180000)
 ParOldGen       total 33792K, used 9845K [0x00000000c5000000, 0x00000000c7100000, 0x00000000ec580000)
  object space 33792K, 29% used [0x00000000c5000000,0x00000000c599d7a0,0x00000000c7100000)
 Metaspace       used 28491K, capacity 28766K, committed 29056K, reserved 1075200K
  class space    used 3585K, capacity 3674K, committed 3712K, reserved 1048576K
Event: 21.735 GC heap after
Heap after GC invocations=10 (full 1):
 PSYoungGen      total 126976K, used 7654K [0x00000000ec580000, 0x00000000f6080000, 0x0000000100000000)
  eden space 119296K, 0% used [0x00000000ec580000,0x00000000ec580000,0x00000000f3a00000)
  from space 7680K, 99% used [0x00000000f3a00000,0x00000000f4179a10,0x00000000f4180000)
  to   space 10240K, 0% used [0x00000000f5680000,0x00000000f5680000,0x00000000f6080000)
 ParOldGen       total 33792K, used 14850K [0x00000000c5000000, 0x00000000c7100000, 0x00000000ec580000)
  object space 33792K, 43% used [0x00000000c5000000,0x00000000c5e80af0,0x00000000c7100000)
 Metaspace       used 28491K, capacity 28766K, committed 29056K, reserved 1075200K
  class space    used 3585K, capacity 3674K, committed 3712K, reserved 1048576K
}
Event: 29.021 GC heap before
{Heap before GC invocations=11 (full 1):
 PSYoungGen      total 126976K, used 65894K [0x00000000ec580000, 0x00000000f6080000, 0x0000000100000000)
  eden space 119296K, 48% used [0x00000000ec580000,0x00000000efe5fff8,0x00000000f3a00000)
  from space 7680K, 99% used [0x00000000f3a00000,0x00000000f4179a10,0x00000000f4180000)
  to   space 10240K, 0% used [0x00000000f5680000,0x00000000f5680000,0x00000000f6080000)
 ParOldGen       total 33792K, used 14850K [0x00000000c5000000, 0x00000000c7100000, 0x00000000ec580000)
  object space 33792K, 43% used [0x00000000c5000000,0x00000000c5e80af0,0x00000000c7100000)
 Metaspace       used 34840K, capacity 35144K, committed 35416K, reserved 1081344K
  class space    used 4463K, capacity 4577K, committed 4608K, reserved 1048576K
Event: 29.049 GC heap after
Heap after GC invocations=11 (full 1):
 PSYoungGen      total 145408K, used 10233K [0x00000000ec580000, 0x00000000f7a80000, 0x0000000100000000)
  eden space 135168K, 0% used [0x00000000ec580000,0x00000000ec580000,0x00000000f4980000)
  from space 10240K, 99% used [0x00000000f5680000,0x00000000f607e4f8,0x00000000f6080000)
  to   space 13312K, 0% used [0x00000000f4980000,0x00000000f4980000,0x00000000f5680000)
 ParOldGen       total 33792K, used 19111K [0x00000000c5000000, 0x00000000c7100000, 0x00000000ec580000)
  object space 33792K, 56% used [0x00000000c5000000,0x00000000c62a9cc0,0x00000000c7100000)
 Metaspace       used 34840K, capacity 35144K, committed 35416K, reserved 1081344K
  class space    used 4463K, capacity 4577K, committed 4608K, reserved 1048576K
}
Event: 29.049 GC heap before
{Heap before GC invocations=12 (full 2):
 PSYoungGen      total 145408K, used 10233K [0x00000000ec580000, 0x00000000f7a80000, 0x0000000100000000)
  eden space 135168K, 0% used [0x00000000ec580000,0x00000000ec580000,0x00000000f4980000)
  from space 10240K, 99% used [0x00000000f5680000,0x00000000f607e4f8,0x00000000f6080000)
  to   space 13312K, 0% used [0x00000000f4980000,0x00000000f4980000,0x00000000f5680000)
 ParOldGen       total 33792K, used 19111K [0x00000000c5000000, 0x00000000c7100000, 0x00000000ec580000)
  object space 33792K, 56% used [0x00000000c5000000,0x00000000c62a9cc0,0x00000000c7100000)
 Metaspace       used 34840K, capacity 35144K, committed 35416K, reserved 1081344K
  class space    used 4463K, capacity 4577K, committed 4608K, reserved 1048576K
Event: 29.129 GC heap after
Heap after GC invocations=12 (full 2):
 PSYoungGen      total 145408K, used 0K [0x00000000ec580000, 0x00000000f7a80000, 0x0000000100000000)
  eden space 135168K, 0% used [0x00000000ec580000,0x00000000ec580000,0x00000000f4980000)
  from space 10240K, 0% used [0x00000000f5680000,0x00000000f5680000,0x00000000f6080000)
  to   space 13312K, 0% used [0x00000000f4980000,0x00000000f4980000,0x00000000f5680000)
 ParOldGen       total 55296K, used 22350K [0x00000000c5000000, 0x00000000c8600000, 0x00000000ec580000)
  object space 55296K, 40% used [0x00000000c5000000,0x00000000c65d3820,0x00000000c8600000)
 Metaspace       used 34840K, capacity 35144K, committed 35416K, reserved 1081344K
  class space    used 4463K, capacity 4577K, committed 4608K, reserved 1048576K
}
Event: 33.053 GC heap before
{Heap before GC invocations=13 (full 2):
 PSYoungGen      total 145408K, used 135168K [0x00000000ec580000, 0x00000000f7a80000, 0x0000000100000000)
  eden space 135168K, 100% used [0x00000000ec580000,0x00000000f4980000,0x00000000f4980000)
  from space 10240K, 0% used [0x00000000f5680000,0x00000000f5680000,0x00000000f6080000)
  to   space 13312K, 0% used [0x00000000f4980000,0x00000000f4980000,0x00000000f5680000)
 ParOldGen       total 55296K, used 22350K [0x00000000c5000000, 0x00000000c8600000, 0x00000000ec580000)
  object space 55296K, 40% used [0x00000000c5000000,0x00000000c65d3820,0x00000000c8600000)
 Metaspace       used 44185K, capacity 44584K, committed 45056K, reserved 1089536K
  class space    used 5767K, capacity 5873K, committed 5888K, reserved 1048576K
Event: 33.067 GC heap after
Heap after GC invocations=13 (full 2):
 PSYoungGen      total 148480K, used 13286K [0x00000000ec580000, 0x00000000f7a80000, 0x0000000100000000)
  eden space 135168K, 0% used [0x00000000ec580000,0x00000000ec580000,0x00000000f4980000)
  from space 13312K, 99% used [0x00000000f4980000,0x00000000f5679b10,0x00000000f5680000)
  to   space 10240K, 0% used [0x00000000f5680000,0x00000000f5680000,0x00000000f6080000)
 ParOldGen       total 55296K, used 23220K [0x00000000c5000000, 0x00000000c8600000, 0x00000000ec580000)
  object space 55296K, 41% used [0x00000000c5000000,0x00000000c66ad070,0x00000000c8600000)
 Metaspace       used 44185K, capacity 44584K, committed 45056K, reserved 1089536K
  class space    used 5767K, capacity 5873K, committed 5888K, reserved 1048576K
}

