# JRE version: Java(TM) SE Runtime Environment (8.0_144-b01) (build 1.8.0_144-b01)
# Java VM: Java HotSpot(TM) 64-Bit Server VM (25.144-b01 mixed mode windows-amd64 compressed oops)
Heap:
 PSYoungGen      total 302080K, used 60658K [0x00000000ec580000, 0x0000000100000000, 0x0000000100000000)
  eden space 290304K, 16% used [0x00000000ec580000,0x00000000ef53d548,0x00000000fe100000)
  from space 11776K, 99% used [0x00000000ff480000,0x00000000fffff5f8,0x0000000100000000)
  to   space 15872K, 0% used [0x00000000fe100000,0x00000000fe100000,0x00000000ff080000)
 ParOldGen       total 53248K, used 27732K [0x00000000c5000000, 0x00000000c8400000, 0x00000000ec580000)
  object space 53248K, 52% used [0x00000000c5000000,0x00000000c6b151b8,0x00000000c8400000)
 Metaspace       used 53981K, capacity 54452K, committed 54912K, reserved 1097728K
  class space    used 6142K, capacity 6253K, committed 6272K, reserved 1048576K
GC Heap History (10 events):
Event: 7.223 GC heap before
{Heap before GC invocations=12 (full 1):
 PSYoungGen      total 181248K, used 181242K [0x00000000ec580000, 0x00000000f8e00000, 0x0000000100000000)
  eden space 176128K, 100% used [0x00000000ec580000,0x00000000f7180000,0x00000000f7180000)
  from space 5120K, 99% used [0x00000000f8900000,0x00000000f8dfead8,0x00000000f8e00000)
  to   space 6656K, 0% used [0x00000000f8100000,0x00000000f8100000,0x00000000f8780000)
 ParOldGen       total 27648K, used 9821K [0x00000000c5000000, 0x00000000c6b00000, 0x00000000ec580000)
  object space 27648K, 35% used [0x00000000c5000000,0x00000000c59975e0,0x00000000c6b00000)
 Metaspace       used 30588K, capacity 30934K, committed 31232K, reserved 1077248K
  class space    used 3421K, capacity 3528K, committed 3584K, reserved 1048576K
Event: 7.238 GC heap after
Heap after GC invocations=12 (full 1):
 PSYoungGen      total 198656K, used 6639K [0x00000000ec580000, 0x00000000fcc80000, 0x0000000100000000)
  eden space 192000K, 0% used [0x00000000ec580000,0x00000000ec580000,0x00000000f8100000)
  from space 6656K, 99% used [0x00000000f8100000,0x00000000f877bd88,0x00000000f8780000)
  to   space 9216K, 0% used [0x00000000fc380000,0x00000000fc380000,0x00000000fcc80000)
 ParOldGen       total 27648K, used 14865K [0x00000000c5000000, 0x00000000c6b00000, 0x00000000ec580000)
  object space 27648K, 53% used [0x00000000c5000000,0x00000000c5e84430,0x00000000c6b00000)
 Metaspace       used 30588K, capacity 30934K, committed 31232K, reserved 1077248K
  class space    used 3421K, capacity 3528K, committed 3584K, reserved 1048576K
}
Event: 7.978 GC heap before
{Heap before GC invocations=13 (full 1):
 PSYoungGen      total 198656K, used 139587K [0x00000000ec580000, 0x00000000fcc80000, 0x0000000100000000)
  eden space 192000K, 69% used [0x00000000ec580000,0x00000000f4754eb0,0x00000000f8100000)
  from space 6656K, 99% used [0x00000000f8100000,0x00000000f877bd88,0x00000000f8780000)
  to   space 9216K, 0% used [0x00000000fc380000,0x00000000fc380000,0x00000000fcc80000)
 ParOldGen       total 27648K, used 14865K [0x00000000c5000000, 0x00000000c6b00000, 0x00000000ec580000)
  object space 27648K, 53% used [0x00000000c5000000,0x00000000c5e84430,0x00000000c6b00000)
 Metaspace       used 34876K, capacity 35220K, committed 35496K, reserved 1081344K
  class space    used 3924K, capacity 4013K, committed 4096K, reserved 1048576K
Event: 7.988 GC heap after
Heap after GC invocations=13 (full 1):
 PSYoungGen      total 259072K, used 8534K [0x00000000ec580000, 0x00000000fe180000, 0x0000000100000000)
  eden space 249856K, 0% used [0x00000000ec580000,0x00000000ec580000,0x00000000fb980000)
  from space 9216K, 92% used [0x00000000fc380000,0x00000000fcbd5878,0x00000000fcc80000)
  to   space 10240K, 0% used [0x00000000fb980000,0x00000000fb980000,0x00000000fc380000)
 ParOldGen       total 27648K, used 19100K [0x00000000c5000000, 0x00000000c6b00000, 0x00000000ec580000)
  object space 27648K, 69% used [0x00000000c5000000,0x00000000c62a71b8,0x00000000c6b00000)
 Metaspace       used 34876K, capacity 35220K, committed 35496K, reserved 1081344K
  class space    used 3924K, capacity 4013K, committed 4096K, reserved 1048576K
}
Event: 7.988 GC heap before
{Heap before GC invocations=14 (full 2):
 PSYoungGen      total 259072K, used 8534K [0x00000000ec580000, 0x00000000fe180000, 0x0000000100000000)
  eden space 249856K, 0% used [0x00000000ec580000,0x00000000ec580000,0x00000000fb980000)
  from space 9216K, 92% used [0x00000000fc380000,0x00000000fcbd5878,0x00000000fcc80000)
  to   space 10240K, 0% used [0x00000000fb980000,0x00000000fb980000,0x00000000fc380000)
 ParOldGen       total 27648K, used 19100K [0x00000000c5000000, 0x00000000c6b00000, 0x00000000ec580000)
  object space 27648K, 69% used [0x00000000c5000000,0x00000000c62a71b8,0x00000000c6b00000)
 Metaspace       used 34876K, capacity 35220K, committed 35496K, reserved 1081344K
  class space    used 3924K, capacity 4013K, committed 4096K, reserved 1048576K
Event: 8.043 GC heap after
Heap after GC invocations=14 (full 2):
 PSYoungGen      total 259072K, used 0K [0x00000000ec580000, 0x00000000fe180000, 0x0000000100000000)
  eden space 249856K, 0% used [0x00000000ec580000,0x00000000ec580000,0x00000000fb980000)
  from space 9216K, 0% used [0x00000000fc380000,0x00000000fc380000,0x00000000fcc80000)
  to   space 10240K, 0% used [0x00000000fb980000,0x00000000fb980000,0x00000000fc380000)
 ParOldGen       total 53248K, used 21275K [0x00000000c5000000, 0x00000000c8400000, 0x00000000ec580000)
  object space 53248K, 39% used [0x00000000c5000000,0x00000000c64c6fd0,0x00000000c8400000)
 Metaspace       used 34876K, capacity 35220K, committed 35496K, reserved 1081344K
  class space    used 3924K, capacity 4013K, committed 4096K, reserved 1048576K
}
Event: 9.392 GC heap before
{Heap before GC invocations=15 (full 2):
 PSYoungGen      total 259072K, used 249856K [0x00000000ec580000, 0x00000000fe180000, 0x0000000100000000)
  eden space 249856K, 100% used [0x00000000ec580000,0x00000000fb980000,0x00000000fb980000)
  from space 9216K, 0% used [0x00000000fc380000,0x00000000fc380000,0x00000000fcc80000)
  to   space 10240K, 0% used [0x00000000fb980000,0x00000000fb980000,0x00000000fc380000)
 ParOldGen       total 53248K, used 21275K [0x00000000c5000000, 0x00000000c8400000, 0x00000000ec580000)
  object space 53248K, 39% used [0x00000000c5000000,0x00000000c64c6fd0,0x00000000c8400000)
 Metaspace       used 43289K, capacity 43716K, committed 44032K, reserved 1087488K
  class space    used 4928K, capacity 5045K, committed 5120K, reserved 1048576K
Event: 9.402 GC heap after
Heap after GC invocations=15 (full 2):
 PSYoungGen      total 260096K, used 10222K [0x00000000ec580000, 0x0000000100000000, 0x0000000100000000)
  eden space 249856K, 0% used [0x00000000ec580000,0x00000000ec580000,0x00000000fb980000)
  from space 10240K, 99% used [0x00000000fb980000,0x00000000fc37ba10,0x00000000fc380000)
  to   space 11776K, 0% used [0x00000000ff480000,0x00000000ff480000,0x0000000100000000)
 ParOldGen       total 53248K, used 21361K [0x00000000c5000000, 0x00000000c8400000, 0x00000000ec580000)
  object space 53248K, 40% used [0x00000000c5000000,0x00000000c64dc6e8,0x00000000c8400000)
 Metaspace       used 43289K, capacity 43716K, committed 44032K, reserved 1087488K
  class space    used 4928K, capacity 5045K, committed 5120K, reserved 1048576K
}
Event: 13.634 GC heap before
{Heap before GC invocations=16 (full 2):
 PSYoungGen      total 260096K, used 260078K [0x00000000ec580000, 0x0000000100000000, 0x0000000100000000)
  eden space 249856K, 100% used [0x00000000ec580000,0x00000000fb980000,0x00000000fb980000)
  from space 10240K, 99% used [0x00000000fb980000,0x00000000fc37ba10,0x00000000fc380000)
  to   space 11776K, 0% used [0x00000000ff480000,0x00000000ff480000,0x0000000100000000)
 ParOldGen       total 53248K, used 21361K [0x00000000c5000000, 0x00000000c8400000, 0x00000000ec580000)
  object space 53248K, 40% used [0x00000000c5000000,0x00000000c64dc6e8,0x00000000c8400000)
 Metaspace       used 51870K, capacity 52338K, committed 52864K, reserved 1095680K
  class space    used 5879K, capacity 5986K, committed 6016K, reserved 1048576K
Event: 13.654 GC heap after
Heap after GC invocations=16 (full 2):
 PSYoungGen      total 302080K, used 11773K [0x00000000ec580000, 0x0000000100000000, 0x0000000100000000)
  eden space 290304K, 0% used [0x00000000ec580000,0x00000000ec580000,0x00000000fe100000)
  from space 11776K, 99% used [0x00000000ff480000,0x00000000fffff5f8,0x0000000100000000)
  to   space 15872K, 0% used [0x00000000fe100000,0x00000000fe100000,0x00000000ff080000)
 ParOldGen       total 53248K, used 27732K [0x00000000c5000000, 0x00000000c8400000, 0x00000000ec580000)
  object space 53248K, 52% used [0x00000000c5000000,0x00000000c6b151b8,0x00000000c8400000)
 Metaspace       used 51870K, capacity 52338K, committed 52864K, reserved 1095680K
  class space    used 5879K, capacity 5986K, committed 6016K, reserved 1048576K
}

