# JRE version: Java(TM) SE Runtime Environment (8.0_144-b01) (build 1.8.0_144-b01)
# Java VM: Java HotSpot(TM) 64-Bit Server VM (25.144-b01 mixed mode windows-amd64 compressed oops)
Heap:
 PSYoungGen      total 208384K, used 83892K [0x00000000ec580000, 0x00000000fac00000, 0x0000000100000000)
  eden space 195072K, 36% used [0x00000000ec580000,0x00000000f0a72900,0x00000000f8400000)
  from space 13312K, 99% used [0x00000000f9f00000,0x00000000fabfa830,0x00000000fac00000)
  to   space 16896K, 0% used [0x00000000f8b00000,0x00000000f8b00000,0x00000000f9b80000)
 ParOldGen       total 66048K, used 28993K [0x00000000c5000000, 0x00000000c9080000, 0x00000000ec580000)
  object space 66048K, 43% used [0x00000000c5000000,0x00000000c6c507b8,0x00000000c9080000)
 Metaspace       used 49035K, capacity 49704K, committed 49920K, reserved 1093632K
  class space    used 6216K, capacity 6371K, committed 6400K, reserved 1048576K
GC Heap History (10 events):
Event: 2.709 GC heap before
{Heap before GC invocations=10 (full 1):
 PSYoungGen      total 129536K, used 119296K [0x00000000ec580000, 0x00000000f4f80000, 0x0000000100000000)
  eden space 119296K, 100% used [0x00000000ec580000,0x00000000f3a00000,0x00000000f3a00000)
  from space 10240K, 0% used [0x00000000f4480000,0x00000000f4480000,0x00000000f4e80000)
  to   space 10752K, 0% used [0x00000000f3a00000,0x00000000f3a00000,0x00000000f4480000)
 ParOldGen       total 33792K, used 8713K [0x00000000c5000000, 0x00000000c7100000, 0x00000000ec580000)
  object space 33792K, 25% used [0x00000000c5000000,0x00000000c58825a0,0x00000000c7100000)
 Metaspace       used 25251K, capacity 25662K, committed 25856K, reserved 1071104K
  class space    used 3135K, capacity 3244K, committed 3328K, reserved 1048576K
Event: 2.720 GC heap after
Heap after GC invocations=10 (full 1):
 PSYoungGen      total 130048K, used 8295K [0x00000000ec580000, 0x00000000f7900000, 0x0000000100000000)
  eden space 119296K, 0% used [0x00000000ec580000,0x00000000ec580000,0x00000000f3a00000)
  from space 10752K, 77% used [0x00000000f3a00000,0x00000000f4219f08,0x00000000f4480000)
  to   space 11264K, 0% used [0x00000000f6e00000,0x00000000f6e00000,0x00000000f7900000)
 ParOldGen       total 33792K, used 8721K [0x00000000c5000000, 0x00000000c7100000, 0x00000000ec580000)
  object space 33792K, 25% used [0x00000000c5000000,0x00000000c58845a0,0x00000000c7100000)
 Metaspace       used 25251K, capacity 25662K, committed 25856K, reserved 1071104K
  class space    used 3135K, capacity 3244K, committed 3328K, reserved 1048576K
}
Event: 3.557 GC heap before
{Heap before GC invocations=11 (full 1):
 PSYoungGen      total 130048K, used 127565K [0x00000000ec580000, 0x00000000f7900000, 0x0000000100000000)
  eden space 119296K, 99% used [0x00000000ec580000,0x00000000f39f9500,0x00000000f3a00000)
  from space 10752K, 77% used [0x00000000f3a00000,0x00000000f4219f08,0x00000000f4480000)
  to   space 11264K, 0% used [0x00000000f6e00000,0x00000000f6e00000,0x00000000f7900000)
 ParOldGen       total 33792K, used 8721K [0x00000000c5000000, 0x00000000c7100000, 0x00000000ec580000)
  object space 33792K, 25% used [0x00000000c5000000,0x00000000c58845a0,0x00000000c7100000)
 Metaspace       used 30412K, capacity 30840K, committed 31104K, reserved 1077248K
  class space    used 3813K, capacity 3931K, committed 3968K, reserved 1048576K
Event: 3.572 GC heap after
Heap after GC invocations=11 (full 1):
 PSYoungGen      total 169984K, used 11235K [0x00000000ec580000, 0x00000000f7c00000, 0x0000000100000000)
  eden space 158720K, 0% used [0x00000000ec580000,0x00000000ec580000,0x00000000f6080000)
  from space 11264K, 99% used [0x00000000f6e00000,0x00000000f78f8e80,0x00000000f7900000)
  to   space 13824K, 0% used [0x00000000f6080000,0x00000000f6080000,0x00000000f6e00000)
 ParOldGen       total 33792K, used 11885K [0x00000000c5000000, 0x00000000c7100000, 0x00000000ec580000)
  object space 33792K, 35% used [0x00000000c5000000,0x00000000c5b9b538,0x00000000c7100000)
 Metaspace       used 30412K, capacity 30840K, committed 31104K, reserved 1077248K
  class space    used 3813K, capacity 3931K, committed 3968K, reserved 1048576K
}
Event: 4.420 GC heap before
{Heap before GC invocations=12 (full 1):
 PSYoungGen      total 169984K, used 145558K [0x00000000ec580000, 0x00000000f7c00000, 0x0000000100000000)
  eden space 158720K, 84% used [0x00000000ec580000,0x00000000f48acc48,0x00000000f6080000)
  from space 11264K, 99% used [0x00000000f6e00000,0x00000000f78f8e80,0x00000000f7900000)
  to   space 13824K, 0% used [0x00000000f6080000,0x00000000f6080000,0x00000000f6e00000)
 ParOldGen       total 33792K, used 11885K [0x00000000c5000000, 0x00000000c7100000, 0x00000000ec580000)
  object space 33792K, 35% used [0x00000000c5000000,0x00000000c5b9b538,0x00000000c7100000)
 Metaspace       used 34862K, capacity 35292K, committed 35496K, reserved 1081344K
  class space    used 4482K, capacity 4577K, committed 4608K, reserved 1048576K
Event: 4.436 GC heap after
Heap after GC invocations=12 (full 1):
 PSYoungGen      total 172544K, used 6981K [0x00000000ec580000, 0x00000000fac00000, 0x0000000100000000)
  eden space 158720K, 0% used [0x00000000ec580000,0x00000000ec580000,0x00000000f6080000)
  from space 13824K, 50% used [0x00000000f6080000,0x00000000f6751590,0x00000000f6e00000)
  to   space 13312K, 0% used [0x00000000f9f00000,0x00000000f9f00000,0x00000000fac00000)
 ParOldGen       total 33792K, used 22689K [0x00000000c5000000, 0x00000000c7100000, 0x00000000ec580000)
  object space 33792K, 67% used [0x00000000c5000000,0x00000000c6628688,0x00000000c7100000)
 Metaspace       used 34862K, capacity 35292K, committed 35496K, reserved 1081344K
  class space    used 4482K, capacity 4577K, committed 4608K, reserved 1048576K
}
Event: 4.436 GC heap before
{Heap before GC invocations=13 (full 2):
 PSYoungGen      total 172544K, used 6981K [0x00000000ec580000, 0x00000000fac00000, 0x0000000100000000)
  eden space 158720K, 0% used [0x00000000ec580000,0x00000000ec580000,0x00000000f6080000)
  from space 13824K, 50% used [0x00000000f6080000,0x00000000f6751590,0x00000000f6e00000)
  to   space 13312K, 0% used [0x00000000f9f00000,0x00000000f9f00000,0x00000000fac00000)
 ParOldGen       total 33792K, used 22689K [0x00000000c5000000, 0x00000000c7100000, 0x00000000ec580000)
  object space 33792K, 67% used [0x00000000c5000000,0x00000000c6628688,0x00000000c7100000)
 Metaspace       used 34862K, capacity 35292K, committed 35496K, reserved 1081344K
  class space    used 4482K, capacity 4577K, committed 4608K, reserved 1048576K
Event: 4.566 GC heap after
Heap after GC invocations=13 (full 2):
 PSYoungGen      total 172544K, used 0K [0x00000000ec580000, 0x00000000fac00000, 0x0000000100000000)
  eden space 158720K, 0% used [0x00000000ec580000,0x00000000ec580000,0x00000000f6080000)
  from space 13824K, 0% used [0x00000000f6080000,0x00000000f6080000,0x00000000f6e00000)
  to   space 13312K, 0% used [0x00000000f9f00000,0x00000000f9f00000,0x00000000fac00000)
 ParOldGen       total 66048K, used 24835K [0x00000000c5000000, 0x00000000c9080000, 0x00000000ec580000)
  object space 66048K, 37% used [0x00000000c5000000,0x00000000c6840f60,0x00000000c9080000)
 Metaspace       used 34862K, capacity 35292K, committed 35496K, reserved 1081344K
  class space    used 4482K, capacity 4577K, committed 4608K, reserved 1048576K
}
Event: 9.719 GC heap before
{Heap before GC invocations=14 (full 2):
 PSYoungGen      total 172544K, used 158720K [0x00000000ec580000, 0x00000000fac00000, 0x0000000100000000)
  eden space 158720K, 100% used [0x00000000ec580000,0x00000000f6080000,0x00000000f6080000)
  from space 13824K, 0% used [0x00000000f6080000,0x00000000f6080000,0x00000000f6e00000)
  to   space 13312K, 0% used [0x00000000f9f00000,0x00000000f9f00000,0x00000000fac00000)
 ParOldGen       total 66048K, used 24835K [0x00000000c5000000, 0x00000000c9080000, 0x00000000ec580000)
  object space 66048K, 37% used [0x00000000c5000000,0x00000000c6840f60,0x00000000c9080000)
 Metaspace       used 45358K, capacity 45850K, committed 46208K, reserved 1089536K
  class space    used 5790K, capacity 5942K, committed 6016K, reserved 1048576K
Event: 9.742 GC heap after
Heap after GC invocations=14 (full 2):
 PSYoungGen      total 208384K, used 13290K [0x00000000ec580000, 0x00000000fac00000, 0x0000000100000000)
  eden space 195072K, 0% used [0x00000000ec580000,0x00000000ec580000,0x00000000f8400000)
  from space 13312K, 99% used [0x00000000f9f00000,0x00000000fabfa830,0x00000000fac00000)
  to   space 16896K, 0% used [0x00000000f8b00000,0x00000000f8b00000,0x00000000f9b80000)
 ParOldGen       total 66048K, used 28993K [0x00000000c5000000, 0x00000000c9080000, 0x00000000ec580000)
  object space 66048K, 43% used [0x00000000c5000000,0x00000000c6c507b8,0x00000000c9080000)
 Metaspace       used 45358K, capacity 45850K, committed 46208K, reserved 1089536K
  class space    used 5790K, capacity 5942K, committed 6016K, reserved 1048576K
}

