# JRE version: Java(TM) SE Runtime Environment (8.0_144-b01) (build 1.8.0_144-b01)
# Java VM: Java HotSpot(TM) 64-Bit Server VM (25.144-b01 mixed mode windows-amd64 compressed oops)
Heap:
 PSYoungGen      total 147456K, used 23279K [0x00000000ec580000, 0x00000000f6700000, 0x0000000100000000)
  eden space 139776K, 16% used [0x00000000ec580000,0x00000000edc3bfe0,0x00000000f4e00000)
  from space 7680K, 0% used [0x00000000f5f80000,0x00000000f5f80000,0x00000000f6700000)
  to   space 12800K, 0% used [0x00000000f4e00000,0x00000000f4e00000,0x00000000f5a80000)
 ParOldGen       total 69120K, used 22834K [0x00000000c5000000, 0x00000000c9380000, 0x00000000ec580000)
  object space 69120K, 33% used [0x00000000c5000000,0x00000000c664c930,0x00000000c9380000)
 Metaspace       used 40214K, capacity 40626K, committed 40960K, reserved 1087488K
  class space    used 5195K, capacity 5300K, committed 5376K, reserved 1048576K
GC Heap History (10 events):
Event: 3.316 GC heap before
{Heap before GC invocations=11 (full 1):
 PSYoungGen      total 119296K, used 119292K [0x00000000ec580000, 0x00000000f4800000, 0x0000000100000000)
  eden space 111104K, 100% used [0x00000000ec580000,0x00000000f3200000,0x00000000f3200000)
  from space 8192K, 99% used [0x00000000f3b00000,0x00000000f42ff2f8,0x00000000f4300000)
  to   space 5120K, 0% used [0x00000000f4300000,0x00000000f4300000,0x00000000f4800000)
 ParOldGen       total 37376K, used 14316K [0x00000000c5000000, 0x00000000c7480000, 0x00000000ec580000)
  object space 37376K, 38% used [0x00000000c5000000,0x00000000c5dfb300,0x00000000c7480000)
 Metaspace       used 32828K, capacity 33216K, committed 33536K, reserved 1079296K
  class space    used 4176K, capacity 4305K, committed 4352K, reserved 1048576K
Event: 3.329 GC heap after
Heap after GC invocations=11 (full 1):
 PSYoungGen      total 120320K, used 5109K [0x00000000ec580000, 0x00000000f6700000, 0x0000000100000000)
  eden space 115200K, 0% used [0x00000000ec580000,0x00000000ec580000,0x00000000f3600000)
  from space 5120K, 99% used [0x00000000f4300000,0x00000000f47fd728,0x00000000f4800000)
  to   space 13312K, 0% used [0x00000000f3600000,0x00000000f3600000,0x00000000f4300000)
 ParOldGen       total 37376K, used 22584K [0x00000000c5000000, 0x00000000c7480000, 0x00000000ec580000)
  object space 37376K, 60% used [0x00000000c5000000,0x00000000c660e328,0x00000000c7480000)
 Metaspace       used 32828K, capacity 33216K, committed 33536K, reserved 1079296K
  class space    used 4176K, capacity 4305K, committed 4352K, reserved 1048576K
}
Event: 3.509 GC heap before
{Heap before GC invocations=12 (full 1):
 PSYoungGen      total 120320K, used 24296K [0x00000000ec580000, 0x00000000f6700000, 0x0000000100000000)
  eden space 115200K, 16% used [0x00000000ec580000,0x00000000ed83cbb8,0x00000000f3600000)
  from space 5120K, 99% used [0x00000000f4300000,0x00000000f47fd728,0x00000000f4800000)
  to   space 13312K, 0% used [0x00000000f3600000,0x00000000f3600000,0x00000000f4300000)
 ParOldGen       total 37376K, used 22584K [0x00000000c5000000, 0x00000000c7480000, 0x00000000ec580000)
  object space 37376K, 60% used [0x00000000c5000000,0x00000000c660e328,0x00000000c7480000)
 Metaspace       used 34840K, capacity 35206K, committed 35456K, reserved 1079296K
  class space    used 4528K, capacity 4626K, committed 4736K, reserved 1048576K
Event: 3.514 GC heap after
Heap after GC invocations=12 (full 1):
 PSYoungGen      total 128512K, used 6354K [0x00000000ec580000, 0x00000000f6c00000, 0x0000000100000000)
  eden space 115200K, 0% used [0x00000000ec580000,0x00000000ec580000,0x00000000f3600000)
  from space 13312K, 47% used [0x00000000f3600000,0x00000000f3c34ad0,0x00000000f4300000)
  to   space 12800K, 0% used [0x00000000f5f80000,0x00000000f5f80000,0x00000000f6c00000)
 ParOldGen       total 37376K, used 23676K [0x00000000c5000000, 0x00000000c7480000, 0x00000000ec580000)
  object space 37376K, 63% used [0x00000000c5000000,0x00000000c671f080,0x00000000c7480000)
 Metaspace       used 34840K, capacity 35206K, committed 35456K, reserved 1079296K
  class space    used 4528K, capacity 4626K, committed 4736K, reserved 1048576K
}
Event: 3.514 GC heap before
{Heap before GC invocations=13 (full 2):
 PSYoungGen      total 128512K, used 6354K [0x00000000ec580000, 0x00000000f6c00000, 0x0000000100000000)
  eden space 115200K, 0% used [0x00000000ec580000,0x00000000ec580000,0x00000000f3600000)
  from space 13312K, 47% used [0x00000000f3600000,0x00000000f3c34ad0,0x00000000f4300000)
  to   space 12800K, 0% used [0x00000000f5f80000,0x00000000f5f80000,0x00000000f6c00000)
 ParOldGen       total 37376K, used 23676K [0x00000000c5000000, 0x00000000c7480000, 0x00000000ec580000)
  object space 37376K, 63% used [0x00000000c5000000,0x00000000c671f080,0x00000000c7480000)
 Metaspace       used 34840K, capacity 35206K, committed 35456K, reserved 1079296K
  class space    used 4528K, capacity 4626K, committed 4736K, reserved 1048576K
Event: 3.609 GC heap after
Heap after GC invocations=13 (full 2):
 PSYoungGen      total 128512K, used 0K [0x00000000ec580000, 0x00000000f6c00000, 0x0000000100000000)
  eden space 115200K, 0% used [0x00000000ec580000,0x00000000ec580000,0x00000000f3600000)
  from space 13312K, 0% used [0x00000000f3600000,0x00000000f3600000,0x00000000f4300000)
  to   space 12800K, 0% used [0x00000000f5f80000,0x00000000f5f80000,0x00000000f6c00000)
 ParOldGen       total 69120K, used 24159K [0x00000000c5000000, 0x00000000c9380000, 0x00000000ec580000)
  object space 69120K, 34% used [0x00000000c5000000,0x00000000c6797ec0,0x00000000c9380000)
 Metaspace       used 34840K, capacity 35206K, committed 35456K, reserved 1079296K
  class space    used 4528K, capacity 4626K, committed 4736K, reserved 1048576K
}
Event: 3.867 GC heap before
{Heap before GC invocations=14 (full 2):
 PSYoungGen      total 128512K, used 17131K [0x00000000ec580000, 0x00000000f6c00000, 0x0000000100000000)
  eden space 115200K, 14% used [0x00000000ec580000,0x00000000ed63afa0,0x00000000f3600000)
  from space 13312K, 0% used [0x00000000f3600000,0x00000000f3600000,0x00000000f4300000)
  to   space 12800K, 0% used [0x00000000f5f80000,0x00000000f5f80000,0x00000000f6c00000)
 ParOldGen       total 69120K, used 24159K [0x00000000c5000000, 0x00000000c9380000, 0x00000000ec580000)
  object space 69120K, 34% used [0x00000000c5000000,0x00000000c6797ec0,0x00000000c9380000)
 Metaspace       used 37613K, capacity 38002K, committed 38272K, reserved 1087488K
  class space    used 4807K, capacity 4916K, committed 4992K, reserved 1048576K
Event: 3.870 GC heap after
Heap after GC invocations=14 (full 2):
 PSYoungGen      total 147456K, used 3075K [0x00000000ec580000, 0x00000000f6700000, 0x0000000100000000)
  eden space 139776K, 0% used [0x00000000ec580000,0x00000000ec580000,0x00000000f4e00000)
  from space 7680K, 40% used [0x00000000f5f80000,0x00000000f6280f18,0x00000000f6700000)
  to   space 12800K, 0% used [0x00000000f4e00000,0x00000000f4e00000,0x00000000f5a80000)
 ParOldGen       total 69120K, used 24175K [0x00000000c5000000, 0x00000000c9380000, 0x00000000ec580000)
  object space 69120K, 34% used [0x00000000c5000000,0x00000000c679bed0,0x00000000c9380000)
 Metaspace       used 37613K, capacity 38002K, committed 38272K, reserved 1087488K
  class space    used 4807K, capacity 4916K, committed 4992K, reserved 1048576K
}
Event: 3.870 GC heap before
{Heap before GC invocations=15 (full 3):
 PSYoungGen      total 147456K, used 3075K [0x00000000ec580000, 0x00000000f6700000, 0x0000000100000000)
  eden space 139776K, 0% used [0x00000000ec580000,0x00000000ec580000,0x00000000f4e00000)
  from space 7680K, 40% used [0x00000000f5f80000,0x00000000f6280f18,0x00000000f6700000)
  to   space 12800K, 0% used [0x00000000f4e00000,0x00000000f4e00000,0x00000000f5a80000)
 ParOldGen       total 69120K, used 24175K [0x00000000c5000000, 0x00000000c9380000, 0x00000000ec580000)
  object space 69120K, 34% used [0x00000000c5000000,0x00000000c679bed0,0x00000000c9380000)
 Metaspace       used 37613K, capacity 38002K, committed 38272K, reserved 1087488K
  class space    used 4807K, capacity 4916K, committed 4992K, reserved 1048576K
Event: 3.986 GC heap after
Heap after GC invocations=15 (full 3):
 PSYoungGen      total 147456K, used 0K [0x00000000ec580000, 0x00000000f6700000, 0x0000000100000000)
  eden space 139776K, 0% used [0x00000000ec580000,0x00000000ec580000,0x00000000f4e00000)
  from space 7680K, 0% used [0x00000000f5f80000,0x00000000f5f80000,0x00000000f6700000)
  to   space 12800K, 0% used [0x00000000f4e00000,0x00000000f4e00000,0x00000000f5a80000)
 ParOldGen       total 69120K, used 22834K [0x00000000c5000000, 0x00000000c9380000, 0x00000000ec580000)
  object space 69120K, 33% used [0x00000000c5000000,0x00000000c664c930,0x00000000c9380000)
 Metaspace       used 37613K, capacity 38002K, committed 38272K, reserved 1085440K
  class space    used 4807K, capacity 4916K, committed 4992K, reserved 1048576K
}

