# JRE version: Java(TM) SE Runtime Environment (8.0_144-b01) (build 1.8.0_144-b01)
# Java VM: Java HotSpot(TM) 64-Bit Server VM (25.144-b01 mixed mode windows-amd64 compressed oops)
Heap:
 PSYoungGen      total 208384K, used 62615K [0x00000000ec580000, 0x00000000faf00000, 0x0000000100000000)
  eden space 190464K, 32% used [0x00000000ec580000,0x00000000f02a5dc8,0x00000000f7f80000)
  from space 17920K, 0% used [0x00000000f9180000,0x00000000f9180000,0x00000000fa300000)
  to   space 18432K, 0% used [0x00000000f7f80000,0x00000000f7f80000,0x00000000f9180000)
 ParOldGen       total 82944K, used 34025K [0x00000000c5000000, 0x00000000ca100000, 0x00000000ec580000)
  object space 82944K, 41% used [0x00000000c5000000,0x00000000c713a630,0x00000000ca100000)
 Metaspace       used 60747K, capacity 61426K, committed 61784K, reserved 1103872K
  class space    used 7748K, capacity 7912K, committed 8024K, reserved 1048576K
GC Heap History (10 events):
Event: 25.935 GC heap before
{Heap before GC invocations=13 (full 2):
 PSYoungGen      total 140800K, used 129536K [0x00000000ec580000, 0x00000000f7e00000, 0x0000000100000000)
  eden space 129536K, 100% used [0x00000000ec580000,0x00000000f4400000,0x00000000f4400000)
  from space 11264K, 0% used [0x00000000f5200000,0x00000000f5200000,0x00000000f5d00000)
  to   space 14336K, 0% used [0x00000000f4400000,0x00000000f4400000,0x00000000f5200000)
 ParOldGen       total 61952K, used 24258K [0x00000000c5000000, 0x00000000c8c80000, 0x00000000ec580000)
  object space 61952K, 39% used [0x00000000c5000000,0x00000000c67b0968,0x00000000c8c80000)
 Metaspace       used 46285K, capacity 46774K, committed 47104K, reserved 1089536K
  class space    used 5978K, capacity 6126K, committed 6144K, reserved 1048576K
Event: 25.951 GC heap after
Heap after GC invocations=13 (full 2):
 PSYoungGen      total 143872K, used 14322K [0x00000000ec580000, 0x00000000f8580000, 0x0000000100000000)
  eden space 129536K, 0% used [0x00000000ec580000,0x00000000ec580000,0x00000000f4400000)
  from space 14336K, 99% used [0x00000000f4400000,0x00000000f51fca90,0x00000000f5200000)
  to   space 16896K, 0% used [0x00000000f7500000,0x00000000f7500000,0x00000000f8580000)
 ParOldGen       total 61952K, used 26373K [0x00000000c5000000, 0x00000000c8c80000, 0x00000000ec580000)
  object space 61952K, 42% used [0x00000000c5000000,0x00000000c69c1520,0x00000000c8c80000)
 Metaspace       used 46285K, capacity 46774K, committed 47104K, reserved 1089536K
  class space    used 5978K, capacity 6126K, committed 6144K, reserved 1048576K
}
Event: 29.022 GC heap before
{Heap before GC invocations=14 (full 2):
 PSYoungGen      total 143872K, used 143858K [0x00000000ec580000, 0x00000000f8580000, 0x0000000100000000)
  eden space 129536K, 100% used [0x00000000ec580000,0x00000000f4400000,0x00000000f4400000)
  from space 14336K, 99% used [0x00000000f4400000,0x00000000f51fca90,0x00000000f5200000)
  to   space 16896K, 0% used [0x00000000f7500000,0x00000000f7500000,0x00000000f8580000)
 ParOldGen       total 61952K, used 26373K [0x00000000c5000000, 0x00000000c8c80000, 0x00000000ec580000)
  object space 61952K, 42% used [0x00000000c5000000,0x00000000c69c1520,0x00000000c8c80000)
 Metaspace       used 49413K, capacity 50014K, committed 50432K, reserved 1093632K
  class space    used 6382K, capacity 6538K, committed 6656K, reserved 1048576K
Event: 29.042 GC heap after
Heap after GC invocations=14 (full 2):
 PSYoungGen      total 172544K, used 8665K [0x00000000ec580000, 0x00000000f8180000, 0x0000000100000000)
  eden space 159744K, 0% used [0x00000000ec580000,0x00000000ec580000,0x00000000f6180000)
  from space 12800K, 67% used [0x00000000f7500000,0x00000000f7d76660,0x00000000f8180000)
  to   space 16384K, 0% used [0x00000000f6180000,0x00000000f6180000,0x00000000f7180000)
 ParOldGen       total 61952K, used 34821K [0x00000000c5000000, 0x00000000c8c80000, 0x00000000ec580000)
  object space 61952K, 56% used [0x00000000c5000000,0x00000000c7201708,0x00000000c8c80000)
 Metaspace       used 49413K, capacity 50014K, committed 50432K, reserved 1093632K
  class space    used 6382K, capacity 6538K, committed 6656K, reserved 1048576K
}
Event: 52.394 GC heap before
{Heap before GC invocations=15 (full 2):
 PSYoungGen      total 172544K, used 168409K [0x00000000ec580000, 0x00000000f8180000, 0x0000000100000000)
  eden space 159744K, 100% used [0x00000000ec580000,0x00000000f6180000,0x00000000f6180000)
  from space 12800K, 67% used [0x00000000f7500000,0x00000000f7d76660,0x00000000f8180000)
  to   space 16384K, 0% used [0x00000000f6180000,0x00000000f6180000,0x00000000f7180000)
 ParOldGen       total 61952K, used 34821K [0x00000000c5000000, 0x00000000c8c80000, 0x00000000ec580000)
  object space 61952K, 56% used [0x00000000c5000000,0x00000000c7201708,0x00000000c8c80000)
 Metaspace       used 57201K, capacity 57864K, committed 58240K, reserved 1099776K
  class space    used 7297K, capacity 7463K, committed 7552K, reserved 1048576K
Event: 52.406 GC heap after
Heap after GC invocations=15 (full 2):
 PSYoungGen      total 176128K, used 14409K [0x00000000ec580000, 0x00000000fa300000, 0x0000000100000000)
  eden space 159744K, 0% used [0x00000000ec580000,0x00000000ec580000,0x00000000f6180000)
  from space 16384K, 87% used [0x00000000f6180000,0x00000000f6f92470,0x00000000f7180000)
  to   space 17920K, 0% used [0x00000000f9180000,0x00000000f9180000,0x00000000fa300000)
 ParOldGen       total 61952K, used 34829K [0x00000000c5000000, 0x00000000c8c80000, 0x00000000ec580000)
  object space 61952K, 56% used [0x00000000c5000000,0x00000000c7203708,0x00000000c8c80000)
 Metaspace       used 57201K, capacity 57864K, committed 58240K, reserved 1099776K
  class space    used 7297K, capacity 7463K, committed 7552K, reserved 1048576K
}
Event: 52.645 GC heap before
{Heap before GC invocations=16 (full 2):
 PSYoungGen      total 176128K, used 25922K [0x00000000ec580000, 0x00000000fa300000, 0x0000000100000000)
  eden space 159744K, 7% used [0x00000000ec580000,0x00000000ed0be6a8,0x00000000f6180000)
  from space 16384K, 87% used [0x00000000f6180000,0x00000000f6f92470,0x00000000f7180000)
  to   space 17920K, 0% used [0x00000000f9180000,0x00000000f9180000,0x00000000fa300000)
 ParOldGen       total 61952K, used 34829K [0x00000000c5000000, 0x00000000c8c80000, 0x00000000ec580000)
  object space 61952K, 56% used [0x00000000c5000000,0x00000000c7203708,0x00000000c8c80000)
 Metaspace       used 58249K, capacity 58824K, committed 59096K, reserved 1101824K
  class space    used 7440K, capacity 7591K, committed 7640K, reserved 1048576K
Event: 52.655 GC heap after
Heap after GC invocations=16 (full 2):
 PSYoungGen      total 208384K, used 11595K [0x00000000ec580000, 0x00000000faf00000, 0x0000000100000000)
  eden space 190464K, 0% used [0x00000000ec580000,0x00000000ec580000,0x00000000f7f80000)
  from space 17920K, 64% used [0x00000000f9180000,0x00000000f9cd2f18,0x00000000fa300000)
  to   space 18432K, 0% used [0x00000000f7f80000,0x00000000f7f80000,0x00000000f9180000)
 ParOldGen       total 61952K, used 34837K [0x00000000c5000000, 0x00000000c8c80000, 0x00000000ec580000)
  object space 61952K, 56% used [0x00000000c5000000,0x00000000c7205708,0x00000000c8c80000)
 Metaspace       used 58249K, capacity 58824K, committed 59096K, reserved 1101824K
  class space    used 7440K, capacity 7591K, committed 7640K, reserved 1048576K
}
Event: 52.655 GC heap before
{Heap before GC invocations=17 (full 3):
 PSYoungGen      total 208384K, used 11595K [0x00000000ec580000, 0x00000000faf00000, 0x0000000100000000)
  eden space 190464K, 0% used [0x00000000ec580000,0x00000000ec580000,0x00000000f7f80000)
  from space 17920K, 64% used [0x00000000f9180000,0x00000000f9cd2f18,0x00000000fa300000)
  to   space 18432K, 0% used [0x00000000f7f80000,0x00000000f7f80000,0x00000000f9180000)
 ParOldGen       total 61952K, used 34837K [0x00000000c5000000, 0x00000000c8c80000, 0x00000000ec580000)
  object space 61952K, 56% used [0x00000000c5000000,0x00000000c7205708,0x00000000c8c80000)
 Metaspace       used 58249K, capacity 58824K, committed 59096K, reserved 1101824K
  class space    used 7440K, capacity 7591K, committed 7640K, reserved 1048576K
Event: 52.825 GC heap after
Heap after GC invocations=17 (full 3):
 PSYoungGen      total 208384K, used 0K [0x00000000ec580000, 0x00000000faf00000, 0x0000000100000000)
  eden space 190464K, 0% used [0x00000000ec580000,0x00000000ec580000,0x00000000f7f80000)
  from space 17920K, 0% used [0x00000000f9180000,0x00000000f9180000,0x00000000fa300000)
  to   space 18432K, 0% used [0x00000000f7f80000,0x00000000f7f80000,0x00000000f9180000)
 ParOldGen       total 82944K, used 34025K [0x00000000c5000000, 0x00000000ca100000, 0x00000000ec580000)
  object space 82944K, 41% used [0x00000000c5000000,0x00000000c713a630,0x00000000ca100000)
 Metaspace       used 58249K, capacity 58824K, committed 59096K, reserved 1101824K
  class space    used 7440K, capacity 7591K, committed 7640K, reserved 1048576K
}

