# JRE version: Java(TM) SE Runtime Environment (8.0_144-b01) (build 1.8.0_144-b01)
# Java VM: Java HotSpot(TM) 64-Bit Server VM (25.144-b01 mixed mode windows-amd64 compressed oops)
Heap:
 PSYoungGen      total 128512K, used 80593K [0x00000000ec580000, 0x00000000f7000000, 0x0000000100000000)
  eden space 115712K, 58% used [0x00000000ec580000,0x00000000f07ee730,0x00000000f3680000)
  from space 12800K, 98% used [0x00000000f3680000,0x00000000f42c6068,0x00000000f4300000)
  to   space 14336K, 0% used [0x00000000f6200000,0x00000000f6200000,0x00000000f7000000)
 ParOldGen       total 62464K, used 22613K [0x00000000c5000000, 0x00000000c8d00000, 0x00000000ec580000)
  object space 62464K, 36% used [0x00000000c5000000,0x00000000c66155e0,0x00000000c8d00000)
 Metaspace       used 44768K, capacity 45134K, committed 45440K, reserved 1089536K
  class space    used 5856K, capacity 5970K, committed 6016K, reserved 1048576K
GC Heap History (10 events):
Event: 3.089 GC heap before
{Heap before GC invocations=9 (full 1):
 PSYoungGen      total 68096K, used 60928K [0x00000000ec580000, 0x00000000f4a80000, 0x0000000100000000)
  eden space 60928K, 100% used [0x00000000ec580000,0x00000000f0100000,0x00000000f0100000)
  from space 7168K, 0% used [0x00000000f0100000,0x00000000f0100000,0x00000000f0800000)
  to   space 7168K, 0% used [0x00000000f4380000,0x00000000f4380000,0x00000000f4a80000)
 ParOldGen       total 34304K, used 7948K [0x00000000c5000000, 0x00000000c7180000, 0x00000000ec580000)
  object space 34304K, 23% used [0x00000000c5000000,0x00000000c57c3198,0x00000000c7180000)
 Metaspace       used 23916K, capacity 24230K, committed 24448K, reserved 1071104K
  class space    used 3016K, capacity 3126K, committed 3200K, reserved 1048576K
Event: 3.095 GC heap after
Heap after GC invocations=9 (full 1):
 PSYoungGen      total 97280K, used 4819K [0x00000000ec580000, 0x00000000f4880000, 0x0000000100000000)
  eden space 92160K, 0% used [0x00000000ec580000,0x00000000ec580000,0x00000000f1f80000)
  from space 5120K, 94% used [0x00000000f4380000,0x00000000f4834cf0,0x00000000f4880000)
  to   space 7168K, 0% used [0x00000000f3a80000,0x00000000f3a80000,0x00000000f4180000)
 ParOldGen       total 34304K, used 7956K [0x00000000c5000000, 0x00000000c7180000, 0x00000000ec580000)
  object space 34304K, 23% used [0x00000000c5000000,0x00000000c57c5198,0x00000000c7180000)
 Metaspace       used 23916K, capacity 24230K, committed 24448K, reserved 1071104K
  class space    used 3016K, capacity 3126K, committed 3200K, reserved 1048576K
}
Event: 5.228 GC heap before
{Heap before GC invocations=10 (full 1):
 PSYoungGen      total 97280K, used 96979K [0x00000000ec580000, 0x00000000f4880000, 0x0000000100000000)
  eden space 92160K, 100% used [0x00000000ec580000,0x00000000f1f80000,0x00000000f1f80000)
  from space 5120K, 94% used [0x00000000f4380000,0x00000000f4834cf0,0x00000000f4880000)
  to   space 7168K, 0% used [0x00000000f3a80000,0x00000000f3a80000,0x00000000f4180000)
 ParOldGen       total 34304K, used 7956K [0x00000000c5000000, 0x00000000c7180000, 0x00000000ec580000)
  object space 34304K, 23% used [0x00000000c5000000,0x00000000c57c5198,0x00000000c7180000)
 Metaspace       used 28415K, capacity 28702K, committed 29056K, reserved 1075200K
  class space    used 3579K, capacity 3674K, committed 3712K, reserved 1048576K
Event: 5.243 GC heap after
Heap after GC invocations=10 (full 1):
 PSYoungGen      total 125440K, used 7151K [0x00000000ec580000, 0x00000000f4d00000, 0x0000000100000000)
  eden space 118272K, 0% used [0x00000000ec580000,0x00000000ec580000,0x00000000f3900000)
  from space 7168K, 99% used [0x00000000f3a80000,0x00000000f417bc70,0x00000000f4180000)
  to   space 10240K, 0% used [0x00000000f4300000,0x00000000f4300000,0x00000000f4d00000)
 ParOldGen       total 34304K, used 13204K [0x00000000c5000000, 0x00000000c7180000, 0x00000000ec580000)
  object space 34304K, 38% used [0x00000000c5000000,0x00000000c5ce5300,0x00000000c7180000)
 Metaspace       used 28415K, capacity 28702K, committed 29056K, reserved 1075200K
  class space    used 3579K, capacity 3674K, committed 3712K, reserved 1048576K
}
Event: 7.778 GC heap before
{Heap before GC invocations=11 (full 1):
 PSYoungGen      total 125440K, used 75219K [0x00000000ec580000, 0x00000000f4d00000, 0x0000000100000000)
  eden space 118272K, 57% used [0x00000000ec580000,0x00000000f07f9110,0x00000000f3900000)
  from space 7168K, 99% used [0x00000000f3a80000,0x00000000f417bc70,0x00000000f4180000)
  to   space 10240K, 0% used [0x00000000f4300000,0x00000000f4300000,0x00000000f4d00000)
 ParOldGen       total 34304K, used 13204K [0x00000000c5000000, 0x00000000c7180000, 0x00000000ec580000)
  object space 34304K, 38% used [0x00000000c5000000,0x00000000c5ce5300,0x00000000c7180000)
 Metaspace       used 34801K, capacity 35112K, committed 35416K, reserved 1081344K
  class space    used 4459K, capacity 4545K, committed 4608K, reserved 1048576K
Event: 7.789 GC heap after
Heap after GC invocations=11 (full 1):
 PSYoungGen      total 125952K, used 10232K [0x00000000ec580000, 0x00000000f6f00000, 0x0000000100000000)
  eden space 115712K, 0% used [0x00000000ec580000,0x00000000ec580000,0x00000000f3680000)
  from space 10240K, 99% used [0x00000000f4300000,0x00000000f4cfe030,0x00000000f4d00000)
  to   space 12800K, 0% used [0x00000000f3680000,0x00000000f3680000,0x00000000f4300000)
 ParOldGen       total 34304K, used 17113K [0x00000000c5000000, 0x00000000c7180000, 0x00000000ec580000)
  object space 34304K, 49% used [0x00000000c5000000,0x00000000c60b64a8,0x00000000c7180000)
 Metaspace       used 34801K, capacity 35112K, committed 35416K, reserved 1081344K
  class space    used 4459K, capacity 4545K, committed 4608K, reserved 1048576K
}
Event: 7.789 GC heap before
{Heap before GC invocations=12 (full 2):
 PSYoungGen      total 125952K, used 10232K [0x00000000ec580000, 0x00000000f6f00000, 0x0000000100000000)
  eden space 115712K, 0% used [0x00000000ec580000,0x00000000ec580000,0x00000000f3680000)
  from space 10240K, 99% used [0x00000000f4300000,0x00000000f4cfe030,0x00000000f4d00000)
  to   space 12800K, 0% used [0x00000000f3680000,0x00000000f3680000,0x00000000f4300000)
 ParOldGen       total 34304K, used 17113K [0x00000000c5000000, 0x00000000c7180000, 0x00000000ec580000)
  object space 34304K, 49% used [0x00000000c5000000,0x00000000c60b64a8,0x00000000c7180000)
 Metaspace       used 34801K, capacity 35112K, committed 35416K, reserved 1081344K
  class space    used 4459K, capacity 4545K, committed 4608K, reserved 1048576K
Event: 7.842 GC heap after
Heap after GC invocations=12 (full 2):
 PSYoungGen      total 125952K, used 0K [0x00000000ec580000, 0x00000000f6f00000, 0x0000000100000000)
  eden space 115712K, 0% used [0x00000000ec580000,0x00000000ec580000,0x00000000f3680000)
  from space 10240K, 0% used [0x00000000f4300000,0x00000000f4300000,0x00000000f4d00000)
  to   space 12800K, 0% used [0x00000000f3680000,0x00000000f3680000,0x00000000f4300000)
 ParOldGen       total 62464K, used 22605K [0x00000000c5000000, 0x00000000c8d00000, 0x00000000ec580000)
  object space 62464K, 36% used [0x00000000c5000000,0x00000000c66135e0,0x00000000c8d00000)
 Metaspace       used 34801K, capacity 35112K, committed 35416K, reserved 1081344K
  class space    used 4459K, capacity 4545K, committed 4608K, reserved 1048576K
}
Event: 12.174 GC heap before
{Heap before GC invocations=13 (full 2):
 PSYoungGen      total 125952K, used 115712K [0x00000000ec580000, 0x00000000f6f00000, 0x0000000100000000)
  eden space 115712K, 100% used [0x00000000ec580000,0x00000000f3680000,0x00000000f3680000)
  from space 10240K, 0% used [0x00000000f4300000,0x00000000f4300000,0x00000000f4d00000)
  to   space 12800K, 0% used [0x00000000f3680000,0x00000000f3680000,0x00000000f4300000)
 ParOldGen       total 62464K, used 22605K [0x00000000c5000000, 0x00000000c8d00000, 0x00000000ec580000)
  object space 62464K, 36% used [0x00000000c5000000,0x00000000c66135e0,0x00000000c8d00000)
 Metaspace       used 43443K, capacity 43784K, committed 44288K, reserved 1087488K
  class space    used 5680K, capacity 5777K, committed 5888K, reserved 1048576K
Event: 12.186 GC heap after
Heap after GC invocations=13 (full 2):
 PSYoungGen      total 128512K, used 12568K [0x00000000ec580000, 0x00000000f7000000, 0x0000000100000000)
  eden space 115712K, 0% used [0x00000000ec580000,0x00000000ec580000,0x00000000f3680000)
  from space 12800K, 98% used [0x00000000f3680000,0x00000000f42c6068,0x00000000f4300000)
  to   space 14336K, 0% used [0x00000000f6200000,0x00000000f6200000,0x00000000f7000000)
 ParOldGen       total 62464K, used 22613K [0x00000000c5000000, 0x00000000c8d00000, 0x00000000ec580000)
  object space 62464K, 36% used [0x00000000c5000000,0x00000000c66155e0,0x00000000c8d00000)
 Metaspace       used 43443K, capacity 43784K, committed 44288K, reserved 1087488K
  class space    used 5680K, capacity 5777K, committed 5888K, reserved 1048576K
}

