# JRE version: Java(TM) SE Runtime Environment (8.0_144-b01) (build 1.8.0_144-b01)
# Java VM: Java HotSpot(TM) 64-Bit Server VM (25.144-b01 mixed mode windows-amd64 compressed oops)
Heap:
 PSYoungGen      total 156672K, used 15207K [0x00000000ec580000, 0x00000000f7000000, 0x0000000100000000)
  eden space 143872K, 1% used [0x00000000ec580000,0x00000000ec7dc6f8,0x00000000f5200000)
  from space 12800K, 99% used [0x00000000f6180000,0x00000000f6dfd6a0,0x00000000f6e00000)
  to   space 15360K, 0% used [0x00000000f5200000,0x00000000f5200000,0x00000000f6100000)
 ParOldGen       total 65536K, used 23222K [0x00000000c5000000, 0x00000000c9000000, 0x00000000ec580000)
  object space 65536K, 35% used [0x00000000c5000000,0x00000000c66adaf0,0x00000000c9000000)
 Metaspace       used 45493K, capacity 45894K, committed 46208K, reserved 1091584K
  class space    used 5851K, capacity 5944K, committed 6016K, reserved 1048576K
GC Heap History (10 events):
Event: 2.859 GC heap before
{Heap before GC invocations=10 (full 1):
 PSYoungGen      total 95232K, used 94915K [0x00000000ec580000, 0x00000000f4b00000, 0x0000000100000000)
  eden space 88576K, 99% used [0x00000000ec580000,0x00000000f1bfe640,0x00000000f1c00000)
  from space 6656K, 95% used [0x00000000f4480000,0x00000000f4ab2728,0x00000000f4b00000)
  to   space 8192K, 0% used [0x00000000f3b00000,0x00000000f3b00000,0x00000000f4300000)
 ParOldGen       total 37376K, used 9593K [0x00000000c5000000, 0x00000000c7480000, 0x00000000ec580000)
  object space 37376K, 25% used [0x00000000c5000000,0x00000000c595e468,0x00000000c7480000)
 Metaspace       used 29666K, capacity 30078K, committed 30208K, reserved 1075200K
  class space    used 3713K, capacity 3820K, committed 3840K, reserved 1048576K
Event: 2.872 GC heap after
Heap after GC invocations=10 (full 1):
 PSYoungGen      total 119296K, used 8175K [0x00000000ec580000, 0x00000000f4800000, 0x0000000100000000)
  eden space 111104K, 0% used [0x00000000ec580000,0x00000000ec580000,0x00000000f3200000)
  from space 8192K, 99% used [0x00000000f3b00000,0x00000000f42fbc88,0x00000000f4300000)
  to   space 5120K, 0% used [0x00000000f4300000,0x00000000f4300000,0x00000000f4800000)
 ParOldGen       total 37376K, used 14337K [0x00000000c5000000, 0x00000000c7480000, 0x00000000ec580000)
  object space 37376K, 38% used [0x00000000c5000000,0x00000000c5e00408,0x00000000c7480000)
 Metaspace       used 29666K, capacity 30078K, committed 30208K, reserved 1075200K
  class space    used 3713K, capacity 3820K, committed 3840K, reserved 1048576K
}
Event: 3.464 GC heap before
{Heap before GC invocations=11 (full 1):
 PSYoungGen      total 119296K, used 119279K [0x00000000ec580000, 0x00000000f4800000, 0x0000000100000000)
  eden space 111104K, 100% used [0x00000000ec580000,0x00000000f3200000,0x00000000f3200000)
  from space 8192K, 99% used [0x00000000f3b00000,0x00000000f42fbc88,0x00000000f4300000)
  to   space 5120K, 0% used [0x00000000f4300000,0x00000000f4300000,0x00000000f4800000)
 ParOldGen       total 37376K, used 14337K [0x00000000c5000000, 0x00000000c7480000, 0x00000000ec580000)
  object space 37376K, 38% used [0x00000000c5000000,0x00000000c5e00408,0x00000000c7480000)
 Metaspace       used 33029K, capacity 33500K, committed 33792K, reserved 1079296K
  class space    used 4208K, capacity 4337K, committed 4352K, reserved 1048576K
Event: 3.475 GC heap after
Heap after GC invocations=11 (full 1):
 PSYoungGen      total 120320K, used 5090K [0x00000000ec580000, 0x00000000f6700000, 0x0000000100000000)
  eden space 115200K, 0% used [0x00000000ec580000,0x00000000ec580000,0x00000000f3600000)
  from space 5120K, 99% used [0x00000000f4300000,0x00000000f47f8af8,0x00000000f4800000)
  to   space 13312K, 0% used [0x00000000f3600000,0x00000000f3600000,0x00000000f4300000)
 ParOldGen       total 37376K, used 22893K [0x00000000c5000000, 0x00000000c7480000, 0x00000000ec580000)
  object space 37376K, 61% used [0x00000000c5000000,0x00000000c665b460,0x00000000c7480000)
 Metaspace       used 33029K, capacity 33500K, committed 33792K, reserved 1079296K
  class space    used 4208K, capacity 4337K, committed 4352K, reserved 1048576K
}
Event: 3.643 GC heap before
{Heap before GC invocations=12 (full 1):
 PSYoungGen      total 120320K, used 23115K [0x00000000ec580000, 0x00000000f6700000, 0x0000000100000000)
  eden space 115200K, 15% used [0x00000000ec580000,0x00000000ed71a238,0x00000000f3600000)
  from space 5120K, 99% used [0x00000000f4300000,0x00000000f47f8af8,0x00000000f4800000)
  to   space 13312K, 0% used [0x00000000f3600000,0x00000000f3600000,0x00000000f4300000)
 ParOldGen       total 37376K, used 22893K [0x00000000c5000000, 0x00000000c7480000, 0x00000000ec580000)
  object space 37376K, 61% used [0x00000000c5000000,0x00000000c665b460,0x00000000c7480000)
 Metaspace       used 34826K, capacity 35202K, committed 35456K, reserved 1079296K
  class space    used 4523K, capacity 4626K, committed 4736K, reserved 1048576K
Event: 3.650 GC heap after
Heap after GC invocations=12 (full 1):
 PSYoungGen      total 128512K, used 5756K [0x00000000ec580000, 0x00000000f6e00000, 0x0000000100000000)
  eden space 115200K, 0% used [0x00000000ec580000,0x00000000ec580000,0x00000000f3600000)
  from space 13312K, 43% used [0x00000000f3600000,0x00000000f3b9f210,0x00000000f4300000)
  to   space 12800K, 0% used [0x00000000f6180000,0x00000000f6180000,0x00000000f6e00000)
 ParOldGen       total 37376K, used 24229K [0x00000000c5000000, 0x00000000c7480000, 0x00000000ec580000)
  object space 37376K, 64% used [0x00000000c5000000,0x00000000c67a9480,0x00000000c7480000)
 Metaspace       used 34826K, capacity 35202K, committed 35456K, reserved 1079296K
  class space    used 4523K, capacity 4626K, committed 4736K, reserved 1048576K
}
Event: 3.650 GC heap before
{Heap before GC invocations=13 (full 2):
 PSYoungGen      total 128512K, used 5756K [0x00000000ec580000, 0x00000000f6e00000, 0x0000000100000000)
  eden space 115200K, 0% used [0x00000000ec580000,0x00000000ec580000,0x00000000f3600000)
  from space 13312K, 43% used [0x00000000f3600000,0x00000000f3b9f210,0x00000000f4300000)
  to   space 12800K, 0% used [0x00000000f6180000,0x00000000f6180000,0x00000000f6e00000)
 ParOldGen       total 37376K, used 24229K [0x00000000c5000000, 0x00000000c7480000, 0x00000000ec580000)
  object space 37376K, 64% used [0x00000000c5000000,0x00000000c67a9480,0x00000000c7480000)
 Metaspace       used 34826K, capacity 35202K, committed 35456K, reserved 1079296K
  class space    used 4523K, capacity 4626K, committed 4736K, reserved 1048576K
Event: 3.718 GC heap after
Heap after GC invocations=13 (full 2):
 PSYoungGen      total 128512K, used 0K [0x00000000ec580000, 0x00000000f6e00000, 0x0000000100000000)
  eden space 115200K, 0% used [0x00000000ec580000,0x00000000ec580000,0x00000000f3600000)
  from space 13312K, 0% used [0x00000000f3600000,0x00000000f3600000,0x00000000f4300000)
  to   space 12800K, 0% used [0x00000000f6180000,0x00000000f6180000,0x00000000f6e00000)
 ParOldGen       total 65536K, used 21839K [0x00000000c5000000, 0x00000000c9000000, 0x00000000ec580000)
  object space 65536K, 33% used [0x00000000c5000000,0x00000000c6553f98,0x00000000c9000000)
 Metaspace       used 34826K, capacity 35202K, committed 35456K, reserved 1079296K
  class space    used 4523K, capacity 4626K, committed 4736K, reserved 1048576K
}
Event: 7.147 GC heap before
{Heap before GC invocations=14 (full 2):
 PSYoungGen      total 128512K, used 115200K [0x00000000ec580000, 0x00000000f6e00000, 0x0000000100000000)
  eden space 115200K, 100% used [0x00000000ec580000,0x00000000f3600000,0x00000000f3600000)
  from space 13312K, 0% used [0x00000000f3600000,0x00000000f3600000,0x00000000f4300000)
  to   space 12800K, 0% used [0x00000000f6180000,0x00000000f6180000,0x00000000f6e00000)
 ParOldGen       total 65536K, used 21839K [0x00000000c5000000, 0x00000000c9000000, 0x00000000ec580000)
  object space 65536K, 33% used [0x00000000c5000000,0x00000000c6553f98,0x00000000c9000000)
 Metaspace       used 45156K, capacity 45542K, committed 45952K, reserved 1091584K
  class space    used 5802K, capacity 5912K, committed 6016K, reserved 1048576K
Event: 7.163 GC heap after
Heap after GC invocations=14 (full 2):
 PSYoungGen      total 156672K, used 12789K [0x00000000ec580000, 0x00000000f7000000, 0x0000000100000000)
  eden space 143872K, 0% used [0x00000000ec580000,0x00000000ec580000,0x00000000f5200000)
  from space 12800K, 99% used [0x00000000f6180000,0x00000000f6dfd6a0,0x00000000f6e00000)
  to   space 15360K, 0% used [0x00000000f5200000,0x00000000f5200000,0x00000000f6100000)
 ParOldGen       total 65536K, used 23222K [0x00000000c5000000, 0x00000000c9000000, 0x00000000ec580000)
  object space 65536K, 35% used [0x00000000c5000000,0x00000000c66adaf0,0x00000000c9000000)
 Metaspace       used 45156K, capacity 45542K, committed 45952K, reserved 1091584K
  class space    used 5802K, capacity 5912K, committed 6016K, reserved 1048576K
}

