# JRE version: Java(TM) SE Runtime Environment (8.0_144-b01) (build 1.8.0_144-b01)
# Java VM: Java HotSpot(TM) 64-Bit Server VM (25.144-b01 mixed mode windows-amd64 compressed oops)
Heap:
 PSYoungGen      total 68096K, used 31106K [0x00000000ec580000, 0x00000000f1080000, 0x0000000100000000)
  eden space 60928K, 40% used [0x00000000ec580000,0x00000000eddb1008,0x00000000f0100000)
  from space 7168K, 88% used [0x00000000f0880000,0x00000000f0eaf900,0x00000000f0f80000)
  to   space 7680K, 0% used [0x00000000f0100000,0x00000000f0100000,0x00000000f0880000)
 ParOldGen       total 34816K, used 9339K [0x00000000c5000000, 0x00000000c7200000, 0x00000000ec580000)
  object space 34816K, 26% used [0x00000000c5000000,0x00000000c591eda0,0x00000000c7200000)
 Metaspace       used 25101K, capacity 25452K, committed 25600K, reserved 1071104K
  class space    used 3123K, capacity 3239K, committed 3328K, reserved 1048576K
GC Heap History (10 events):
Event: 1.020 GC heap before
{Heap before GC invocations=5 (full 0):
 PSYoungGen      total 33280K, used 33265K [0x00000000ec580000, 0x00000000ee880000, 0x0000000100000000)
  eden space 30720K, 100% used [0x00000000ec580000,0x00000000ee380000,0x00000000ee380000)
  from space 2560K, 99% used [0x00000000ee600000,0x00000000ee87c4c0,0x00000000ee880000)
  to   space 2560K, 0% used [0x00000000ee380000,0x00000000ee380000,0x00000000ee600000)
 ParOldGen       total 40960K, used 5089K [0x00000000c5000000, 0x00000000c7800000, 0x00000000ec580000)
  object space 40960K, 12% used [0x00000000c5000000,0x00000000c54f8480,0x00000000c7800000)
 Metaspace       used 17577K, capacity 17748K, committed 17920K, reserved 1064960K
  class space    used 2146K, capacity 2184K, committed 2304K, reserved 1048576K
Event: 1.033 GC heap after
Heap after GC invocations=5 (full 0):
 PSYoungGen      total 33280K, used 2560K [0x00000000ec580000, 0x00000000f0f80000, 0x0000000100000000)
  eden space 30720K, 0% used [0x00000000ec580000,0x00000000ec580000,0x00000000ee380000)
  from space 2560K, 100% used [0x00000000ee380000,0x00000000ee600000,0x00000000ee600000)
  to   space 7168K, 0% used [0x00000000f0880000,0x00000000f0880000,0x00000000f0f80000)
 ParOldGen       total 40960K, used 9537K [0x00000000c5000000, 0x00000000c7800000, 0x00000000ec580000)
  object space 40960K, 23% used [0x00000000c5000000,0x00000000c59504b8,0x00000000c7800000)
 Metaspace       used 17577K, capacity 17748K, committed 17920K, reserved 1064960K
  class space    used 2146K, capacity 2184K, committed 2304K, reserved 1048576K
}
Event: 1.347 GC heap before
{Heap before GC invocations=6 (full 0):
 PSYoungGen      total 33280K, used 33280K [0x00000000ec580000, 0x00000000f0f80000, 0x0000000100000000)
  eden space 30720K, 100% used [0x00000000ec580000,0x00000000ee380000,0x00000000ee380000)
  from space 2560K, 100% used [0x00000000ee380000,0x00000000ee600000,0x00000000ee600000)
  to   space 7168K, 0% used [0x00000000f0880000,0x00000000f0880000,0x00000000f0f80000)
 ParOldGen       total 40960K, used 9537K [0x00000000c5000000, 0x00000000c7800000, 0x00000000ec580000)
  object space 40960K, 23% used [0x00000000c5000000,0x00000000c59504b8,0x00000000c7800000)
 Metaspace       used 19961K, capacity 20262K, committed 20480K, reserved 1067008K
  class space    used 2429K, capacity 2502K, committed 2560K, reserved 1048576K
Event: 1.356 GC heap after
Heap after GC invocations=6 (full 0):
 PSYoungGen      total 68096K, used 5887K [0x00000000ec580000, 0x00000000f1080000, 0x0000000100000000)
  eden space 60928K, 0% used [0x00000000ec580000,0x00000000ec580000,0x00000000f0100000)
  from space 7168K, 82% used [0x00000000f0880000,0x00000000f0e3fdd0,0x00000000f0f80000)
  to   space 7680K, 0% used [0x00000000f0100000,0x00000000f0100000,0x00000000f0880000)
 ParOldGen       total 40960K, used 9545K [0x00000000c5000000, 0x00000000c7800000, 0x00000000ec580000)
  object space 40960K, 23% used [0x00000000c5000000,0x00000000c59524b8,0x00000000c7800000)
 Metaspace       used 19961K, capacity 20262K, committed 20480K, reserved 1067008K
  class space    used 2429K, capacity 2502K, committed 2560K, reserved 1048576K
}
Event: 1.618 GC heap before
{Heap before GC invocations=7 (full 0):
 PSYoungGen      total 68096K, used 37694K [0x00000000ec580000, 0x00000000f1080000, 0x0000000100000000)
  eden space 60928K, 52% used [0x00000000ec580000,0x00000000ee48fd28,0x00000000f0100000)
  from space 7168K, 82% used [0x00000000f0880000,0x00000000f0e3fdd0,0x00000000f0f80000)
  to   space 7680K, 0% used [0x00000000f0100000,0x00000000f0100000,0x00000000f0880000)
 ParOldGen       total 40960K, used 9545K [0x00000000c5000000, 0x00000000c7800000, 0x00000000ec580000)
  object space 40960K, 23% used [0x00000000c5000000,0x00000000c59524b8,0x00000000c7800000)
 Metaspace       used 20867K, capacity 21178K, committed 21296K, reserved 1069056K
  class space    used 2547K, capacity 2644K, committed 2688K, reserved 1048576K
Event: 1.627 GC heap after
Heap after GC invocations=7 (full 0):
 PSYoungGen      total 68608K, used 5986K [0x00000000ec580000, 0x00000000f1080000, 0x0000000100000000)
  eden space 60928K, 0% used [0x00000000ec580000,0x00000000ec580000,0x00000000f0100000)
  from space 7680K, 77% used [0x00000000f0100000,0x00000000f06d8b38,0x00000000f0880000)
  to   space 7168K, 0% used [0x00000000f0880000,0x00000000f0880000,0x00000000f0f80000)
 ParOldGen       total 40960K, used 10688K [0x00000000c5000000, 0x00000000c7800000, 0x00000000ec580000)
  object space 40960K, 26% used [0x00000000c5000000,0x00000000c5a70068,0x00000000c7800000)
 Metaspace       used 20867K, capacity 21178K, committed 21296K, reserved 1069056K
  class space    used 2547K, capacity 2644K, committed 2688K, reserved 1048576K
}
Event: 1.627 GC heap before
{Heap before GC invocations=8 (full 1):
 PSYoungGen      total 68608K, used 5986K [0x00000000ec580000, 0x00000000f1080000, 0x0000000100000000)
  eden space 60928K, 0% used [0x00000000ec580000,0x00000000ec580000,0x00000000f0100000)
  from space 7680K, 77% used [0x00000000f0100000,0x00000000f06d8b38,0x00000000f0880000)
  to   space 7168K, 0% used [0x00000000f0880000,0x00000000f0880000,0x00000000f0f80000)
 ParOldGen       total 40960K, used 10688K [0x00000000c5000000, 0x00000000c7800000, 0x00000000ec580000)
  object space 40960K, 26% used [0x00000000c5000000,0x00000000c5a70068,0x00000000c7800000)
 Metaspace       used 20867K, capacity 21178K, committed 21296K, reserved 1069056K
  class space    used 2547K, capacity 2644K, committed 2688K, reserved 1048576K
Event: 1.663 GC heap after
Heap after GC invocations=8 (full 1):
 PSYoungGen      total 68608K, used 0K [0x00000000ec580000, 0x00000000f1080000, 0x0000000100000000)
  eden space 60928K, 0% used [0x00000000ec580000,0x00000000ec580000,0x00000000f0100000)
  from space 7680K, 0% used [0x00000000f0100000,0x00000000f0100000,0x00000000f0880000)
  to   space 7168K, 0% used [0x00000000f0880000,0x00000000f0880000,0x00000000f0f80000)
 ParOldGen       total 34816K, used 9331K [0x00000000c5000000, 0x00000000c7200000, 0x00000000ec580000)
  object space 34816K, 26% used [0x00000000c5000000,0x00000000c591cda0,0x00000000c7200000)
 Metaspace       used 20867K, capacity 21178K, committed 21296K, reserved 1069056K
  class space    used 2547K, capacity 2644K, committed 2688K, reserved 1048576K
}
Event: 2.378 GC heap before
{Heap before GC invocations=9 (full 1):
 PSYoungGen      total 68608K, used 60928K [0x00000000ec580000, 0x00000000f1080000, 0x0000000100000000)
  eden space 60928K, 100% used [0x00000000ec580000,0x00000000f0100000,0x00000000f0100000)
  from space 7680K, 0% used [0x00000000f0100000,0x00000000f0100000,0x00000000f0880000)
  to   space 7168K, 0% used [0x00000000f0880000,0x00000000f0880000,0x00000000f0f80000)
 ParOldGen       total 34816K, used 9331K [0x00000000c5000000, 0x00000000c7200000, 0x00000000ec580000)
  object space 34816K, 26% used [0x00000000c5000000,0x00000000c591cda0,0x00000000c7200000)
 Metaspace       used 24288K, capacity 24668K, committed 24960K, reserved 1071104K
  class space    used 3015K, capacity 3135K, committed 3200K, reserved 1048576K
Event: 2.386 GC heap after
Heap after GC invocations=9 (full 1):
 PSYoungGen      total 68096K, used 6334K [0x00000000ec580000, 0x00000000f1080000, 0x0000000100000000)
  eden space 60928K, 0% used [0x00000000ec580000,0x00000000ec580000,0x00000000f0100000)
  from space 7168K, 88% used [0x00000000f0880000,0x00000000f0eaf900,0x00000000f0f80000)
  to   space 7680K, 0% used [0x00000000f0100000,0x00000000f0100000,0x00000000f0880000)
 ParOldGen       total 34816K, used 9339K [0x00000000c5000000, 0x00000000c7200000, 0x00000000ec580000)
  object space 34816K, 26% used [0x00000000c5000000,0x00000000c591eda0,0x00000000c7200000)
 Metaspace       used 24288K, capacity 24668K, committed 24960K, reserved 1071104K
  class space    used 3015K, capacity 3135K, committed 3200K, reserved 1048576K
}

