# JRE version: Java(TM) SE Runtime Environment (8.0_144-b01) (build 1.8.0_144-b01)
# Java VM: Java HotSpot(TM) 64-Bit Server VM (25.144-b01 mixed mode windows-amd64 compressed oops)
Heap:
 PSYoungGen      total 137216K, used 86789K [0x00000000ec580000, 0x00000000f7a00000, 0x0000000100000000)
  eden space 122880K, 58% used [0x00000000ec580000,0x00000000f0c46a90,0x00000000f3d80000)
  from space 14336K, 99% used [0x00000000f3d80000,0x00000000f4b7acd8,0x00000000f4b80000)
  to   space 16384K, 0% used [0x00000000f6a00000,0x00000000f6a00000,0x00000000f7a00000)
 ParOldGen       total 37376K, used 24799K [0x00000000c5000000, 0x00000000c7480000, 0x00000000ec580000)
  object space 37376K, 66% used [0x00000000c5000000,0x00000000c6837d10,0x00000000c7480000)
 Metaspace       used 48168K, capacity 48694K, committed 49152K, reserved 1091584K
  class space    used 6171K, capacity 6292K, committed 6400K, reserved 1048576K
GC Heap History (10 events):
Event: 2.258 GC heap before
{Heap before GC invocations=9 (full 1):
 PSYoungGen      total 68608K, used 60928K [0x00000000ec580000, 0x00000000f4c80000, 0x0000000100000000)
  eden space 60928K, 100% used [0x00000000ec580000,0x00000000f0100000,0x00000000f0100000)
  from space 7680K, 0% used [0x00000000f0100000,0x00000000f0100000,0x00000000f0880000)
  to   space 8192K, 0% used [0x00000000f4480000,0x00000000f4480000,0x00000000f4c80000)
 ParOldGen       total 37376K, used 11594K [0x00000000c5000000, 0x00000000c7480000, 0x00000000ec580000)
  object space 37376K, 31% used [0x00000000c5000000,0x00000000c5b52920,0x00000000c7480000)
 Metaspace       used 24093K, capacity 24434K, committed 24704K, reserved 1071104K
  class space    used 2999K, capacity 3102K, committed 3200K, reserved 1048576K
Event: 2.265 GC heap after
Heap after GC invocations=9 (full 1):
 PSYoungGen      total 102400K, used 6342K [0x00000000ec580000, 0x00000000f4b00000, 0x0000000100000000)
  eden space 95744K, 0% used [0x00000000ec580000,0x00000000ec580000,0x00000000f2300000)
  from space 6656K, 95% used [0x00000000f4480000,0x00000000f4ab1850,0x00000000f4b00000)
  to   space 8192K, 0% used [0x00000000f3b00000,0x00000000f3b00000,0x00000000f4300000)
 ParOldGen       total 37376K, used 11602K [0x00000000c5000000, 0x00000000c7480000, 0x00000000ec580000)
  object space 37376K, 31% used [0x00000000c5000000,0x00000000c5b54920,0x00000000c7480000)
 Metaspace       used 24093K, capacity 24434K, committed 24704K, reserved 1071104K
  class space    used 2999K, capacity 3102K, committed 3200K, reserved 1048576K
}
Event: 3.494 GC heap before
{Heap before GC invocations=10 (full 1):
 PSYoungGen      total 102400K, used 102047K [0x00000000ec580000, 0x00000000f4b00000, 0x0000000100000000)
  eden space 95744K, 99% used [0x00000000ec580000,0x00000000f22f64e0,0x00000000f2300000)
  from space 6656K, 95% used [0x00000000f4480000,0x00000000f4ab1850,0x00000000f4b00000)
  to   space 8192K, 0% used [0x00000000f3b00000,0x00000000f3b00000,0x00000000f4300000)
 ParOldGen       total 37376K, used 11602K [0x00000000c5000000, 0x00000000c7480000, 0x00000000ec580000)
  object space 37376K, 31% used [0x00000000c5000000,0x00000000c5b54920,0x00000000c7480000)
 Metaspace       used 29688K, capacity 30086K, committed 30208K, reserved 1075200K
  class space    used 3717K, capacity 3820K, committed 3840K, reserved 1048576K
Event: 3.505 GC heap after
Heap after GC invocations=10 (full 1):
 PSYoungGen      total 128512K, used 8191K [0x00000000ec580000, 0x00000000f5680000, 0x0000000100000000)
  eden space 120320K, 0% used [0x00000000ec580000,0x00000000ec580000,0x00000000f3b00000)
  from space 8192K, 99% used [0x00000000f3b00000,0x00000000f42ffe78,0x00000000f4300000)
  to   space 11264K, 0% used [0x00000000f4b80000,0x00000000f4b80000,0x00000000f5680000)
 ParOldGen       total 37376K, used 16420K [0x00000000c5000000, 0x00000000c7480000, 0x00000000ec580000)
  object space 37376K, 43% used [0x00000000c5000000,0x00000000c60093b8,0x00000000c7480000)
 Metaspace       used 29688K, capacity 30086K, committed 30208K, reserved 1075200K
  class space    used 3717K, capacity 3820K, committed 3840K, reserved 1048576K
}
Event: 4.328 GC heap before
{Heap before GC invocations=11 (full 1):
 PSYoungGen      total 128512K, used 127687K [0x00000000ec580000, 0x00000000f5680000, 0x0000000100000000)
  eden space 120320K, 99% used [0x00000000ec580000,0x00000000f3a31ff8,0x00000000f3b00000)
  from space 8192K, 99% used [0x00000000f3b00000,0x00000000f42ffe78,0x00000000f4300000)
  to   space 11264K, 0% used [0x00000000f4b80000,0x00000000f4b80000,0x00000000f5680000)
 ParOldGen       total 37376K, used 16420K [0x00000000c5000000, 0x00000000c7480000, 0x00000000ec580000)
  object space 37376K, 43% used [0x00000000c5000000,0x00000000c60093b8,0x00000000c7480000)
 Metaspace       used 34818K, capacity 35210K, committed 35456K, reserved 1079296K
  class space    used 4520K, capacity 4626K, committed 4736K, reserved 1048576K
Event: 4.343 GC heap after
Heap after GC invocations=11 (full 1):
 PSYoungGen      total 134144K, used 11247K [0x00000000ec580000, 0x00000000f7b00000, 0x0000000100000000)
  eden space 122880K, 0% used [0x00000000ec580000,0x00000000ec580000,0x00000000f3d80000)
  from space 11264K, 99% used [0x00000000f4b80000,0x00000000f567bfb8,0x00000000f5680000)
  to   space 14336K, 0% used [0x00000000f3d80000,0x00000000f3d80000,0x00000000f4b80000)
 ParOldGen       total 37376K, used 20804K [0x00000000c5000000, 0x00000000c7480000, 0x00000000ec580000)
  object space 37376K, 55% used [0x00000000c5000000,0x00000000c6451388,0x00000000c7480000)
 Metaspace       used 34818K, capacity 35210K, committed 35456K, reserved 1079296K
  class space    used 4520K, capacity 4626K, committed 4736K, reserved 1048576K
}
Event: 4.343 GC heap before
{Heap before GC invocations=12 (full 2):
 PSYoungGen      total 134144K, used 11247K [0x00000000ec580000, 0x00000000f7b00000, 0x0000000100000000)
  eden space 122880K, 0% used [0x00000000ec580000,0x00000000ec580000,0x00000000f3d80000)
  from space 11264K, 99% used [0x00000000f4b80000,0x00000000f567bfb8,0x00000000f5680000)
  to   space 14336K, 0% used [0x00000000f3d80000,0x00000000f3d80000,0x00000000f4b80000)
 ParOldGen       total 37376K, used 20804K [0x00000000c5000000, 0x00000000c7480000, 0x00000000ec580000)
  object space 37376K, 55% used [0x00000000c5000000,0x00000000c6451388,0x00000000c7480000)
 Metaspace       used 34818K, capacity 35210K, committed 35456K, reserved 1079296K
  class space    used 4520K, capacity 4626K, committed 4736K, reserved 1048576K
Event: 4.425 GC heap after
Heap after GC invocations=12 (full 2):
 PSYoungGen      total 134144K, used 0K [0x00000000ec580000, 0x00000000f7b00000, 0x0000000100000000)
  eden space 122880K, 0% used [0x00000000ec580000,0x00000000ec580000,0x00000000f3d80000)
  from space 11264K, 0% used [0x00000000f4b80000,0x00000000f4b80000,0x00000000f5680000)
  to   space 14336K, 0% used [0x00000000f3d80000,0x00000000f3d80000,0x00000000f4b80000)
 ParOldGen       total 37376K, used 24075K [0x00000000c5000000, 0x00000000c7480000, 0x00000000ec580000)
  object space 37376K, 64% used [0x00000000c5000000,0x00000000c6782e90,0x00000000c7480000)
 Metaspace       used 34818K, capacity 35210K, committed 35456K, reserved 1079296K
  class space    used 4520K, capacity 4626K, committed 4736K, reserved 1048576K
}
Event: 8.719 GC heap before
{Heap before GC invocations=13 (full 2):
 PSYoungGen      total 134144K, used 122880K [0x00000000ec580000, 0x00000000f7b00000, 0x0000000100000000)
  eden space 122880K, 100% used [0x00000000ec580000,0x00000000f3d80000,0x00000000f3d80000)
  from space 11264K, 0% used [0x00000000f4b80000,0x00000000f4b80000,0x00000000f5680000)
  to   space 14336K, 0% used [0x00000000f3d80000,0x00000000f3d80000,0x00000000f4b80000)
 ParOldGen       total 37376K, used 24075K [0x00000000c5000000, 0x00000000c7480000, 0x00000000ec580000)
  object space 37376K, 64% used [0x00000000c5000000,0x00000000c6782e90,0x00000000c7480000)
 Metaspace       used 45844K, capacity 46228K, committed 46464K, reserved 1089536K
  class space    used 5917K, capacity 6009K, committed 6016K, reserved 1048576K
Event: 8.733 GC heap after
Heap after GC invocations=13 (full 2):
 PSYoungGen      total 137216K, used 14315K [0x00000000ec580000, 0x00000000f7a00000, 0x0000000100000000)
  eden space 122880K, 0% used [0x00000000ec580000,0x00000000ec580000,0x00000000f3d80000)
  from space 14336K, 99% used [0x00000000f3d80000,0x00000000f4b7acd8,0x00000000f4b80000)
  to   space 16384K, 0% used [0x00000000f6a00000,0x00000000f6a00000,0x00000000f7a00000)
 ParOldGen       total 37376K, used 24799K [0x00000000c5000000, 0x00000000c7480000, 0x00000000ec580000)
  object space 37376K, 66% used [0x00000000c5000000,0x00000000c6837d10,0x00000000c7480000)
 Metaspace       used 45844K, capacity 46228K, committed 46464K, reserved 1089536K
  class space    used 5917K, capacity 6009K, committed 6016K, reserved 1048576K
}

