# JRE version: Java(TM) SE Runtime Environment (8.0_144-b01) (build 1.8.0_144-b01)
# Java VM: Java HotSpot(TM) 64-Bit Server VM (25.144-b01 mixed mode windows-amd64 compressed oops)
Heap:
 PSYoungGen      total 164864K, used 19142K [0x00000000ec580000, 0x00000000f9e80000, 0x0000000100000000)
  eden space 148480K, 1% used [0x00000000ec580000,0x00000000ec8354e8,0x00000000f5680000)
  from space 16384K, 99% used [0x00000000f8e80000,0x00000000f9e7c678,0x00000000f9e80000)
  to   space 15360K, 0% used [0x00000000f5680000,0x00000000f5680000,0x00000000f6580000)
 ParOldGen       total 61952K, used 32502K [0x00000000c5000000, 0x00000000c8c80000, 0x00000000ec580000)
  object space 61952K, 52% used [0x00000000c5000000,0x00000000c6fbd918,0x00000000c8c80000)
 Metaspace       used 53981K, capacity 54646K, committed 54912K, reserved 1097728K
  class space    used 6832K, capacity 6960K, committed 7040K, reserved 1048576K
GC Heap History (10 events):
Event: 4.386 GC heap before
{Heap before GC invocations=11 (full 1):
 PSYoungGen      total 125440K, used 125409K [0x00000000ec580000, 0x00000000f4e00000, 0x0000000100000000)
  eden space 117248K, 100% used [0x00000000ec580000,0x00000000f3800000,0x00000000f3800000)
  from space 8192K, 99% used [0x00000000f3b00000,0x00000000f42f8430,0x00000000f4300000)
  to   space 11264K, 0% used [0x00000000f4300000,0x00000000f4300000,0x00000000f4e00000)
 ParOldGen       total 36864K, used 14830K [0x00000000c5000000, 0x00000000c7400000, 0x00000000ec580000)
  object space 36864K, 40% used [0x00000000c5000000,0x00000000c5e7ba48,0x00000000c7400000)
 Metaspace       used 33241K, capacity 33694K, committed 34048K, reserved 1079296K
  class space    used 4231K, capacity 4338K, committed 4352K, reserved 1048576K
Event: 4.405 GC heap after
Heap after GC invocations=11 (full 1):
 PSYoungGen      total 125952K, used 11262K [0x00000000ec580000, 0x00000000f7280000, 0x0000000100000000)
  eden space 114688K, 0% used [0x00000000ec580000,0x00000000ec580000,0x00000000f3580000)
  from space 11264K, 99% used [0x00000000f4300000,0x00000000f4dff8e0,0x00000000f4e00000)
  to   space 13824K, 0% used [0x00000000f3580000,0x00000000f3580000,0x00000000f4300000)
 ParOldGen       total 36864K, used 17393K [0x00000000c5000000, 0x00000000c7400000, 0x00000000ec580000)
  object space 36864K, 47% used [0x00000000c5000000,0x00000000c60fc450,0x00000000c7400000)
 Metaspace       used 33241K, capacity 33694K, committed 34048K, reserved 1079296K
  class space    used 4231K, capacity 4338K, committed 4352K, reserved 1048576K
}
Event: 4.605 GC heap before
{Heap before GC invocations=12 (full 1):
 PSYoungGen      total 125952K, used 27588K [0x00000000ec580000, 0x00000000f7280000, 0x0000000100000000)
  eden space 114688K, 14% used [0x00000000ec580000,0x00000000ed571950,0x00000000f3580000)
  from space 11264K, 99% used [0x00000000f4300000,0x00000000f4dff8e0,0x00000000f4e00000)
  to   space 13824K, 0% used [0x00000000f3580000,0x00000000f3580000,0x00000000f4300000)
 ParOldGen       total 36864K, used 17393K [0x00000000c5000000, 0x00000000c7400000, 0x00000000ec580000)
  object space 36864K, 47% used [0x00000000c5000000,0x00000000c60fc450,0x00000000c7400000)
 Metaspace       used 34772K, capacity 35172K, committed 35496K, reserved 1081344K
  class space    used 4499K, capacity 4595K, committed 4608K, reserved 1048576K
Event: 4.616 GC heap after
Heap after GC invocations=12 (full 1):
 PSYoungGen      total 128512K, used 4669K [0x00000000ec580000, 0x00000000f7280000, 0x0000000100000000)
  eden space 114688K, 0% used [0x00000000ec580000,0x00000000ec580000,0x00000000f3580000)
  from space 13824K, 33% used [0x00000000f3580000,0x00000000f3a0f620,0x00000000f4300000)
  to   space 13312K, 0% used [0x00000000f6580000,0x00000000f6580000,0x00000000f7280000)
 ParOldGen       total 36864K, used 25469K [0x00000000c5000000, 0x00000000c7400000, 0x00000000ec580000)
  object space 36864K, 69% used [0x00000000c5000000,0x00000000c68df630,0x00000000c7400000)
 Metaspace       used 34772K, capacity 35172K, committed 35496K, reserved 1081344K
  class space    used 4499K, capacity 4595K, committed 4608K, reserved 1048576K
}
Event: 4.616 GC heap before
{Heap before GC invocations=13 (full 2):
 PSYoungGen      total 128512K, used 4669K [0x00000000ec580000, 0x00000000f7280000, 0x0000000100000000)
  eden space 114688K, 0% used [0x00000000ec580000,0x00000000ec580000,0x00000000f3580000)
  from space 13824K, 33% used [0x00000000f3580000,0x00000000f3a0f620,0x00000000f4300000)
  to   space 13312K, 0% used [0x00000000f6580000,0x00000000f6580000,0x00000000f7280000)
 ParOldGen       total 36864K, used 25469K [0x00000000c5000000, 0x00000000c7400000, 0x00000000ec580000)
  object space 36864K, 69% used [0x00000000c5000000,0x00000000c68df630,0x00000000c7400000)
 Metaspace       used 34772K, capacity 35172K, committed 35496K, reserved 1081344K
  class space    used 4499K, capacity 4595K, committed 4608K, reserved 1048576K
Event: 4.684 GC heap after
Heap after GC invocations=13 (full 2):
 PSYoungGen      total 128512K, used 0K [0x00000000ec580000, 0x00000000f7280000, 0x0000000100000000)
  eden space 114688K, 0% used [0x00000000ec580000,0x00000000ec580000,0x00000000f3580000)
  from space 13824K, 0% used [0x00000000f3580000,0x00000000f3580000,0x00000000f4300000)
  to   space 13312K, 0% used [0x00000000f6580000,0x00000000f6580000,0x00000000f7280000)
 ParOldGen       total 61952K, used 22003K [0x00000000c5000000, 0x00000000c8c80000, 0x00000000ec580000)
  object space 61952K, 35% used [0x00000000c5000000,0x00000000c657cee0,0x00000000c8c80000)
 Metaspace       used 34772K, capacity 35172K, committed 35496K, reserved 1081344K
  class space    used 4499K, capacity 4595K, committed 4608K, reserved 1048576K
}
Event: 9.815 GC heap before
{Heap before GC invocations=14 (full 2):
 PSYoungGen      total 128512K, used 114688K [0x00000000ec580000, 0x00000000f7280000, 0x0000000100000000)
  eden space 114688K, 100% used [0x00000000ec580000,0x00000000f3580000,0x00000000f3580000)
  from space 13824K, 0% used [0x00000000f3580000,0x00000000f3580000,0x00000000f4300000)
  to   space 13312K, 0% used [0x00000000f6580000,0x00000000f6580000,0x00000000f7280000)
 ParOldGen       total 61952K, used 22003K [0x00000000c5000000, 0x00000000c8c80000, 0x00000000ec580000)
  object space 61952K, 35% used [0x00000000c5000000,0x00000000c657cee0,0x00000000c8c80000)
 Metaspace       used 44140K, capacity 44550K, committed 44928K, reserved 1089536K
  class space    used 5637K, capacity 5726K, committed 5760K, reserved 1048576K
Event: 9.828 GC heap after
Heap after GC invocations=14 (full 2):
 PSYoungGen      total 161792K, used 13295K [0x00000000ec580000, 0x00000000f7480000, 0x0000000100000000)
  eden space 148480K, 0% used [0x00000000ec580000,0x00000000ec580000,0x00000000f5680000)
  from space 13312K, 99% used [0x00000000f6580000,0x00000000f727bc68,0x00000000f7280000)
  to   space 15360K, 0% used [0x00000000f5680000,0x00000000f5680000,0x00000000f6580000)
 ParOldGen       total 61952K, used 22680K [0x00000000c5000000, 0x00000000c8c80000, 0x00000000ec580000)
  object space 61952K, 36% used [0x00000000c5000000,0x00000000c66262a0,0x00000000c8c80000)
 Metaspace       used 44140K, capacity 44550K, committed 44928K, reserved 1089536K
  class space    used 5637K, capacity 5726K, committed 5760K, reserved 1048576K
}
Event: 11.445 GC heap before
{Heap before GC invocations=15 (full 2):
 PSYoungGen      total 161792K, used 161775K [0x00000000ec580000, 0x00000000f7480000, 0x0000000100000000)
  eden space 148480K, 100% used [0x00000000ec580000,0x00000000f5680000,0x00000000f5680000)
  from space 13312K, 99% used [0x00000000f6580000,0x00000000f727bc68,0x00000000f7280000)
  to   space 15360K, 0% used [0x00000000f5680000,0x00000000f5680000,0x00000000f6580000)
 ParOldGen       total 61952K, used 22680K [0x00000000c5000000, 0x00000000c8c80000, 0x00000000ec580000)
  object space 61952K, 36% used [0x00000000c5000000,0x00000000c66262a0,0x00000000c8c80000)
 Metaspace       used 49516K, capacity 50136K, committed 50560K, reserved 1093632K
  class space    used 6307K, capacity 6449K, committed 6528K, reserved 1048576K
Event: 11.470 GC heap after
Heap after GC invocations=15 (full 2):
 PSYoungGen      total 163840K, used 12680K [0x00000000ec580000, 0x00000000f9e80000, 0x0000000100000000)
  eden space 148480K, 0% used [0x00000000ec580000,0x00000000ec580000,0x00000000f5680000)
  from space 15360K, 82% used [0x00000000f5680000,0x00000000f62e2240,0x00000000f6580000)
  to   space 16384K, 0% used [0x00000000f8e80000,0x00000000f8e80000,0x00000000f9e80000)
 ParOldGen       total 61952K, used 30482K [0x00000000c5000000, 0x00000000c8c80000, 0x00000000ec580000)
  object space 61952K, 49% used [0x00000000c5000000,0x00000000c6dc4ae8,0x00000000c8c80000)
 Metaspace       used 49516K, capacity 50136K, committed 50560K, reserved 1093632K
  class space    used 6307K, capacity 6449K, committed 6528K, reserved 1048576K
}

