# JRE version: Java(TM) SE Runtime Environment (8.0_144-b01) (build 1.8.0_144-b01)
# Java VM: Java HotSpot(TM) 64-Bit Server VM (25.144-b01 mixed mode windows-amd64 compressed oops)
Heap:
 PSYoungGen      total 134656K, used 80963K [0x00000000ec580000, 0x00000000f7600000, 0x0000000100000000)
  eden space 121856K, 55% used [0x00000000ec580000,0x00000000f0818950,0x00000000f3c80000)
  from space 12800K, 99% used [0x00000000f3c80000,0x00000000f48f82d0,0x00000000f4900000)
  to   space 14848K, 0% used [0x00000000f6780000,0x00000000f6780000,0x00000000f7600000)
 ParOldGen       total 62464K, used 22862K [0x00000000c5000000, 0x00000000c8d00000, 0x00000000ec580000)
  object space 62464K, 36% used [0x00000000c5000000,0x00000000c6653b18,0x00000000c8d00000)
 Metaspace       used 45250K, capacity 45650K, committed 46080K, reserved 1089536K
  class space    used 5926K, capacity 6036K, committed 6144K, reserved 1048576K
GC Heap History (10 events):
Event: 1.897 GC heap before
{Heap before GC invocations=9 (full 1):
 PSYoungGen      total 68096K, used 60928K [0x00000000ec580000, 0x00000000f4a80000, 0x0000000100000000)
  eden space 60928K, 100% used [0x00000000ec580000,0x00000000f0100000,0x00000000f0100000)
  from space 7168K, 0% used [0x00000000f0100000,0x00000000f0100000,0x00000000f0800000)
  to   space 7168K, 0% used [0x00000000f4380000,0x00000000f4380000,0x00000000f4a80000)
 ParOldGen       total 33792K, used 7962K [0x00000000c5000000, 0x00000000c7100000, 0x00000000ec580000)
  object space 33792K, 23% used [0x00000000c5000000,0x00000000c57c69f8,0x00000000c7100000)
 Metaspace       used 23870K, capacity 24230K, committed 24448K, reserved 1071104K
  class space    used 3011K, capacity 3126K, committed 3200K, reserved 1048576K
Event: 1.902 GC heap after
Heap after GC invocations=9 (full 1):
 PSYoungGen      total 99840K, used 4830K [0x00000000ec580000, 0x00000000f4880000, 0x0000000100000000)
  eden space 94720K, 0% used [0x00000000ec580000,0x00000000ec580000,0x00000000f2200000)
  from space 5120K, 94% used [0x00000000f4380000,0x00000000f4837858,0x00000000f4880000)
  to   space 7168K, 0% used [0x00000000f3a80000,0x00000000f3a80000,0x00000000f4180000)
 ParOldGen       total 33792K, used 7970K [0x00000000c5000000, 0x00000000c7100000, 0x00000000ec580000)
  object space 33792K, 23% used [0x00000000c5000000,0x00000000c57c89f8,0x00000000c7100000)
 Metaspace       used 23870K, capacity 24230K, committed 24448K, reserved 1071104K
  class space    used 3011K, capacity 3126K, committed 3200K, reserved 1048576K
}
Event: 2.740 GC heap before
{Heap before GC invocations=10 (full 1):
 PSYoungGen      total 99840K, used 99550K [0x00000000ec580000, 0x00000000f4880000, 0x0000000100000000)
  eden space 94720K, 100% used [0x00000000ec580000,0x00000000f2200000,0x00000000f2200000)
  from space 5120K, 94% used [0x00000000f4380000,0x00000000f4837858,0x00000000f4880000)
  to   space 7168K, 0% used [0x00000000f3a80000,0x00000000f3a80000,0x00000000f4180000)
 ParOldGen       total 33792K, used 7970K [0x00000000c5000000, 0x00000000c7100000, 0x00000000ec580000)
  object space 33792K, 23% used [0x00000000c5000000,0x00000000c57c89f8,0x00000000c7100000)
 Metaspace       used 28416K, capacity 28702K, committed 29056K, reserved 1075200K
  class space    used 3584K, capacity 3674K, committed 3712K, reserved 1048576K
Event: 2.752 GC heap after
Heap after GC invocations=10 (full 1):
 PSYoungGen      total 126976K, used 7156K [0x00000000ec580000, 0x00000000f5300000, 0x0000000100000000)
  eden space 119808K, 0% used [0x00000000ec580000,0x00000000ec580000,0x00000000f3a80000)
  from space 7168K, 99% used [0x00000000f3a80000,0x00000000f417d030,0x00000000f4180000)
  to   space 10240K, 0% used [0x00000000f4900000,0x00000000f4900000,0x00000000f5300000)
 ParOldGen       total 33792K, used 13325K [0x00000000c5000000, 0x00000000c7100000, 0x00000000ec580000)
  object space 33792K, 39% used [0x00000000c5000000,0x00000000c5d035f8,0x00000000c7100000)
 Metaspace       used 28416K, capacity 28702K, committed 29056K, reserved 1075200K
  class space    used 3584K, capacity 3674K, committed 3712K, reserved 1048576K
}
Event: 3.394 GC heap before
{Heap before GC invocations=11 (full 1):
 PSYoungGen      total 126976K, used 74367K [0x00000000ec580000, 0x00000000f5300000, 0x0000000100000000)
  eden space 119808K, 56% used [0x00000000ec580000,0x00000000f0722c08,0x00000000f3a80000)
  from space 7168K, 99% used [0x00000000f3a80000,0x00000000f417d030,0x00000000f4180000)
  to   space 10240K, 0% used [0x00000000f4900000,0x00000000f4900000,0x00000000f5300000)
 ParOldGen       total 33792K, used 13325K [0x00000000c5000000, 0x00000000c7100000, 0x00000000ec580000)
  object space 33792K, 39% used [0x00000000c5000000,0x00000000c5d035f8,0x00000000c7100000)
 Metaspace       used 34802K, capacity 35144K, committed 35416K, reserved 1081344K
  class space    used 4461K, capacity 4577K, committed 4608K, reserved 1048576K
Event: 3.406 GC heap after
Heap after GC invocations=11 (full 1):
 PSYoungGen      total 132096K, used 10223K [0x00000000ec580000, 0x00000000f7800000, 0x0000000100000000)
  eden space 121856K, 0% used [0x00000000ec580000,0x00000000ec580000,0x00000000f3c80000)
  from space 10240K, 99% used [0x00000000f4900000,0x00000000f52fbcd8,0x00000000f5300000)
  to   space 12800K, 0% used [0x00000000f3c80000,0x00000000f3c80000,0x00000000f4900000)
 ParOldGen       total 33792K, used 17234K [0x00000000c5000000, 0x00000000c7100000, 0x00000000ec580000)
  object space 33792K, 51% used [0x00000000c5000000,0x00000000c60d4ba8,0x00000000c7100000)
 Metaspace       used 34802K, capacity 35144K, committed 35416K, reserved 1081344K
  class space    used 4461K, capacity 4577K, committed 4608K, reserved 1048576K
}
Event: 3.406 GC heap before
{Heap before GC invocations=12 (full 2):
 PSYoungGen      total 132096K, used 10223K [0x00000000ec580000, 0x00000000f7800000, 0x0000000100000000)
  eden space 121856K, 0% used [0x00000000ec580000,0x00000000ec580000,0x00000000f3c80000)
  from space 10240K, 99% used [0x00000000f4900000,0x00000000f52fbcd8,0x00000000f5300000)
  to   space 12800K, 0% used [0x00000000f3c80000,0x00000000f3c80000,0x00000000f4900000)
 ParOldGen       total 33792K, used 17234K [0x00000000c5000000, 0x00000000c7100000, 0x00000000ec580000)
  object space 33792K, 51% used [0x00000000c5000000,0x00000000c60d4ba8,0x00000000c7100000)
 Metaspace       used 34802K, capacity 35144K, committed 35416K, reserved 1081344K
  class space    used 4461K, capacity 4577K, committed 4608K, reserved 1048576K
Event: 3.469 GC heap after
Heap after GC invocations=12 (full 2):
 PSYoungGen      total 132096K, used 0K [0x00000000ec580000, 0x00000000f7800000, 0x0000000100000000)
  eden space 121856K, 0% used [0x00000000ec580000,0x00000000ec580000,0x00000000f3c80000)
  from space 10240K, 0% used [0x00000000f4900000,0x00000000f4900000,0x00000000f5300000)
  to   space 12800K, 0% used [0x00000000f3c80000,0x00000000f3c80000,0x00000000f4900000)
 ParOldGen       total 62464K, used 22589K [0x00000000c5000000, 0x00000000c8d00000, 0x00000000ec580000)
  object space 62464K, 36% used [0x00000000c5000000,0x00000000c660f4c0,0x00000000c8d00000)
 Metaspace       used 34802K, capacity 35144K, committed 35416K, reserved 1081344K
  class space    used 4461K, capacity 4577K, committed 4608K, reserved 1048576K
}
Event: 5.969 GC heap before
{Heap before GC invocations=13 (full 2):
 PSYoungGen      total 132096K, used 121856K [0x00000000ec580000, 0x00000000f7800000, 0x0000000100000000)
  eden space 121856K, 100% used [0x00000000ec580000,0x00000000f3c80000,0x00000000f3c80000)
  from space 10240K, 0% used [0x00000000f4900000,0x00000000f4900000,0x00000000f5300000)
  to   space 12800K, 0% used [0x00000000f3c80000,0x00000000f3c80000,0x00000000f4900000)
 ParOldGen       total 62464K, used 22589K [0x00000000c5000000, 0x00000000c8d00000, 0x00000000ec580000)
  object space 62464K, 36% used [0x00000000c5000000,0x00000000c660f4c0,0x00000000c8d00000)
 Metaspace       used 43639K, capacity 44008K, committed 44544K, reserved 1087488K
  class space    used 5710K, capacity 5809K, committed 5888K, reserved 1048576K
Event: 5.981 GC heap after
Heap after GC invocations=13 (full 2):
 PSYoungGen      total 134656K, used 12768K [0x00000000ec580000, 0x00000000f7600000, 0x0000000100000000)
  eden space 121856K, 0% used [0x00000000ec580000,0x00000000ec580000,0x00000000f3c80000)
  from space 12800K, 99% used [0x00000000f3c80000,0x00000000f48f82d0,0x00000000f4900000)
  to   space 14848K, 0% used [0x00000000f6780000,0x00000000f6780000,0x00000000f7600000)
 ParOldGen       total 62464K, used 22862K [0x00000000c5000000, 0x00000000c8d00000, 0x00000000ec580000)
  object space 62464K, 36% used [0x00000000c5000000,0x00000000c6653b18,0x00000000c8d00000)
 Metaspace       used 43639K, capacity 44008K, committed 44544K, reserved 1087488K
  class space    used 5710K, capacity 5809K, committed 5888K, reserved 1048576K
}

