# JRE version: Java(TM) SE Runtime Environment (8.0_144-b01) (build 1.8.0_144-b01)
# Java VM: Java HotSpot(TM) 64-Bit Server VM (25.144-b01 mixed mode windows-amd64 compressed oops)
Heap:
 PSYoungGen      total 67584K, used 9258K [0x00000000ec580000, 0x00000000f1080000, 0x0000000100000000)
  eden space 59904K, 2% used [0x00000000ec580000,0x00000000ec70ae38,0x00000000f0000000)
  from space 7680K, 99% used [0x00000000f0000000,0x00000000f077fb70,0x00000000f0780000)
  to   space 6144K, 0% used [0x00000000f0780000,0x00000000f0780000,0x00000000f0d80000)
 ParOldGen       total 40960K, used 8452K [0x00000000c5000000, 0x00000000c7800000, 0x00000000ec580000)
  object space 40960K, 20% used [0x00000000c5000000,0x00000000c58412e8,0x00000000c7800000)
 Metaspace       used 20588K, capacity 20896K, committed 21120K, reserved 1067008K
  class space    used 2503K, capacity 2612K, committed 2688K, reserved 1048576K
GC Heap History (10 events):
Event: 0.568 GC heap before
{Heap before GC invocations=3 (full 0):
 PSYoungGen      total 17920K, used 17504K [0x00000000ec580000, 0x00000000ee880000, 0x0000000100000000)
  eden space 15360K, 100% used [0x00000000ec580000,0x00000000ed480000,0x00000000ed480000)
  from space 2560K, 83% used [0x00000000ed700000,0x00000000ed918020,0x00000000ed980000)
  to   space 2560K, 0% used [0x00000000ed480000,0x00000000ed480000,0x00000000ed700000)
 ParOldGen       total 40960K, used 496K [0x00000000c5000000, 0x00000000c7800000, 0x00000000ec580000)
  object space 40960K, 1% used [0x00000000c5000000,0x00000000c507c1b0,0x00000000c7800000)
 Metaspace       used 6449K, capacity 6568K, committed 6784K, reserved 1056768K
  class space    used 777K, capacity 821K, committed 896K, reserved 1048576K
Event: 0.570 GC heap after
Heap after GC invocations=3 (full 0):
 PSYoungGen      total 17920K, used 2550K [0x00000000ec580000, 0x00000000ee880000, 0x0000000100000000)
  eden space 15360K, 0% used [0x00000000ec580000,0x00000000ec580000,0x00000000ed480000)
  from space 2560K, 99% used [0x00000000ed480000,0x00000000ed6fd838,0x00000000ed700000)
  to   space 2560K, 0% used [0x00000000ee600000,0x00000000ee600000,0x00000000ee880000)
 ParOldGen       total 40960K, used 636K [0x00000000c5000000, 0x00000000c7800000, 0x00000000ec580000)
  object space 40960K, 1% used [0x00000000c5000000,0x00000000c509f008,0x00000000c7800000)
 Metaspace       used 6449K, capacity 6568K, committed 6784K, reserved 1056768K
  class space    used 777K, capacity 821K, committed 896K, reserved 1048576K
}
Event: 0.964 GC heap before
{Heap before GC invocations=4 (full 0):
 PSYoungGen      total 17920K, used 17910K [0x00000000ec580000, 0x00000000ee880000, 0x0000000100000000)
  eden space 15360K, 100% used [0x00000000ec580000,0x00000000ed480000,0x00000000ed480000)
  from space 2560K, 99% used [0x00000000ed480000,0x00000000ed6fd838,0x00000000ed700000)
  to   space 2560K, 0% used [0x00000000ee600000,0x00000000ee600000,0x00000000ee880000)
 ParOldGen       total 40960K, used 636K [0x00000000c5000000, 0x00000000c7800000, 0x00000000ec580000)
  object space 40960K, 1% used [0x00000000c5000000,0x00000000c509f008,0x00000000c7800000)
 Metaspace       used 8367K, capacity 8488K, committed 8576K, reserved 1056768K
  class space    used 1033K, capacity 1077K, committed 1152K, reserved 1048576K
Event: 0.968 GC heap after
Heap after GC invocations=4 (full 0):
 PSYoungGen      total 33280K, used 2528K [0x00000000ec580000, 0x00000000ee880000, 0x0000000100000000)
  eden space 30720K, 0% used [0x00000000ec580000,0x00000000ec580000,0x00000000ee380000)
  from space 2560K, 98% used [0x00000000ee600000,0x00000000ee878020,0x00000000ee880000)
  to   space 2560K, 0% used [0x00000000ee380000,0x00000000ee380000,0x00000000ee600000)
 ParOldGen       total 40960K, used 1163K [0x00000000c5000000, 0x00000000c7800000, 0x00000000ec580000)
  object space 40960K, 2% used [0x00000000c5000000,0x00000000c5122ff0,0x00000000c7800000)
 Metaspace       used 8367K, capacity 8488K, committed 8576K, reserved 1056768K
  class space    used 1033K, capacity 1077K, committed 1152K, reserved 1048576K
}
Event: 1.250 GC heap before
{Heap before GC invocations=5 (full 0):
 PSYoungGen      total 33280K, used 33248K [0x00000000ec580000, 0x00000000ee880000, 0x0000000100000000)
  eden space 30720K, 100% used [0x00000000ec580000,0x00000000ee380000,0x00000000ee380000)
  from space 2560K, 98% used [0x00000000ee600000,0x00000000ee878020,0x00000000ee880000)
  to   space 2560K, 0% used [0x00000000ee380000,0x00000000ee380000,0x00000000ee600000)
 ParOldGen       total 40960K, used 1163K [0x00000000c5000000, 0x00000000c7800000, 0x00000000ec580000)
  object space 40960K, 2% used [0x00000000c5000000,0x00000000c5122ff0,0x00000000c7800000)
 Metaspace       used 12742K, capacity 12872K, committed 12928K, reserved 1060864K
  class space    used 1578K, capacity 1621K, committed 1664K, reserved 1048576K
Event: 1.256 GC heap after
Heap after GC invocations=5 (full 0):
 PSYoungGen      total 33280K, used 2528K [0x00000000ec580000, 0x00000000f0d80000, 0x0000000100000000)
  eden space 30720K, 0% used [0x00000000ec580000,0x00000000ec580000,0x00000000ee380000)
  from space 2560K, 98% used [0x00000000ee380000,0x00000000ee5f8020,0x00000000ee600000)
  to   space 6144K, 0% used [0x00000000f0780000,0x00000000f0780000,0x00000000f0d80000)
 ParOldGen       total 40960K, used 5290K [0x00000000c5000000, 0x00000000c7800000, 0x00000000ec580000)
  object space 40960K, 12% used [0x00000000c5000000,0x00000000c552aa50,0x00000000c7800000)
 Metaspace       used 12742K, capacity 12872K, committed 12928K, reserved 1060864K
  class space    used 1578K, capacity 1621K, committed 1664K, reserved 1048576K
}
Event: 1.590 GC heap before
{Heap before GC invocations=6 (full 0):
 PSYoungGen      total 33280K, used 33248K [0x00000000ec580000, 0x00000000f0d80000, 0x0000000100000000)
  eden space 30720K, 100% used [0x00000000ec580000,0x00000000ee380000,0x00000000ee380000)
  from space 2560K, 98% used [0x00000000ee380000,0x00000000ee5f8020,0x00000000ee600000)
  to   space 6144K, 0% used [0x00000000f0780000,0x00000000f0780000,0x00000000f0d80000)
 ParOldGen       total 40960K, used 5290K [0x00000000c5000000, 0x00000000c7800000, 0x00000000ec580000)
  object space 40960K, 12% used [0x00000000c5000000,0x00000000c552aa50,0x00000000c7800000)
 Metaspace       used 16827K, capacity 16966K, committed 17280K, reserved 1064960K
  class space    used 2051K, capacity 2090K, committed 2176K, reserved 1048576K
Event: 1.598 GC heap after
Heap after GC invocations=6 (full 0):
 PSYoungGen      total 66048K, used 6124K [0x00000000ec580000, 0x00000000f1080000, 0x0000000100000000)
  eden space 59904K, 0% used [0x00000000ec580000,0x00000000ec580000,0x00000000f0000000)
  from space 6144K, 99% used [0x00000000f0780000,0x00000000f0d7b248,0x00000000f0d80000)
  to   space 7680K, 0% used [0x00000000f0000000,0x00000000f0000000,0x00000000f0780000)
 ParOldGen       total 40960K, used 5894K [0x00000000c5000000, 0x00000000c7800000, 0x00000000ec580000)
  object space 40960K, 14% used [0x00000000c5000000,0x00000000c55c1940,0x00000000c7800000)
 Metaspace       used 16827K, capacity 16966K, committed 17280K, reserved 1064960K
  class space    used 2051K, capacity 2090K, committed 2176K, reserved 1048576K
}
Event: 2.327 GC heap before
{Heap before GC invocations=7 (full 0):
 PSYoungGen      total 66048K, used 66028K [0x00000000ec580000, 0x00000000f1080000, 0x0000000100000000)
  eden space 59904K, 100% used [0x00000000ec580000,0x00000000f0000000,0x00000000f0000000)
  from space 6144K, 99% used [0x00000000f0780000,0x00000000f0d7b248,0x00000000f0d80000)
  to   space 7680K, 0% used [0x00000000f0000000,0x00000000f0000000,0x00000000f0780000)
 ParOldGen       total 40960K, used 5894K [0x00000000c5000000, 0x00000000c7800000, 0x00000000ec580000)
  object space 40960K, 14% used [0x00000000c5000000,0x00000000c55c1940,0x00000000c7800000)
 Metaspace       used 20582K, capacity 20896K, committed 21120K, reserved 1067008K
  class space    used 2502K, capacity 2612K, committed 2688K, reserved 1048576K
Event: 2.339 GC heap after
Heap after GC invocations=7 (full 0):
 PSYoungGen      total 67584K, used 7678K [0x00000000ec580000, 0x00000000f1080000, 0x0000000100000000)
  eden space 59904K, 0% used [0x00000000ec580000,0x00000000ec580000,0x00000000f0000000)
  from space 7680K, 99% used [0x00000000f0000000,0x00000000f077fb70,0x00000000f0780000)
  to   space 6144K, 0% used [0x00000000f0780000,0x00000000f0780000,0x00000000f0d80000)
 ParOldGen       total 40960K, used 8452K [0x00000000c5000000, 0x00000000c7800000, 0x00000000ec580000)
  object space 40960K, 20% used [0x00000000c5000000,0x00000000c58412e8,0x00000000c7800000)
 Metaspace       used 20582K, capacity 20896K, committed 21120K, reserved 1067008K
  class space    used 2502K, capacity 2612K, committed 2688K, reserved 1048576K
}

