# JRE version: Java(TM) SE Runtime Environment (8.0_144-b01) (build 1.8.0_144-b01)
# Java VM: Java HotSpot(TM) 64-Bit Server VM (25.144-b01 mixed mode windows-amd64 compressed oops)
Heap:
 PSYoungGen      total 166400K, used 113922K [0x00000000ec580000, 0x00000000fa300000, 0x0000000100000000)
  eden space 152576K, 74% used [0x00000000ec580000,0x00000000f34c0a38,0x00000000f5a80000)
  from space 13824K, 0% used [0x00000000f5a80000,0x00000000f5a80000,0x00000000f6800000)
  to   space 17408K, 0% used [0x00000000f9200000,0x00000000f9200000,0x00000000fa300000)
 ParOldGen       total 34304K, used 25133K [0x00000000c5000000, 0x00000000c7180000, 0x00000000ec580000)
  object space 34304K, 73% used [0x00000000c5000000,0x00000000c688b650,0x00000000c7180000)
 Metaspace       used 44407K, capacity 44924K, committed 45312K, reserved 1089536K
  class space    used 5660K, capacity 5809K, committed 5888K, reserved 1048576K
GC Heap History (10 events):
Event: 3.150 GC heap before
{Heap before GC invocations=9 (full 1):
 PSYoungGen      total 129536K, used 7075K [0x00000000ec580000, 0x00000000f4f80000, 0x0000000100000000)
  eden space 119296K, 0% used [0x00000000ec580000,0x00000000ec580000,0x00000000f3a00000)
  from space 10240K, 69% used [0x00000000f4480000,0x00000000f4b68cd0,0x00000000f4e80000)
  to   space 10752K, 0% used [0x00000000f3a00000,0x00000000f3a00000,0x00000000f4480000)
 ParOldGen       total 40960K, used 9322K [0x00000000c5000000, 0x00000000c7800000, 0x00000000ec580000)
  object space 40960K, 22% used [0x00000000c5000000,0x00000000c591a8d8,0x00000000c7800000)
 Metaspace       used 20914K, capacity 21184K, committed 21296K, reserved 1069056K
  class space    used 2536K, capacity 2644K, committed 2688K, reserved 1048576K
Event: 3.200 GC heap after
Heap after GC invocations=9 (full 1):
 PSYoungGen      total 129536K, used 0K [0x00000000ec580000, 0x00000000f4f80000, 0x0000000100000000)
  eden space 119296K, 0% used [0x00000000ec580000,0x00000000ec580000,0x00000000f3a00000)
  from space 10240K, 0% used [0x00000000f4480000,0x00000000f4480000,0x00000000f4e80000)
  to   space 10752K, 0% used [0x00000000f3a00000,0x00000000f3a00000,0x00000000f4480000)
 ParOldGen       total 34304K, used 8821K [0x00000000c5000000, 0x00000000c7180000, 0x00000000ec580000)
  object space 34304K, 25% used [0x00000000c5000000,0x00000000c589d558,0x00000000c7180000)
 Metaspace       used 20914K, capacity 21184K, committed 21296K, reserved 1069056K
  class space    used 2536K, capacity 2644K, committed 2688K, reserved 1048576K
}
Event: 6.273 GC heap before
{Heap before GC invocations=10 (full 1):
 PSYoungGen      total 129536K, used 119296K [0x00000000ec580000, 0x00000000f4f80000, 0x0000000100000000)
  eden space 119296K, 100% used [0x00000000ec580000,0x00000000f3a00000,0x00000000f3a00000)
  from space 10240K, 0% used [0x00000000f4480000,0x00000000f4480000,0x00000000f4e80000)
  to   space 10752K, 0% used [0x00000000f3a00000,0x00000000f3a00000,0x00000000f4480000)
 ParOldGen       total 34304K, used 8821K [0x00000000c5000000, 0x00000000c7180000, 0x00000000ec580000)
  object space 34304K, 25% used [0x00000000c5000000,0x00000000c589d558,0x00000000c7180000)
 Metaspace       used 25065K, capacity 25470K, committed 25600K, reserved 1071104K
  class space    used 3122K, capacity 3244K, committed 3328K, reserved 1048576K
Event: 6.282 GC heap after
Heap after GC invocations=10 (full 1):
 PSYoungGen      total 130048K, used 8202K [0x00000000ec580000, 0x00000000f7480000, 0x0000000100000000)
  eden space 119296K, 0% used [0x00000000ec580000,0x00000000ec580000,0x00000000f3a00000)
  from space 10752K, 76% used [0x00000000f3a00000,0x00000000f4202b78,0x00000000f4480000)
  to   space 11264K, 0% used [0x00000000f6980000,0x00000000f6980000,0x00000000f7480000)
 ParOldGen       total 34304K, used 8829K [0x00000000c5000000, 0x00000000c7180000, 0x00000000ec580000)
  object space 34304K, 25% used [0x00000000c5000000,0x00000000c589f558,0x00000000c7180000)
 Metaspace       used 25065K, capacity 25470K, committed 25600K, reserved 1071104K
  class space    used 3122K, capacity 3244K, committed 3328K, reserved 1048576K
}
Event: 9.090 GC heap before
{Heap before GC invocations=11 (full 1):
 PSYoungGen      total 130048K, used 127498K [0x00000000ec580000, 0x00000000f7480000, 0x0000000100000000)
  eden space 119296K, 100% used [0x00000000ec580000,0x00000000f3a00000,0x00000000f3a00000)
  from space 10752K, 76% used [0x00000000f3a00000,0x00000000f4202b78,0x00000000f4480000)
  to   space 11264K, 0% used [0x00000000f6980000,0x00000000f6980000,0x00000000f7480000)
 ParOldGen       total 34304K, used 8829K [0x00000000c5000000, 0x00000000c7180000, 0x00000000ec580000)
  object space 34304K, 25% used [0x00000000c5000000,0x00000000c589f558,0x00000000c7180000)
 Metaspace       used 30029K, capacity 30488K, committed 30592K, reserved 1075200K
  class space    used 3773K, capacity 3899K, committed 3968K, reserved 1048576K
Event: 9.101 GC heap after
Heap after GC invocations=11 (full 1):
 PSYoungGen      total 163840K, used 11256K [0x00000000ec580000, 0x00000000f7580000, 0x0000000100000000)
  eden space 152576K, 0% used [0x00000000ec580000,0x00000000ec580000,0x00000000f5a80000)
  from space 11264K, 99% used [0x00000000f6980000,0x00000000f747e050,0x00000000f7480000)
  to   space 13824K, 0% used [0x00000000f5a80000,0x00000000f5a80000,0x00000000f6800000)
 ParOldGen       total 34304K, used 11258K [0x00000000c5000000, 0x00000000c7180000, 0x00000000ec580000)
  object space 34304K, 32% used [0x00000000c5000000,0x00000000c5afe9e0,0x00000000c7180000)
 Metaspace       used 30029K, capacity 30488K, committed 30592K, reserved 1075200K
  class space    used 3773K, capacity 3899K, committed 3968K, reserved 1048576K
}
Event: 11.160 GC heap before
{Heap before GC invocations=12 (full 1):
 PSYoungGen      total 163840K, used 163832K [0x00000000ec580000, 0x00000000f7580000, 0x0000000100000000)
  eden space 152576K, 100% used [0x00000000ec580000,0x00000000f5a80000,0x00000000f5a80000)
  from space 11264K, 99% used [0x00000000f6980000,0x00000000f747e050,0x00000000f7480000)
  to   space 13824K, 0% used [0x00000000f5a80000,0x00000000f5a80000,0x00000000f6800000)
 ParOldGen       total 34304K, used 11258K [0x00000000c5000000, 0x00000000c7180000, 0x00000000ec580000)
  object space 34304K, 32% used [0x00000000c5000000,0x00000000c5afe9e0,0x00000000c7180000)
 Metaspace       used 34863K, capacity 35260K, committed 35456K, reserved 1079296K
  class space    used 4472K, capacity 4609K, committed 4736K, reserved 1048576K
Event: 11.174 GC heap after
Heap after GC invocations=12 (full 1):
 PSYoungGen      total 166400K, used 13819K [0x00000000ec580000, 0x00000000fa300000, 0x0000000100000000)
  eden space 152576K, 0% used [0x00000000ec580000,0x00000000ec580000,0x00000000f5a80000)
  from space 13824K, 99% used [0x00000000f5a80000,0x00000000f67fec30,0x00000000f6800000)
  to   space 17408K, 0% used [0x00000000f9200000,0x00000000f9200000,0x00000000fa300000)
 ParOldGen       total 34304K, used 15412K [0x00000000c5000000, 0x00000000c7180000, 0x00000000ec580000)
  object space 34304K, 44% used [0x00000000c5000000,0x00000000c5f0d368,0x00000000c7180000)
 Metaspace       used 34863K, capacity 35260K, committed 35456K, reserved 1079296K
  class space    used 4472K, capacity 4609K, committed 4736K, reserved 1048576K
}
Event: 11.174 GC heap before
{Heap before GC invocations=13 (full 2):
 PSYoungGen      total 166400K, used 13819K [0x00000000ec580000, 0x00000000fa300000, 0x0000000100000000)
  eden space 152576K, 0% used [0x00000000ec580000,0x00000000ec580000,0x00000000f5a80000)
  from space 13824K, 99% used [0x00000000f5a80000,0x00000000f67fec30,0x00000000f6800000)
  to   space 17408K, 0% used [0x00000000f9200000,0x00000000f9200000,0x00000000fa300000)
 ParOldGen       total 34304K, used 15412K [0x00000000c5000000, 0x00000000c7180000, 0x00000000ec580000)
  object space 34304K, 44% used [0x00000000c5000000,0x00000000c5f0d368,0x00000000c7180000)
 Metaspace       used 34863K, capacity 35260K, committed 35456K, reserved 1079296K
  class space    used 4472K, capacity 4609K, committed 4736K, reserved 1048576K
Event: 11.290 GC heap after
Heap after GC invocations=13 (full 2):
 PSYoungGen      total 166400K, used 0K [0x00000000ec580000, 0x00000000fa300000, 0x0000000100000000)
  eden space 152576K, 0% used [0x00000000ec580000,0x00000000ec580000,0x00000000f5a80000)
  from space 13824K, 0% used [0x00000000f5a80000,0x00000000f5a80000,0x00000000f6800000)
  to   space 17408K, 0% used [0x00000000f9200000,0x00000000f9200000,0x00000000fa300000)
 ParOldGen       total 34304K, used 25133K [0x00000000c5000000, 0x00000000c7180000, 0x00000000ec580000)
  object space 34304K, 73% used [0x00000000c5000000,0x00000000c688b650,0x00000000c7180000)
 Metaspace       used 34863K, capacity 35260K, committed 35456K, reserved 1079296K
  class space    used 4472K, capacity 4609K, committed 4736K, reserved 1048576K
}

