# JRE version: Java(TM) SE Runtime Environment (8.0_144-b01) (build 1.8.0_144-b01)
# Java VM: Java HotSpot(TM) 64-Bit Server VM (25.144-b01 mixed mode windows-amd64 compressed oops)
Heap:
 PSYoungGen      total 130560K, used 61356K [0x00000000ec580000, 0x00000000f8300000, 0x0000000100000000)
  eden space 116736K, 52% used [0x00000000ec580000,0x00000000f016b1d8,0x00000000f3780000)
  from space 13824K, 0% used [0x00000000f3780000,0x00000000f3780000,0x00000000f4500000)
  to   space 13824K, 0% used [0x00000000f7580000,0x00000000f7580000,0x00000000f8300000)
 ParOldGen       total 36352K, used 20760K [0x00000000c5000000, 0x00000000c7380000, 0x00000000ec580000)
  object space 36352K, 57% used [0x00000000c5000000,0x00000000c6446268,0x00000000c7380000)
 Metaspace       used 41984K, capacity 42356K, committed 42624K, reserved 1087488K
  class space    used 5400K, capacity 5493K, committed 5504K, reserved 1048576K
GC Heap History (10 events):
Event: 1.906 GC heap before
{Heap before GC invocations=9 (full 1):
 PSYoungGen      total 68608K, used 60928K [0x00000000ec580000, 0x00000000f4c80000, 0x0000000100000000)
  eden space 60928K, 100% used [0x00000000ec580000,0x00000000f0100000,0x00000000f0100000)
  from space 7680K, 0% used [0x00000000f0100000,0x00000000f0100000,0x00000000f0880000)
  to   space 8192K, 0% used [0x00000000f4480000,0x00000000f4480000,0x00000000f4c80000)
 ParOldGen       total 36352K, used 9583K [0x00000000c5000000, 0x00000000c7380000, 0x00000000ec580000)
  object space 36352K, 26% used [0x00000000c5000000,0x00000000c595bdf0,0x00000000c7380000)
 Metaspace       used 24136K, capacity 24490K, committed 24704K, reserved 1071104K
  class space    used 3007K, capacity 3102K, committed 3200K, reserved 1048576K
Event: 1.914 GC heap after
Heap after GC invocations=9 (full 1):
 PSYoungGen      total 98816K, used 6398K [0x00000000ec580000, 0x00000000f4b00000, 0x0000000100000000)
  eden space 92160K, 0% used [0x00000000ec580000,0x00000000ec580000,0x00000000f1f80000)
  from space 6656K, 96% used [0x00000000f4480000,0x00000000f4abfaa8,0x00000000f4b00000)
  to   space 8192K, 0% used [0x00000000f3b00000,0x00000000f3b00000,0x00000000f4300000)
 ParOldGen       total 36352K, used 9591K [0x00000000c5000000, 0x00000000c7380000, 0x00000000ec580000)
  object space 36352K, 26% used [0x00000000c5000000,0x00000000c595ddf0,0x00000000c7380000)
 Metaspace       used 24136K, capacity 24490K, committed 24704K, reserved 1071104K
  class space    used 3007K, capacity 3102K, committed 3200K, reserved 1048576K
}
Event: 2.789 GC heap before
{Heap before GC invocations=10 (full 1):
 PSYoungGen      total 98816K, used 98558K [0x00000000ec580000, 0x00000000f4b00000, 0x0000000100000000)
  eden space 92160K, 100% used [0x00000000ec580000,0x00000000f1f80000,0x00000000f1f80000)
  from space 6656K, 96% used [0x00000000f4480000,0x00000000f4abfaa8,0x00000000f4b00000)
  to   space 8192K, 0% used [0x00000000f3b00000,0x00000000f3b00000,0x00000000f4300000)
 ParOldGen       total 36352K, used 9591K [0x00000000c5000000, 0x00000000c7380000, 0x00000000ec580000)
  object space 36352K, 26% used [0x00000000c5000000,0x00000000c595ddf0,0x00000000c7380000)
 Metaspace       used 29663K, capacity 30110K, committed 30336K, reserved 1075200K
  class space    used 3721K, capacity 3852K, committed 3968K, reserved 1048576K
Event: 2.806 GC heap after
Heap after GC invocations=10 (full 1):
 PSYoungGen      total 127488K, used 8183K [0x00000000ec580000, 0x00000000f5000000, 0x0000000100000000)
  eden space 119296K, 0% used [0x00000000ec580000,0x00000000ec580000,0x00000000f3a00000)
  from space 8192K, 99% used [0x00000000f3b00000,0x00000000f42fdf00,0x00000000f4300000)
  to   space 11264K, 0% used [0x00000000f4500000,0x00000000f4500000,0x00000000f5000000)
 ParOldGen       total 36352K, used 14360K [0x00000000c5000000, 0x00000000c7380000, 0x00000000ec580000)
  object space 36352K, 39% used [0x00000000c5000000,0x00000000c5e063d8,0x00000000c7380000)
 Metaspace       used 29663K, capacity 30110K, committed 30336K, reserved 1075200K
  class space    used 3721K, capacity 3852K, committed 3968K, reserved 1048576K
}
Event: 3.997 GC heap before
{Heap before GC invocations=11 (full 1):
 PSYoungGen      total 127488K, used 127479K [0x00000000ec580000, 0x00000000f5000000, 0x0000000100000000)
  eden space 119296K, 100% used [0x00000000ec580000,0x00000000f3a00000,0x00000000f3a00000)
  from space 8192K, 99% used [0x00000000f3b00000,0x00000000f42fdf00,0x00000000f4300000)
  to   space 11264K, 0% used [0x00000000f4500000,0x00000000f4500000,0x00000000f5000000)
 ParOldGen       total 36352K, used 14360K [0x00000000c5000000, 0x00000000c7380000, 0x00000000ec580000)
  object space 36352K, 39% used [0x00000000c5000000,0x00000000c5e063d8,0x00000000c7380000)
 Metaspace       used 34208K, capacity 34562K, committed 34816K, reserved 1079296K
  class space    used 4399K, capacity 4498K, committed 4608K, reserved 1048576K
Event: 4.010 GC heap after
Heap after GC invocations=11 (full 1):
 PSYoungGen      total 128000K, used 11255K [0x00000000ec580000, 0x00000000f7480000, 0x0000000100000000)
  eden space 116736K, 0% used [0x00000000ec580000,0x00000000ec580000,0x00000000f3780000)
  from space 11264K, 99% used [0x00000000f4500000,0x00000000f4ffdee0,0x00000000f5000000)
  to   space 13824K, 0% used [0x00000000f3780000,0x00000000f3780000,0x00000000f4500000)
 ParOldGen       total 36352K, used 18197K [0x00000000c5000000, 0x00000000c7380000, 0x00000000ec580000)
  object space 36352K, 50% used [0x00000000c5000000,0x00000000c61c56f0,0x00000000c7380000)
 Metaspace       used 34208K, capacity 34562K, committed 34816K, reserved 1079296K
  class space    used 4399K, capacity 4498K, committed 4608K, reserved 1048576K
}
Event: 4.051 GC heap before
{Heap before GC invocations=12 (full 1):
 PSYoungGen      total 128000K, used 19031K [0x00000000ec580000, 0x00000000f7480000, 0x0000000100000000)
  eden space 116736K, 6% used [0x00000000ec580000,0x00000000ecd18070,0x00000000f3780000)
  from space 11264K, 99% used [0x00000000f4500000,0x00000000f4ffdee0,0x00000000f5000000)
  to   space 13824K, 0% used [0x00000000f3780000,0x00000000f3780000,0x00000000f4500000)
 ParOldGen       total 36352K, used 18197K [0x00000000c5000000, 0x00000000c7380000, 0x00000000ec580000)
  object space 36352K, 50% used [0x00000000c5000000,0x00000000c61c56f0,0x00000000c7380000)
 Metaspace       used 34840K, capacity 35202K, committed 35456K, reserved 1079296K
  class space    used 4525K, capacity 4626K, committed 4736K, reserved 1048576K
Event: 4.060 GC heap after
Heap after GC invocations=12 (full 1):
 PSYoungGen      total 130560K, used 3902K [0x00000000ec580000, 0x00000000f8300000, 0x0000000100000000)
  eden space 116736K, 0% used [0x00000000ec580000,0x00000000ec580000,0x00000000f3780000)
  from space 13824K, 28% used [0x00000000f3780000,0x00000000f3b4f8b8,0x00000000f4500000)
  to   space 13824K, 0% used [0x00000000f7580000,0x00000000f7580000,0x00000000f8300000)
 ParOldGen       total 36352K, used 26227K [0x00000000c5000000, 0x00000000c7380000, 0x00000000ec580000)
  object space 36352K, 72% used [0x00000000c5000000,0x00000000c699ce60,0x00000000c7380000)
 Metaspace       used 34840K, capacity 35202K, committed 35456K, reserved 1079296K
  class space    used 4525K, capacity 4626K, committed 4736K, reserved 1048576K
}
Event: 4.060 GC heap before
{Heap before GC invocations=13 (full 2):
 PSYoungGen      total 130560K, used 3902K [0x00000000ec580000, 0x00000000f8300000, 0x0000000100000000)
  eden space 116736K, 0% used [0x00000000ec580000,0x00000000ec580000,0x00000000f3780000)
  from space 13824K, 28% used [0x00000000f3780000,0x00000000f3b4f8b8,0x00000000f4500000)
  to   space 13824K, 0% used [0x00000000f7580000,0x00000000f7580000,0x00000000f8300000)
 ParOldGen       total 36352K, used 26227K [0x00000000c5000000, 0x00000000c7380000, 0x00000000ec580000)
  object space 36352K, 72% used [0x00000000c5000000,0x00000000c699ce60,0x00000000c7380000)
 Metaspace       used 34840K, capacity 35202K, committed 35456K, reserved 1079296K
  class space    used 4525K, capacity 4626K, committed 4736K, reserved 1048576K
Event: 4.119 GC heap after
Heap after GC invocations=13 (full 2):
 PSYoungGen      total 130560K, used 0K [0x00000000ec580000, 0x00000000f8300000, 0x0000000100000000)
  eden space 116736K, 0% used [0x00000000ec580000,0x00000000ec580000,0x00000000f3780000)
  from space 13824K, 0% used [0x00000000f3780000,0x00000000f3780000,0x00000000f4500000)
  to   space 13824K, 0% used [0x00000000f7580000,0x00000000f7580000,0x00000000f8300000)
 ParOldGen       total 36352K, used 20760K [0x00000000c5000000, 0x00000000c7380000, 0x00000000ec580000)
  object space 36352K, 57% used [0x00000000c5000000,0x00000000c6446268,0x00000000c7380000)
 Metaspace       used 34840K, capacity 35202K, committed 35456K, reserved 1079296K
  class space    used 4525K, capacity 4626K, committed 4736K, reserved 1048576K
}

