# JRE version: Java(TM) SE Runtime Environment (8.0_144-b01) (build 1.8.0_144-b01)
# Java VM: Java HotSpot(TM) 64-Bit Server VM (25.144-b01 mixed mode windows-amd64 compressed oops)
Heap:
 PSYoungGen      total 256512K, used 34351K [0x00000000ec580000, 0x00000000ffb80000, 0x0000000100000000)
  eden space 235008K, 14% used [0x00000000ec580000,0x00000000ee70bff8,0x00000000fab00000)
  from space 21504K, 0% used [0x00000000fab00000,0x00000000fab00000,0x00000000fc000000)
  to   space 23552K, 0% used [0x00000000fe480000,0x00000000fe480000,0x00000000ffb80000)
 ParOldGen       total 102400K, used 45367K [0x00000000c5000000, 0x00000000cb400000, 0x00000000ec580000)
  object space 102400K, 44% used [0x00000000c5000000,0x00000000c7c4dfc8,0x00000000cb400000)
 Metaspace       used 59856K, capacity 61008K, committed 61312K, reserved 1103872K
  class space    used 7545K, capacity 7749K, committed 7808K, reserved 1048576K
GC Heap History (10 events):
Event: 14.573 GC heap before
{Heap before GC invocations=14 (full 2):
 PSYoungGen      total 174080K, used 160256K [0x00000000ec580000, 0x00000000faf80000, 0x0000000100000000)
  eden space 160256K, 100% used [0x00000000ec580000,0x00000000f6200000,0x00000000f6200000)
  from space 13824K, 0% used [0x00000000f6200000,0x00000000f6200000,0x00000000f6f80000)
  to   space 13312K, 0% used [0x00000000fa280000,0x00000000fa280000,0x00000000faf80000)
 ParOldGen       total 65536K, used 24764K [0x00000000c5000000, 0x00000000c9000000, 0x00000000ec580000)
  object space 65536K, 37% used [0x00000000c5000000,0x00000000c682f2f8,0x00000000c9000000)
 Metaspace       used 45365K, capacity 45914K, committed 46208K, reserved 1089536K
  class space    used 5789K, capacity 5942K, committed 6016K, reserved 1048576K
Event: 14.596 GC heap after
Heap after GC invocations=14 (full 2):
 PSYoungGen      total 209920K, used 13290K [0x00000000ec580000, 0x00000000faf80000, 0x0000000100000000)
  eden space 196608K, 0% used [0x00000000ec580000,0x00000000ec580000,0x00000000f8580000)
  from space 13312K, 99% used [0x00000000fa280000,0x00000000faf7a9c8,0x00000000faf80000)
  to   space 16896K, 0% used [0x00000000f8e80000,0x00000000f8e80000,0x00000000f9f00000)
 ParOldGen       total 65536K, used 28760K [0x00000000c5000000, 0x00000000c9000000, 0x00000000ec580000)
  object space 65536K, 43% used [0x00000000c5000000,0x00000000c6c160e8,0x00000000c9000000)
 Metaspace       used 45365K, capacity 45914K, committed 46208K, reserved 1089536K
  class space    used 5789K, capacity 5942K, committed 6016K, reserved 1048576K
}
Event: 17.694 GC heap before
{Heap before GC invocations=15 (full 2):
 PSYoungGen      total 209920K, used 209898K [0x00000000ec580000, 0x00000000faf80000, 0x0000000100000000)
  eden space 196608K, 100% used [0x00000000ec580000,0x00000000f8580000,0x00000000f8580000)
  from space 13312K, 99% used [0x00000000fa280000,0x00000000faf7a9c8,0x00000000faf80000)
  to   space 16896K, 0% used [0x00000000f8e80000,0x00000000f8e80000,0x00000000f9f00000)
 ParOldGen       total 65536K, used 28760K [0x00000000c5000000, 0x00000000c9000000, 0x00000000ec580000)
  object space 65536K, 43% used [0x00000000c5000000,0x00000000c6c160e8,0x00000000c9000000)
 Metaspace       used 51707K, capacity 52396K, committed 52608K, reserved 1095680K
  class space    used 6561K, capacity 6713K, committed 6784K, reserved 1048576K
Event: 17.723 GC heap after
Heap after GC invocations=15 (full 2):
 PSYoungGen      total 222720K, used 15343K [0x00000000ec580000, 0x00000000fd280000, 0x0000000100000000)
  eden space 205824K, 0% used [0x00000000ec580000,0x00000000ec580000,0x00000000f8e80000)
  from space 16896K, 90% used [0x00000000f8e80000,0x00000000f9d7bd08,0x00000000f9f00000)
  to   space 18944K, 0% used [0x00000000fc000000,0x00000000fc000000,0x00000000fd280000)
 ParOldGen       total 65536K, used 39263K [0x00000000c5000000, 0x00000000c9000000, 0x00000000ec580000)
  object space 65536K, 59% used [0x00000000c5000000,0x00000000c7657cc8,0x00000000c9000000)
 Metaspace       used 51707K, capacity 52396K, committed 52608K, reserved 1095680K
  class space    used 6561K, capacity 6713K, committed 6784K, reserved 1048576K
}
Event: 41.067 GC heap before
{Heap before GC invocations=16 (full 2):
 PSYoungGen      total 222720K, used 221167K [0x00000000ec580000, 0x00000000fd280000, 0x0000000100000000)
  eden space 205824K, 100% used [0x00000000ec580000,0x00000000f8e80000,0x00000000f8e80000)
  from space 16896K, 90% used [0x00000000f8e80000,0x00000000f9d7bd08,0x00000000f9f00000)
  to   space 18944K, 0% used [0x00000000fc000000,0x00000000fc000000,0x00000000fd280000)
 ParOldGen       total 65536K, used 39263K [0x00000000c5000000, 0x00000000c9000000, 0x00000000ec580000)
  object space 65536K, 59% used [0x00000000c5000000,0x00000000c7657cc8,0x00000000c9000000)
 Metaspace       used 56739K, capacity 57542K, committed 57856K, reserved 1099776K
  class space    used 7143K, capacity 7326K, committed 7424K, reserved 1048576K
Event: 41.114 GC heap after
Heap after GC invocations=16 (full 2):
 PSYoungGen      total 253952K, used 18549K [0x00000000ec580000, 0x00000000fdc00000, 0x0000000100000000)
  eden space 235008K, 0% used [0x00000000ec580000,0x00000000ec580000,0x00000000fab00000)
  from space 18944K, 97% used [0x00000000fc000000,0x00000000fd21d7c8,0x00000000fd280000)
  to   space 21504K, 0% used [0x00000000fab00000,0x00000000fab00000,0x00000000fc000000)
 ParOldGen       total 65536K, used 39271K [0x00000000c5000000, 0x00000000c9000000, 0x00000000ec580000)
  object space 65536K, 59% used [0x00000000c5000000,0x00000000c7659cc8,0x00000000c9000000)
 Metaspace       used 56739K, capacity 57542K, committed 57856K, reserved 1099776K
  class space    used 7143K, capacity 7326K, committed 7424K, reserved 1048576K
}
Event: 53.168 GC heap before
{Heap before GC invocations=17 (full 2):
 PSYoungGen      total 253952K, used 62137K [0x00000000ec580000, 0x00000000fdc00000, 0x0000000100000000)
  eden space 235008K, 18% used [0x00000000ec580000,0x00000000ef010f70,0x00000000fab00000)
  from space 18944K, 97% used [0x00000000fc000000,0x00000000fd21d7c8,0x00000000fd280000)
  to   space 21504K, 0% used [0x00000000fab00000,0x00000000fab00000,0x00000000fc000000)
 ParOldGen       total 65536K, used 39271K [0x00000000c5000000, 0x00000000c9000000, 0x00000000ec580000)
  object space 65536K, 59% used [0x00000000c5000000,0x00000000c7659cc8,0x00000000c9000000)
 Metaspace       used 58298K, capacity 59024K, committed 59160K, reserved 1101824K
  class space    used 7332K, capacity 7493K, committed 7552K, reserved 1048576K
Event: 53.204 GC heap after
Heap after GC invocations=17 (full 2):
 PSYoungGen      total 256512K, used 18405K [0x00000000ec580000, 0x00000000ffb80000, 0x0000000100000000)
  eden space 235008K, 0% used [0x00000000ec580000,0x00000000ec580000,0x00000000fab00000)
  from space 21504K, 85% used [0x00000000fab00000,0x00000000fbcf9650,0x00000000fc000000)
  to   space 23552K, 0% used [0x00000000fe480000,0x00000000fe480000,0x00000000ffb80000)
 ParOldGen       total 65536K, used 39279K [0x00000000c5000000, 0x00000000c9000000, 0x00000000ec580000)
  object space 65536K, 59% used [0x00000000c5000000,0x00000000c765bcc8,0x00000000c9000000)
 Metaspace       used 58298K, capacity 59024K, committed 59160K, reserved 1101824K
  class space    used 7332K, capacity 7493K, committed 7552K, reserved 1048576K
}
Event: 53.204 GC heap before
{Heap before GC invocations=18 (full 3):
 PSYoungGen      total 256512K, used 18405K [0x00000000ec580000, 0x00000000ffb80000, 0x0000000100000000)
  eden space 235008K, 0% used [0x00000000ec580000,0x00000000ec580000,0x00000000fab00000)
  from space 21504K, 85% used [0x00000000fab00000,0x00000000fbcf9650,0x00000000fc000000)
  to   space 23552K, 0% used [0x00000000fe480000,0x00000000fe480000,0x00000000ffb80000)
 ParOldGen       total 65536K, used 39279K [0x00000000c5000000, 0x00000000c9000000, 0x00000000ec580000)
  object space 65536K, 59% used [0x00000000c5000000,0x00000000c765bcc8,0x00000000c9000000)
 Metaspace       used 58298K, capacity 59024K, committed 59160K, reserved 1101824K
  class space    used 7332K, capacity 7493K, committed 7552K, reserved 1048576K
Event: 53.456 GC heap after
Heap after GC invocations=18 (full 3):
 PSYoungGen      total 256512K, used 0K [0x00000000ec580000, 0x00000000ffb80000, 0x0000000100000000)
  eden space 235008K, 0% used [0x00000000ec580000,0x00000000ec580000,0x00000000fab00000)
  from space 21504K, 0% used [0x00000000fab00000,0x00000000fab00000,0x00000000fc000000)
  to   space 23552K, 0% used [0x00000000fe480000,0x00000000fe480000,0x00000000ffb80000)
 ParOldGen       total 102400K, used 45367K [0x00000000c5000000, 0x00000000cb400000, 0x00000000ec580000)
  object space 102400K, 44% used [0x00000000c5000000,0x00000000c7c4dfc8,0x00000000cb400000)
 Metaspace       used 58279K, capacity 58994K, committed 59160K, reserved 1101824K
  class space    used 7330K, capacity 7488K, committed 7552K, reserved 1048576K
}

