# JRE version: Java(TM) SE Runtime Environment (8.0_144-b01) (build 1.8.0_144-b01)
# Java VM: Java HotSpot(TM) 64-Bit Server VM (25.144-b01 mixed mode windows-amd64 compressed oops)
Heap:
 PSYoungGen      total 136704K, used 71572K [0x00000000ec580000, 0x00000000f7d80000, 0x0000000100000000)
  eden space 122368K, 46% used [0x00000000ec580000,0x00000000efd695f0,0x00000000f3d00000)
  from space 14336K, 99% used [0x00000000f3d00000,0x00000000f4afbdd0,0x00000000f4b00000)
  to   space 16384K, 0% used [0x00000000f6d80000,0x00000000f6d80000,0x00000000f7d80000)
 ParOldGen       total 62464K, used 24918K [0x00000000c5000000, 0x00000000c8d00000, 0x00000000ec580000)
  object space 62464K, 39% used [0x00000000c5000000,0x00000000c6855958,0x00000000c8d00000)
 Metaspace       used 47824K, capacity 48320K, committed 48640K, reserved 1091584K
  class space    used 6201K, capacity 6331K, committed 6400K, reserved 1048576K
GC Heap History (10 events):
Event: 2.307 GC heap before
{Heap before GC invocations=9 (full 1):
 PSYoungGen      total 68608K, used 60928K [0x00000000ec580000, 0x00000000f4b80000, 0x0000000100000000)
  eden space 60928K, 100% used [0x00000000ec580000,0x00000000f0100000,0x00000000f0100000)
  from space 7680K, 0% used [0x00000000f0100000,0x00000000f0100000,0x00000000f0880000)
  to   space 7680K, 0% used [0x00000000f4400000,0x00000000f4400000,0x00000000f4b80000)
 ParOldGen       total 35328K, used 9226K [0x00000000c5000000, 0x00000000c7280000, 0x00000000ec580000)
  object space 35328K, 26% used [0x00000000c5000000,0x00000000c5902978,0x00000000c7280000)
 Metaspace       used 24304K, capacity 24664K, committed 24960K, reserved 1071104K
  class space    used 3014K, capacity 3135K, committed 3200K, reserved 1048576K
Event: 2.314 GC heap after
Heap after GC invocations=9 (full 1):
 PSYoungGen      total 101888K, used 6364K [0x00000000ec580000, 0x00000000f4a80000, 0x0000000100000000)
  eden space 95232K, 0% used [0x00000000ec580000,0x00000000ec580000,0x00000000f2280000)
  from space 6656K, 95% used [0x00000000f4400000,0x00000000f4a37250,0x00000000f4a80000)
  to   space 8192K, 0% used [0x00000000f3a80000,0x00000000f3a80000,0x00000000f4280000)
 ParOldGen       total 35328K, used 9234K [0x00000000c5000000, 0x00000000c7280000, 0x00000000ec580000)
  object space 35328K, 26% used [0x00000000c5000000,0x00000000c5904978,0x00000000c7280000)
 Metaspace       used 24304K, capacity 24664K, committed 24960K, reserved 1071104K
  class space    used 3014K, capacity 3135K, committed 3200K, reserved 1048576K
}
Event: 3.223 GC heap before
{Heap before GC invocations=10 (full 1):
 PSYoungGen      total 101888K, used 101555K [0x00000000ec580000, 0x00000000f4a80000, 0x0000000100000000)
  eden space 95232K, 99% used [0x00000000ec580000,0x00000000f2275ce8,0x00000000f2280000)
  from space 6656K, 95% used [0x00000000f4400000,0x00000000f4a37250,0x00000000f4a80000)
  to   space 8192K, 0% used [0x00000000f3a80000,0x00000000f3a80000,0x00000000f4280000)
 ParOldGen       total 35328K, used 9234K [0x00000000c5000000, 0x00000000c7280000, 0x00000000ec580000)
  object space 35328K, 26% used [0x00000000c5000000,0x00000000c5904978,0x00000000c7280000)
 Metaspace       used 29629K, capacity 30022K, committed 30208K, reserved 1075200K
  class space    used 3711K, capacity 3820K, committed 3840K, reserved 1048576K
Event: 3.237 GC heap after
Heap after GC invocations=10 (full 1):
 PSYoungGen      total 128000K, used 8188K [0x00000000ec580000, 0x00000000f5580000, 0x0000000100000000)
  eden space 119808K, 0% used [0x00000000ec580000,0x00000000ec580000,0x00000000f3a80000)
  from space 8192K, 99% used [0x00000000f3a80000,0x00000000f427f238,0x00000000f4280000)
  to   space 10752K, 0% used [0x00000000f4b00000,0x00000000f4b00000,0x00000000f5580000)
 ParOldGen       total 35328K, used 13873K [0x00000000c5000000, 0x00000000c7280000, 0x00000000ec580000)
  object space 35328K, 39% used [0x00000000c5000000,0x00000000c5d8c7a0,0x00000000c7280000)
 Metaspace       used 29629K, capacity 30022K, committed 30208K, reserved 1075200K
  class space    used 3711K, capacity 3820K, committed 3840K, reserved 1048576K
}
Event: 4.033 GC heap before
{Heap before GC invocations=11 (full 1):
 PSYoungGen      total 128000K, used 123849K [0x00000000ec580000, 0x00000000f5580000, 0x0000000100000000)
  eden space 119808K, 96% used [0x00000000ec580000,0x00000000f3673248,0x00000000f3a80000)
  from space 8192K, 99% used [0x00000000f3a80000,0x00000000f427f238,0x00000000f4280000)
  to   space 10752K, 0% used [0x00000000f4b00000,0x00000000f4b00000,0x00000000f5580000)
 ParOldGen       total 35328K, used 13873K [0x00000000c5000000, 0x00000000c7280000, 0x00000000ec580000)
  object space 35328K, 39% used [0x00000000c5000000,0x00000000c5d8c7a0,0x00000000c7280000)
 Metaspace       used 34824K, capacity 35210K, committed 35456K, reserved 1079296K
  class space    used 4517K, capacity 4626K, committed 4736K, reserved 1048576K
Event: 4.045 GC heap after
Heap after GC invocations=11 (full 1):
 PSYoungGen      total 133120K, used 10731K [0x00000000ec580000, 0x00000000f7a80000, 0x0000000100000000)
  eden space 122368K, 0% used [0x00000000ec580000,0x00000000ec580000,0x00000000f3d00000)
  from space 10752K, 99% used [0x00000000f4b00000,0x00000000f557acf0,0x00000000f5580000)
  to   space 14336K, 0% used [0x00000000f3d00000,0x00000000f3d00000,0x00000000f4b00000)
 ParOldGen       total 35328K, used 18840K [0x00000000c5000000, 0x00000000c7280000, 0x00000000ec580000)
  object space 35328K, 53% used [0x00000000c5000000,0x00000000c6266258,0x00000000c7280000)
 Metaspace       used 34824K, capacity 35210K, committed 35456K, reserved 1079296K
  class space    used 4517K, capacity 4626K, committed 4736K, reserved 1048576K
}
Event: 4.045 GC heap before
{Heap before GC invocations=12 (full 2):
 PSYoungGen      total 133120K, used 10731K [0x00000000ec580000, 0x00000000f7a80000, 0x0000000100000000)
  eden space 122368K, 0% used [0x00000000ec580000,0x00000000ec580000,0x00000000f3d00000)
  from space 10752K, 99% used [0x00000000f4b00000,0x00000000f557acf0,0x00000000f5580000)
  to   space 14336K, 0% used [0x00000000f3d00000,0x00000000f3d00000,0x00000000f4b00000)
 ParOldGen       total 35328K, used 18840K [0x00000000c5000000, 0x00000000c7280000, 0x00000000ec580000)
  object space 35328K, 53% used [0x00000000c5000000,0x00000000c6266258,0x00000000c7280000)
 Metaspace       used 34824K, capacity 35210K, committed 35456K, reserved 1079296K
  class space    used 4517K, capacity 4626K, committed 4736K, reserved 1048576K
Event: 4.097 GC heap after
Heap after GC invocations=12 (full 2):
 PSYoungGen      total 133120K, used 0K [0x00000000ec580000, 0x00000000f7a80000, 0x0000000100000000)
  eden space 122368K, 0% used [0x00000000ec580000,0x00000000ec580000,0x00000000f3d00000)
  from space 10752K, 0% used [0x00000000f4b00000,0x00000000f4b00000,0x00000000f5580000)
  to   space 14336K, 0% used [0x00000000f3d00000,0x00000000f3d00000,0x00000000f4b00000)
 ParOldGen       total 62464K, used 24026K [0x00000000c5000000, 0x00000000c8d00000, 0x00000000ec580000)
  object space 62464K, 38% used [0x00000000c5000000,0x00000000c6776ba0,0x00000000c8d00000)
 Metaspace       used 34824K, capacity 35210K, committed 35456K, reserved 1079296K
  class space    used 4517K, capacity 4626K, committed 4736K, reserved 1048576K
}
Event: 7.303 GC heap before
{Heap before GC invocations=13 (full 2):
 PSYoungGen      total 133120K, used 122368K [0x00000000ec580000, 0x00000000f7a80000, 0x0000000100000000)
  eden space 122368K, 100% used [0x00000000ec580000,0x00000000f3d00000,0x00000000f3d00000)
  from space 10752K, 0% used [0x00000000f4b00000,0x00000000f4b00000,0x00000000f5580000)
  to   space 14336K, 0% used [0x00000000f3d00000,0x00000000f3d00000,0x00000000f4b00000)
 ParOldGen       total 62464K, used 24026K [0x00000000c5000000, 0x00000000c8d00000, 0x00000000ec580000)
  object space 62464K, 38% used [0x00000000c5000000,0x00000000c6776ba0,0x00000000c8d00000)
 Metaspace       used 46467K, capacity 46952K, committed 47488K, reserved 1091584K
  class space    used 6014K, capacity 6151K, committed 6272K, reserved 1048576K
Event: 7.316 GC heap after
Heap after GC invocations=13 (full 2):
 PSYoungGen      total 136704K, used 14319K [0x00000000ec580000, 0x00000000f7d80000, 0x0000000100000000)
  eden space 122368K, 0% used [0x00000000ec580000,0x00000000ec580000,0x00000000f3d00000)
  from space 14336K, 99% used [0x00000000f3d00000,0x00000000f4afbdd0,0x00000000f4b00000)
  to   space 16384K, 0% used [0x00000000f6d80000,0x00000000f6d80000,0x00000000f7d80000)
 ParOldGen       total 62464K, used 24918K [0x00000000c5000000, 0x00000000c8d00000, 0x00000000ec580000)
  object space 62464K, 39% used [0x00000000c5000000,0x00000000c6855958,0x00000000c8d00000)
 Metaspace       used 46467K, capacity 46952K, committed 47488K, reserved 1091584K
  class space    used 6014K, capacity 6151K, committed 6272K, reserved 1048576K
}

